{"/home/shawnstorie/sprkz-ng/sprkz-pdf-forms/src/App.tsx": {"path":"/home/shawnstorie/sprkz-ng/sprkz-pdf-forms/src/App.tsx","statementMap":{"0":{"start":{"line":14,"column":38},"end":{"line":31,"column":1}},"1":{"start":{"line":15,"column":2},"end":{"line":29,"column":9}},"2":{"start":{"line":16,"column":4},"end":{"line":28,"column":5}},"3":{"start":{"line":17,"column":21},"end":{"line":17,"column":53}},"4":{"start":{"line":18,"column":6},"end":{"line":18,"column":45}},"5":{"start":{"line":19,"column":6},"end":{"line":19,"column":165}},"6":{"start":{"line":20,"column":6},"end":{"line":20,"column":76}},"7":{"start":{"line":20,"column":31},"end":{"line":20,"column":73}},"8":{"start":{"line":21,"column":6},"end":{"line":21,"column":40}},"9":{"start":{"line":23,"column":6},"end":{"line":27,"column":8}},"10":{"start":{"line":24,"column":8},"end":{"line":26,"column":9}},"11":{"start":{"line":25,"column":10},"end":{"line":25,"column":44}},"12":{"start":{"line":30,"column":2},"end":{"line":30,"column":14}},"13":{"start":{"line":34,"column":2},"end":{"line":88,"column":4}},"14":{"start":{"line":37,"column":8},"end":{"line":55,"column":20}},"15":{"start":{"line":58,"column":8},"end":{"line":58,"column":58}},"16":{"start":{"line":59,"column":8},"end":{"line":59,"column":56}}},"fnMap":{"0":{"name":"(anonymous_0)","decl":{"start":{"line":14,"column":38},"end":{"line":14,"column":39}},"loc":{"start":{"line":14,"column":44},"end":{"line":31,"column":1}},"line":14},"1":{"name":"(anonymous_1)","decl":{"start":{"line":15,"column":18},"end":{"line":15,"column":19}},"loc":{"start":{"line":15,"column":24},"end":{"line":29,"column":3}},"line":15},"2":{"name":"(anonymous_2)","decl":{"start":{"line":20,"column":23},"end":{"line":20,"column":24}},"loc":{"start":{"line":20,"column":29},"end":{"line":20,"column":75}},"line":20},"3":{"name":"(anonymous_3)","decl":{"start":{"line":23,"column":13},"end":{"line":23,"column":14}},"loc":{"start":{"line":23,"column":19},"end":{"line":27,"column":7}},"line":23},"4":{"name":"App","decl":{"start":{"line":33,"column":9},"end":{"line":33,"column":12}},"loc":{"start":{"line":33,"column":15},"end":{"line":89,"column":1}},"line":33},"5":{"name":"(anonymous_5)","decl":{"start":{"line":36,"column":16},"end":{"line":36,"column":17}},"loc":{"start":{"line":37,"column":8},"end":{"line":55,"column":20}},"line":37},"6":{"name":"(anonymous_6)","decl":{"start":{"line":57,"column":21},"end":{"line":57,"column":22}},"loc":{"start":{"line":57,"column":50},"end":{"line":60,"column":7}},"line":57}},"branchMap":{"0":{"loc":{"start":{"line":16,"column":4},"end":{"line":28,"column":5}},"type":"if","locations":[{"start":{"line":16,"column":4},"end":{"line":28,"column":5}},{"start":{},"end":{}}],"line":16},"1":{"loc":{"start":{"line":24,"column":8},"end":{"line":26,"column":9}},"type":"if","locations":[{"start":{"line":24,"column":8},"end":{"line":26,"column":9}},{"start":{},"end":{}}],"line":24},"2":{"loc":{"start":{"line":68,"column":25},"end":{"line":68,"column":90}},"type":"binary-expr","locations":[{"start":{"line":68,"column":25},"end":{"line":68,"column":66}},{"start":{"line":68,"column":70},"end":{"line":68,"column":90}}],"line":68},"3":{"loc":{"start":{"line":80,"column":15},"end":{"line":82,"column":15}},"type":"binary-expr","locations":[{"start":{"line":80,"column":15},"end":{"line":80,"column":53}},{"start":{"line":81,"column":16},"end":{"line":81,"column":60}}],"line":80}},"s":{"0":1,"1":0,"2":0,"3":0,"4":0,"5":0,"6":0,"7":0,"8":0,"9":0,"10":0,"11":0,"12":0,"13":7,"14":3,"15":3,"16":3},"f":{"0":0,"1":0,"2":0,"3":0,"4":7,"5":3,"6":3},"b":{"0":[0,0],"1":[0,0],"2":[7,7],"3":[7,0]},"_coverageSchema":"1a1c01bbd47fc00a2c39e90264f33305004495a9","hash":"bd3637db5fde5f34876b2767baf751a8a8a1c6c1"}
,"/home/shawnstorie/sprkz-ng/sprkz-pdf-forms/src/index.tsx": {"path":"/home/shawnstorie/sprkz-ng/sprkz-pdf-forms/src/index.tsx","statementMap":{"0":{"start":{"line":9,"column":0},"end":{"line":9,"column":13}},"1":{"start":{"line":11,"column":13},"end":{"line":13,"column":1}},"2":{"start":{"line":14,"column":0},"end":{"line":18,"column":2}},"3":{"start":{"line":23,"column":0},"end":{"line":23,"column":18}}},"fnMap":{},"branchMap":{},"s":{"0":0,"1":0,"2":0,"3":0},"f":{},"b":{}}
,"/home/shawnstorie/sprkz-ng/sprkz-pdf-forms/src/reportWebVitals.ts": {"path":"/home/shawnstorie/sprkz-ng/sprkz-pdf-forms/src/reportWebVitals.ts","statementMap":{"0":{"start":{"line":3,"column":24},"end":{"line":13,"column":1}},"1":{"start":{"line":4,"column":2},"end":{"line":12,"column":3}},"2":{"start":{"line":5,"column":4},"end":{"line":11,"column":7}},"3":{"start":{"line":6,"column":6},"end":{"line":6,"column":26}},"4":{"start":{"line":7,"column":6},"end":{"line":7,"column":26}},"5":{"start":{"line":8,"column":6},"end":{"line":8,"column":26}},"6":{"start":{"line":9,"column":6},"end":{"line":9,"column":26}},"7":{"start":{"line":10,"column":6},"end":{"line":10,"column":27}}},"fnMap":{"0":{"name":"(anonymous_0)","decl":{"start":{"line":3,"column":24},"end":{"line":3,"column":25}},"loc":{"start":{"line":3,"column":57},"end":{"line":13,"column":1}},"line":3},"1":{"name":"(anonymous_1)","decl":{"start":{"line":5,"column":30},"end":{"line":5,"column":31}},"loc":{"start":{"line":5,"column":79},"end":{"line":11,"column":5}},"line":5}},"branchMap":{"0":{"loc":{"start":{"line":4,"column":2},"end":{"line":12,"column":3}},"type":"if","locations":[{"start":{"line":4,"column":2},"end":{"line":12,"column":3}},{"start":{},"end":{}}],"line":4},"1":{"loc":{"start":{"line":4,"column":6},"end":{"line":4,"column":52}},"type":"binary-expr","locations":[{"start":{"line":4,"column":6},"end":{"line":4,"column":17}},{"start":{"line":4,"column":21},"end":{"line":4,"column":52}}],"line":4}},"s":{"0":0,"1":0,"2":0,"3":0,"4":0,"5":0,"6":0,"7":0},"f":{"0":0,"1":0},"b":{"0":[0,0],"1":[0,0]}}
,"/home/shawnstorie/sprkz-ng/sprkz-pdf-forms/src/__tests__/e2e/formCompletionFlow.test.tsx": {"path":"/home/shawnstorie/sprkz-ng/sprkz-pdf-forms/src/__tests__/e2e/formCompletionFlow.test.tsx","statementMap":{"0":{"start":{"line":11,"column":0},"end":{"line":11,"column":39}},"1":{"start":{"line":12,"column":0},"end":{"line":12,"column":46}},"2":{"start":{"line":13,"column":0},"end":{"line":13,"column":43}},"3":{"start":{"line":15,"column":25},"end":{"line":15,"column":74}},"4":{"start":{"line":16,"column":32},"end":{"line":16,"column":95}},"5":{"start":{"line":17,"column":29},"end":{"line":17,"column":86}},"6":{"start":{"line":20,"column":25},"end":{"line":20,"column":46}},"7":{"start":{"line":21,"column":28},"end":{"line":21,"column":37}},"8":{"start":{"line":23,"column":0},"end":{"line":29,"column":3}},"9":{"start":{"line":31,"column":0},"end":{"line":34,"column":3}},"10":{"start":{"line":32,"column":23},"end":{"line":32,"column":39}},"11":{"start":{"line":36,"column":0},"end":{"line":527,"column":3}},"12":{"start":{"line":42,"column":21},"end":{"line":42,"column":56}},"13":{"start":{"line":43,"column":23},"end":{"line":43,"column":49}},"14":{"start":{"line":45,"column":25},"end":{"line":82,"column":3}},"15":{"start":{"line":84,"column":2},"end":{"line":136,"column":5}},"16":{"start":{"line":85,"column":4},"end":{"line":85,"column":29}},"17":{"start":{"line":86,"column":4},"end":{"line":86,"column":25}},"18":{"start":{"line":89,"column":4},"end":{"line":96,"column":13}},"19":{"start":{"line":98,"column":4},"end":{"line":98,"column":64}},"20":{"start":{"line":99,"column":4},"end":{"line":99,"column":67}},"21":{"start":{"line":100,"column":4},"end":{"line":103,"column":7}},"22":{"start":{"line":104,"column":4},"end":{"line":104,"column":95}},"23":{"start":{"line":105,"column":4},"end":{"line":105,"column":82}},"24":{"start":{"line":107,"column":4},"end":{"line":107,"column":65}},"25":{"start":{"line":110,"column":4},"end":{"line":114,"column":13}},"26":{"start":{"line":116,"column":4},"end":{"line":116,"column":87}},"27":{"start":{"line":117,"column":4},"end":{"line":121,"column":7}},"28":{"start":{"line":123,"column":4},"end":{"line":123,"column":79}},"29":{"start":{"line":126,"column":4},"end":{"line":130,"column":13}},"30":{"start":{"line":132,"column":4},"end":{"line":132,"column":73}},"31":{"start":{"line":135,"column":4},"end":{"line":135,"column":77}},"32":{"start":{"line":135,"column":44},"end":{"line":135,"column":75}},"33":{"start":{"line":138,"column":2},"end":{"line":140,"column":5}},"34":{"start":{"line":139,"column":4},"end":{"line":139,"column":25}},"35":{"start":{"line":142,"column":2},"end":{"line":384,"column":5}},"36":{"start":{"line":143,"column":4},"end":{"line":244,"column":14}},"37":{"start":{"line":145,"column":6},"end":{"line":145,"column":52}},"38":{"start":{"line":148,"column":6},"end":{"line":148,"column":63}},"39":{"start":{"line":151,"column":6},"end":{"line":153,"column":9}},"40":{"start":{"line":152,"column":8},"end":{"line":152,"column":86}},"41":{"start":{"line":155,"column":6},"end":{"line":157,"column":9}},"42":{"start":{"line":156,"column":8},"end":{"line":156,"column":77}},"43":{"start":{"line":160,"column":6},"end":{"line":160,"column":62}},"44":{"start":{"line":161,"column":6},"end":{"line":161,"column":81}},"45":{"start":{"line":164,"column":6},"end":{"line":164,"column":71}},"46":{"start":{"line":166,"column":6},"end":{"line":168,"column":9}},"47":{"start":{"line":167,"column":8},"end":{"line":167,"column":82}},"48":{"start":{"line":171,"column":29},"end":{"line":171,"column":65}},"49":{"start":{"line":172,"column":6},"end":{"line":172,"column":46}},"50":{"start":{"line":173,"column":6},"end":{"line":178,"column":9}},"51":{"start":{"line":174,"column":8},"end":{"line":177,"column":10}},"52":{"start":{"line":180,"column":28},"end":{"line":180,"column":63}},"53":{"start":{"line":181,"column":6},"end":{"line":181,"column":44}},"54":{"start":{"line":183,"column":25},"end":{"line":183,"column":56}},"55":{"start":{"line":184,"column":6},"end":{"line":184,"column":58}},"56":{"start":{"line":187,"column":6},"end":{"line":187,"column":70}},"57":{"start":{"line":190,"column":6},"end":{"line":192,"column":9}},"58":{"start":{"line":191,"column":8},"end":{"line":191,"column":77}},"59":{"start":{"line":195,"column":28},"end":{"line":195,"column":68}},"60":{"start":{"line":196,"column":6},"end":{"line":196,"column":38}},"61":{"start":{"line":199,"column":6},"end":{"line":199,"column":70}},"62":{"start":{"line":201,"column":6},"end":{"line":203,"column":9}},"63":{"start":{"line":202,"column":8},"end":{"line":202,"column":76}},"64":{"start":{"line":206,"column":25},"end":{"line":206,"column":70}},"65":{"start":{"line":207,"column":6},"end":{"line":207,"column":35}},"66":{"start":{"line":209,"column":6},"end":{"line":211,"column":9}},"67":{"start":{"line":210,"column":8},"end":{"line":210,"column":74}},"68":{"start":{"line":214,"column":30},"end":{"line":214,"column":84}},"69":{"start":{"line":215,"column":6},"end":{"line":215,"column":73}},"70":{"start":{"line":216,"column":6},"end":{"line":216,"column":74}},"71":{"start":{"line":217,"column":6},"end":{"line":217,"column":41}},"72":{"start":{"line":220,"column":34},"end":{"line":220,"column":89}},"73":{"start":{"line":221,"column":6},"end":{"line":221,"column":44}},"74":{"start":{"line":224,"column":6},"end":{"line":226,"column":9}},"75":{"start":{"line":225,"column":8},"end":{"line":225,"column":84}},"76":{"start":{"line":228,"column":27},"end":{"line":228,"column":74}},"77":{"start":{"line":229,"column":6},"end":{"line":229,"column":37}},"78":{"start":{"line":232,"column":6},"end":{"line":234,"column":9}},"79":{"start":{"line":233,"column":8},"end":{"line":233,"column":65}},"80":{"start":{"line":236,"column":6},"end":{"line":238,"column":9}},"81":{"start":{"line":237,"column":8},"end":{"line":237,"column":68}},"82":{"start":{"line":241,"column":6},"end":{"line":243,"column":9}},"83":{"start":{"line":242,"column":8},"end":{"line":242,"column":85}},"84":{"start":{"line":246,"column":4},"end":{"line":272,"column":7}},"85":{"start":{"line":248,"column":6},"end":{"line":251,"column":9}},"86":{"start":{"line":253,"column":6},"end":{"line":253,"column":52}},"87":{"start":{"line":255,"column":6},"end":{"line":257,"column":9}},"88":{"start":{"line":256,"column":8},"end":{"line":256,"column":77}},"89":{"start":{"line":260,"column":6},"end":{"line":260,"column":71}},"90":{"start":{"line":263,"column":6},"end":{"line":263,"column":70}},"91":{"start":{"line":266,"column":6},"end":{"line":268,"column":9}},"92":{"start":{"line":267,"column":8},"end":{"line":267,"column":79}},"93":{"start":{"line":271,"column":6},"end":{"line":271,"column":71}},"94":{"start":{"line":274,"column":4},"end":{"line":297,"column":7}},"95":{"start":{"line":275,"column":6},"end":{"line":275,"column":52}},"96":{"start":{"line":277,"column":6},"end":{"line":279,"column":9}},"97":{"start":{"line":278,"column":8},"end":{"line":278,"column":77}},"98":{"start":{"line":282,"column":26},"end":{"line":282,"column":72}},"99":{"start":{"line":283,"column":6},"end":{"line":283,"column":26}},"100":{"start":{"line":284,"column":6},"end":{"line":284,"column":55}},"101":{"start":{"line":286,"column":6},"end":{"line":288,"column":9}},"102":{"start":{"line":287,"column":8},"end":{"line":287,"column":82}},"103":{"start":{"line":291,"column":29},"end":{"line":291,"column":65}},"104":{"start":{"line":292,"column":6},"end":{"line":292,"column":56}},"105":{"start":{"line":295,"column":28},"end":{"line":295,"column":63}},"106":{"start":{"line":296,"column":6},"end":{"line":296,"column":42}},"107":{"start":{"line":299,"column":4},"end":{"line":312,"column":7}},"108":{"start":{"line":301,"column":6},"end":{"line":301,"column":85}},"109":{"start":{"line":303,"column":6},"end":{"line":303,"column":52}},"110":{"start":{"line":306,"column":6},"end":{"line":308,"column":9}},"111":{"start":{"line":307,"column":8},"end":{"line":307,"column":75}},"112":{"start":{"line":311,"column":6},"end":{"line":311,"column":81}},"113":{"start":{"line":314,"column":4},"end":{"line":340,"column":7}},"114":{"start":{"line":315,"column":6},"end":{"line":315,"column":52}},"115":{"start":{"line":317,"column":6},"end":{"line":319,"column":9}},"116":{"start":{"line":318,"column":8},"end":{"line":318,"column":77}},"117":{"start":{"line":321,"column":6},"end":{"line":321,"column":71}},"118":{"start":{"line":324,"column":29},"end":{"line":324,"column":65}},"119":{"start":{"line":325,"column":6},"end":{"line":325,"column":46}},"120":{"start":{"line":328,"column":6},"end":{"line":328,"column":70}},"121":{"start":{"line":331,"column":25},"end":{"line":331,"column":70}},"122":{"start":{"line":332,"column":6},"end":{"line":334,"column":7}},"123":{"start":{"line":333,"column":8},"end":{"line":333,"column":37}},"124":{"start":{"line":337,"column":6},"end":{"line":339,"column":9}},"125":{"start":{"line":338,"column":8},"end":{"line":338,"column":69}},"126":{"start":{"line":342,"column":4},"end":{"line":383,"column":7}},"127":{"start":{"line":344,"column":6},"end":{"line":344,"column":89}},"128":{"start":{"line":346,"column":6},"end":{"line":346,"column":52}},"129":{"start":{"line":348,"column":6},"end":{"line":350,"column":9}},"130":{"start":{"line":349,"column":8},"end":{"line":349,"column":77}},"131":{"start":{"line":353,"column":6},"end":{"line":353,"column":71}},"132":{"start":{"line":356,"column":6},"end":{"line":356,"column":68}},"133":{"start":{"line":357,"column":6},"end":{"line":357,"column":66}},"134":{"start":{"line":358,"column":6},"end":{"line":358,"column":75}},"135":{"start":{"line":361,"column":6},"end":{"line":361,"column":70}},"136":{"start":{"line":362,"column":6},"end":{"line":362,"column":65}},"137":{"start":{"line":363,"column":6},"end":{"line":363,"column":70}},"138":{"start":{"line":366,"column":25},"end":{"line":366,"column":70}},"139":{"start":{"line":367,"column":6},"end":{"line":367,"column":35}},"140":{"start":{"line":369,"column":25},"end":{"line":369,"column":80}},"141":{"start":{"line":370,"column":6},"end":{"line":370,"column":35}},"142":{"start":{"line":373,"column":27},"end":{"line":373,"column":74}},"143":{"start":{"line":374,"column":6},"end":{"line":374,"column":37}},"144":{"start":{"line":377,"column":6},"end":{"line":379,"column":9}},"145":{"start":{"line":378,"column":8},"end":{"line":378,"column":75}},"146":{"start":{"line":382,"column":6},"end":{"line":382,"column":85}},"147":{"start":{"line":386,"column":2},"end":{"line":453,"column":5}},"148":{"start":{"line":387,"column":4},"end":{"line":406,"column":7}},"149":{"start":{"line":388,"column":6},"end":{"line":388,"column":52}},"150":{"start":{"line":390,"column":6},"end":{"line":392,"column":9}},"151":{"start":{"line":391,"column":8},"end":{"line":391,"column":77}},"152":{"start":{"line":395,"column":6},"end":{"line":395,"column":59}},"153":{"start":{"line":398,"column":6},"end":{"line":398,"column":71}},"154":{"start":{"line":400,"column":19},"end":{"line":400,"column":43}},"155":{"start":{"line":401,"column":6},"end":{"line":401,"column":49}},"156":{"start":{"line":404,"column":29},"end":{"line":404,"column":65}},"157":{"start":{"line":405,"column":6},"end":{"line":405,"column":70}},"158":{"start":{"line":408,"column":4},"end":{"line":422,"column":7}},"159":{"start":{"line":409,"column":6},"end":{"line":409,"column":52}},"160":{"start":{"line":411,"column":6},"end":{"line":413,"column":9}},"161":{"start":{"line":412,"column":8},"end":{"line":412,"column":77}},"162":{"start":{"line":415,"column":6},"end":{"line":415,"column":71}},"163":{"start":{"line":418,"column":30},"end":{"line":418,"column":61}},"164":{"start":{"line":419,"column":6},"end":{"line":419,"column":68}},"165":{"start":{"line":420,"column":6},"end":{"line":420,"column":70}},"166":{"start":{"line":421,"column":6},"end":{"line":421,"column":63}},"167":{"start":{"line":424,"column":4},"end":{"line":452,"column":7}},"168":{"start":{"line":426,"column":6},"end":{"line":438,"column":9}},"169":{"start":{"line":428,"column":54},"end":{"line":437,"column":9}},"170":{"start":{"line":440,"column":6},"end":{"line":440,"column":52}},"171":{"start":{"line":442,"column":6},"end":{"line":444,"column":9}},"172":{"start":{"line":443,"column":8},"end":{"line":443,"column":77}},"173":{"start":{"line":447,"column":26},"end":{"line":447,"column":72}},"174":{"start":{"line":448,"column":27},"end":{"line":448,"column":63}},"175":{"start":{"line":451,"column":6},"end":{"line":451,"column":46}},"176":{"start":{"line":455,"column":2},"end":{"line":491,"column":5}},"177":{"start":{"line":456,"column":4},"end":{"line":471,"column":7}},"178":{"start":{"line":458,"column":6},"end":{"line":458,"column":30}},"179":{"start":{"line":459,"column":6},"end":{"line":459,"column":31}},"180":{"start":{"line":460,"column":6},"end":{"line":460,"column":48}},"181":{"start":{"line":462,"column":6},"end":{"line":462,"column":52}},"182":{"start":{"line":464,"column":6},"end":{"line":466,"column":9}},"183":{"start":{"line":465,"column":8},"end":{"line":465,"column":77}},"184":{"start":{"line":469,"column":24},"end":{"line":469,"column":48}},"185":{"start":{"line":470,"column":6},"end":{"line":470,"column":47}},"186":{"start":{"line":473,"column":4},"end":{"line":490,"column":7}},"187":{"start":{"line":474,"column":6},"end":{"line":474,"column":52}},"188":{"start":{"line":476,"column":6},"end":{"line":478,"column":9}},"189":{"start":{"line":477,"column":8},"end":{"line":477,"column":77}},"190":{"start":{"line":481,"column":6},"end":{"line":481,"column":30}},"191":{"start":{"line":482,"column":6},"end":{"line":482,"column":31}},"192":{"start":{"line":483,"column":6},"end":{"line":483,"column":59}},"193":{"start":{"line":486,"column":6},"end":{"line":489,"column":9}},"194":{"start":{"line":487,"column":26},"end":{"line":487,"column":50}},"195":{"start":{"line":488,"column":8},"end":{"line":488,"column":46}},"196":{"start":{"line":493,"column":2},"end":{"line":526,"column":5}},"197":{"start":{"line":494,"column":4},"end":{"line":508,"column":7}},"198":{"start":{"line":496,"column":6},"end":{"line":498,"column":9}},"199":{"start":{"line":497,"column":8},"end":{"line":497,"column":47}},"200":{"start":{"line":500,"column":6},"end":{"line":500,"column":52}},"201":{"start":{"line":502,"column":6},"end":{"line":504,"column":9}},"202":{"start":{"line":503,"column":8},"end":{"line":503,"column":77}},"203":{"start":{"line":507,"column":6},"end":{"line":507,"column":87}},"204":{"start":{"line":510,"column":4},"end":{"line":525,"column":7}},"205":{"start":{"line":511,"column":6},"end":{"line":511,"column":52}},"206":{"start":{"line":513,"column":6},"end":{"line":515,"column":9}},"207":{"start":{"line":514,"column":8},"end":{"line":514,"column":77}},"208":{"start":{"line":518,"column":6},"end":{"line":518,"column":62}},"209":{"start":{"line":521,"column":6},"end":{"line":521,"column":58}}},"fnMap":{"0":{"name":"(anonymous_0)","decl":{"start":{"line":32,"column":17},"end":{"line":32,"column":18}},"loc":{"start":{"line":32,"column":23},"end":{"line":32,"column":39}},"line":32},"1":{"name":"(anonymous_1)","decl":{"start":{"line":36,"column":47},"end":{"line":36,"column":48}},"loc":{"start":{"line":36,"column":53},"end":{"line":527,"column":1}},"line":36},"2":{"name":"(anonymous_2)","decl":{"start":{"line":84,"column":13},"end":{"line":84,"column":14}},"loc":{"start":{"line":84,"column":19},"end":{"line":136,"column":3}},"line":84},"3":{"name":"(anonymous_3)","decl":{"start":{"line":135,"column":35},"end":{"line":135,"column":36}},"loc":{"start":{"line":135,"column":44},"end":{"line":135,"column":75}},"line":135},"4":{"name":"(anonymous_4)","decl":{"start":{"line":138,"column":12},"end":{"line":138,"column":13}},"loc":{"start":{"line":138,"column":18},"end":{"line":140,"column":3}},"line":138},"5":{"name":"(anonymous_5)","decl":{"start":{"line":142,"column":36},"end":{"line":142,"column":37}},"loc":{"start":{"line":142,"column":42},"end":{"line":384,"column":3}},"line":142},"6":{"name":"(anonymous_6)","decl":{"start":{"line":143,"column":55},"end":{"line":143,"column":56}},"loc":{"start":{"line":143,"column":67},"end":{"line":244,"column":5}},"line":143},"7":{"name":"(anonymous_7)","decl":{"start":{"line":151,"column":20},"end":{"line":151,"column":21}},"loc":{"start":{"line":151,"column":26},"end":{"line":153,"column":7}},"line":151},"8":{"name":"(anonymous_8)","decl":{"start":{"line":155,"column":20},"end":{"line":155,"column":21}},"loc":{"start":{"line":155,"column":26},"end":{"line":157,"column":7}},"line":155},"9":{"name":"(anonymous_9)","decl":{"start":{"line":166,"column":20},"end":{"line":166,"column":21}},"loc":{"start":{"line":166,"column":26},"end":{"line":168,"column":7}},"line":166},"10":{"name":"(anonymous_10)","decl":{"start":{"line":173,"column":20},"end":{"line":173,"column":21}},"loc":{"start":{"line":173,"column":26},"end":{"line":178,"column":7}},"line":173},"11":{"name":"(anonymous_11)","decl":{"start":{"line":190,"column":20},"end":{"line":190,"column":21}},"loc":{"start":{"line":190,"column":26},"end":{"line":192,"column":7}},"line":190},"12":{"name":"(anonymous_12)","decl":{"start":{"line":201,"column":20},"end":{"line":201,"column":21}},"loc":{"start":{"line":201,"column":26},"end":{"line":203,"column":7}},"line":201},"13":{"name":"(anonymous_13)","decl":{"start":{"line":209,"column":20},"end":{"line":209,"column":21}},"loc":{"start":{"line":209,"column":26},"end":{"line":211,"column":7}},"line":209},"14":{"name":"(anonymous_14)","decl":{"start":{"line":224,"column":20},"end":{"line":224,"column":21}},"loc":{"start":{"line":224,"column":26},"end":{"line":226,"column":7}},"line":224},"15":{"name":"(anonymous_15)","decl":{"start":{"line":232,"column":20},"end":{"line":232,"column":21}},"loc":{"start":{"line":232,"column":26},"end":{"line":234,"column":7}},"line":232},"16":{"name":"(anonymous_16)","decl":{"start":{"line":236,"column":20},"end":{"line":236,"column":21}},"loc":{"start":{"line":236,"column":26},"end":{"line":238,"column":7}},"line":236},"17":{"name":"(anonymous_17)","decl":{"start":{"line":241,"column":20},"end":{"line":241,"column":21}},"loc":{"start":{"line":241,"column":26},"end":{"line":243,"column":7}},"line":241},"18":{"name":"(anonymous_18)","decl":{"start":{"line":246,"column":53},"end":{"line":246,"column":54}},"loc":{"start":{"line":246,"column":65},"end":{"line":272,"column":5}},"line":246},"19":{"name":"(anonymous_19)","decl":{"start":{"line":255,"column":20},"end":{"line":255,"column":21}},"loc":{"start":{"line":255,"column":26},"end":{"line":257,"column":7}},"line":255},"20":{"name":"(anonymous_20)","decl":{"start":{"line":266,"column":20},"end":{"line":266,"column":21}},"loc":{"start":{"line":266,"column":26},"end":{"line":268,"column":7}},"line":266},"21":{"name":"(anonymous_21)","decl":{"start":{"line":274,"column":45},"end":{"line":274,"column":46}},"loc":{"start":{"line":274,"column":57},"end":{"line":297,"column":5}},"line":274},"22":{"name":"(anonymous_22)","decl":{"start":{"line":277,"column":20},"end":{"line":277,"column":21}},"loc":{"start":{"line":277,"column":26},"end":{"line":279,"column":7}},"line":277},"23":{"name":"(anonymous_23)","decl":{"start":{"line":286,"column":20},"end":{"line":286,"column":21}},"loc":{"start":{"line":286,"column":26},"end":{"line":288,"column":7}},"line":286},"24":{"name":"(anonymous_24)","decl":{"start":{"line":299,"column":43},"end":{"line":299,"column":44}},"loc":{"start":{"line":299,"column":55},"end":{"line":312,"column":5}},"line":299},"25":{"name":"(anonymous_25)","decl":{"start":{"line":306,"column":20},"end":{"line":306,"column":21}},"loc":{"start":{"line":306,"column":26},"end":{"line":308,"column":7}},"line":306},"26":{"name":"(anonymous_26)","decl":{"start":{"line":314,"column":53},"end":{"line":314,"column":54}},"loc":{"start":{"line":314,"column":65},"end":{"line":340,"column":5}},"line":314},"27":{"name":"(anonymous_27)","decl":{"start":{"line":317,"column":20},"end":{"line":317,"column":21}},"loc":{"start":{"line":317,"column":26},"end":{"line":319,"column":7}},"line":317},"28":{"name":"(anonymous_28)","decl":{"start":{"line":337,"column":20},"end":{"line":337,"column":21}},"loc":{"start":{"line":337,"column":26},"end":{"line":339,"column":7}},"line":337},"29":{"name":"(anonymous_29)","decl":{"start":{"line":342,"column":47},"end":{"line":342,"column":48}},"loc":{"start":{"line":342,"column":59},"end":{"line":383,"column":5}},"line":342},"30":{"name":"(anonymous_30)","decl":{"start":{"line":348,"column":20},"end":{"line":348,"column":21}},"loc":{"start":{"line":348,"column":26},"end":{"line":350,"column":7}},"line":348},"31":{"name":"(anonymous_31)","decl":{"start":{"line":377,"column":20},"end":{"line":377,"column":21}},"loc":{"start":{"line":377,"column":26},"end":{"line":379,"column":7}},"line":377},"32":{"name":"(anonymous_32)","decl":{"start":{"line":386,"column":37},"end":{"line":386,"column":38}},"loc":{"start":{"line":386,"column":43},"end":{"line":453,"column":3}},"line":386},"33":{"name":"(anonymous_33)","decl":{"start":{"line":387,"column":54},"end":{"line":387,"column":55}},"loc":{"start":{"line":387,"column":66},"end":{"line":406,"column":5}},"line":387},"34":{"name":"(anonymous_34)","decl":{"start":{"line":390,"column":20},"end":{"line":390,"column":21}},"loc":{"start":{"line":390,"column":26},"end":{"line":392,"column":7}},"line":390},"35":{"name":"(anonymous_35)","decl":{"start":{"line":408,"column":53},"end":{"line":408,"column":54}},"loc":{"start":{"line":408,"column":65},"end":{"line":422,"column":5}},"line":408},"36":{"name":"(anonymous_36)","decl":{"start":{"line":411,"column":20},"end":{"line":411,"column":21}},"loc":{"start":{"line":411,"column":26},"end":{"line":413,"column":7}},"line":411},"37":{"name":"(anonymous_37)","decl":{"start":{"line":424,"column":44},"end":{"line":424,"column":45}},"loc":{"start":{"line":424,"column":56},"end":{"line":452,"column":5}},"line":424},"38":{"name":"(anonymous_38)","decl":{"start":{"line":428,"column":44},"end":{"line":428,"column":45}},"loc":{"start":{"line":428,"column":54},"end":{"line":437,"column":9}},"line":428},"39":{"name":"(anonymous_39)","decl":{"start":{"line":442,"column":20},"end":{"line":442,"column":21}},"loc":{"start":{"line":442,"column":26},"end":{"line":444,"column":7}},"line":442},"40":{"name":"(anonymous_40)","decl":{"start":{"line":455,"column":32},"end":{"line":455,"column":33}},"loc":{"start":{"line":455,"column":38},"end":{"line":491,"column":3}},"line":455},"41":{"name":"(anonymous_41)","decl":{"start":{"line":456,"column":42},"end":{"line":456,"column":43}},"loc":{"start":{"line":456,"column":54},"end":{"line":471,"column":5}},"line":456},"42":{"name":"(anonymous_42)","decl":{"start":{"line":464,"column":20},"end":{"line":464,"column":21}},"loc":{"start":{"line":464,"column":26},"end":{"line":466,"column":7}},"line":464},"43":{"name":"(anonymous_43)","decl":{"start":{"line":473,"column":44},"end":{"line":473,"column":45}},"loc":{"start":{"line":473,"column":56},"end":{"line":490,"column":5}},"line":473},"44":{"name":"(anonymous_44)","decl":{"start":{"line":476,"column":20},"end":{"line":476,"column":21}},"loc":{"start":{"line":476,"column":26},"end":{"line":478,"column":7}},"line":476},"45":{"name":"(anonymous_45)","decl":{"start":{"line":486,"column":20},"end":{"line":486,"column":21}},"loc":{"start":{"line":486,"column":26},"end":{"line":489,"column":7}},"line":486},"46":{"name":"(anonymous_46)","decl":{"start":{"line":493,"column":39},"end":{"line":493,"column":40}},"loc":{"start":{"line":493,"column":45},"end":{"line":526,"column":3}},"line":493},"47":{"name":"(anonymous_47)","decl":{"start":{"line":494,"column":52},"end":{"line":494,"column":53}},"loc":{"start":{"line":494,"column":64},"end":{"line":508,"column":5}},"line":494},"48":{"name":"(anonymous_48)","decl":{"start":{"line":496,"column":54},"end":{"line":496,"column":55}},"loc":{"start":{"line":496,"column":64},"end":{"line":498,"column":7}},"line":496},"49":{"name":"(anonymous_49)","decl":{"start":{"line":502,"column":20},"end":{"line":502,"column":21}},"loc":{"start":{"line":502,"column":26},"end":{"line":504,"column":7}},"line":502},"50":{"name":"(anonymous_50)","decl":{"start":{"line":510,"column":57},"end":{"line":510,"column":58}},"loc":{"start":{"line":510,"column":69},"end":{"line":525,"column":5}},"line":510},"51":{"name":"(anonymous_51)","decl":{"start":{"line":513,"column":20},"end":{"line":513,"column":21}},"loc":{"start":{"line":513,"column":26},"end":{"line":515,"column":7}},"line":513}},"branchMap":{"0":{"loc":{"start":{"line":135,"column":44},"end":{"line":135,"column":75}},"type":"cond-expr","locations":[{"start":{"line":135,"column":58},"end":{"line":135,"column":68}},{"start":{"line":135,"column":71},"end":{"line":135,"column":75}}],"line":135},"1":{"loc":{"start":{"line":332,"column":6},"end":{"line":334,"column":7}},"type":"if","locations":[{"start":{"line":332,"column":6},"end":{"line":334,"column":7}},{"start":{},"end":{}}],"line":332}},"s":{"0":0,"1":0,"2":0,"3":0,"4":0,"5":0,"6":0,"7":0,"8":0,"9":0,"10":0,"11":0,"12":0,"13":0,"14":0,"15":0,"16":0,"17":0,"18":0,"19":0,"20":0,"21":0,"22":0,"23":0,"24":0,"25":0,"26":0,"27":0,"28":0,"29":0,"30":0,"31":0,"32":0,"33":0,"34":0,"35":0,"36":0,"37":0,"38":0,"39":0,"40":0,"41":0,"42":0,"43":0,"44":0,"45":0,"46":0,"47":0,"48":0,"49":0,"50":0,"51":0,"52":0,"53":0,"54":0,"55":0,"56":0,"57":0,"58":0,"59":0,"60":0,"61":0,"62":0,"63":0,"64":0,"65":0,"66":0,"67":0,"68":0,"69":0,"70":0,"71":0,"72":0,"73":0,"74":0,"75":0,"76":0,"77":0,"78":0,"79":0,"80":0,"81":0,"82":0,"83":0,"84":0,"85":0,"86":0,"87":0,"88":0,"89":0,"90":0,"91":0,"92":0,"93":0,"94":0,"95":0,"96":0,"97":0,"98":0,"99":0,"100":0,"101":0,"102":0,"103":0,"104":0,"105":0,"106":0,"107":0,"108":0,"109":0,"110":0,"111":0,"112":0,"113":0,"114":0,"115":0,"116":0,"117":0,"118":0,"119":0,"120":0,"121":0,"122":0,"123":0,"124":0,"125":0,"126":0,"127":0,"128":0,"129":0,"130":0,"131":0,"132":0,"133":0,"134":0,"135":0,"136":0,"137":0,"138":0,"139":0,"140":0,"141":0,"142":0,"143":0,"144":0,"145":0,"146":0,"147":0,"148":0,"149":0,"150":0,"151":0,"152":0,"153":0,"154":0,"155":0,"156":0,"157":0,"158":0,"159":0,"160":0,"161":0,"162":0,"163":0,"164":0,"165":0,"166":0,"167":0,"168":0,"169":0,"170":0,"171":0,"172":0,"173":0,"174":0,"175":0,"176":0,"177":0,"178":0,"179":0,"180":0,"181":0,"182":0,"183":0,"184":0,"185":0,"186":0,"187":0,"188":0,"189":0,"190":0,"191":0,"192":0,"193":0,"194":0,"195":0,"196":0,"197":0,"198":0,"199":0,"200":0,"201":0,"202":0,"203":0,"204":0,"205":0,"206":0,"207":0,"208":0,"209":0},"f":{"0":0,"1":0,"2":0,"3":0,"4":0,"5":0,"6":0,"7":0,"8":0,"9":0,"10":0,"11":0,"12":0,"13":0,"14":0,"15":0,"16":0,"17":0,"18":0,"19":0,"20":0,"21":0,"22":0,"23":0,"24":0,"25":0,"26":0,"27":0,"28":0,"29":0,"30":0,"31":0,"32":0,"33":0,"34":0,"35":0,"36":0,"37":0,"38":0,"39":0,"40":0,"41":0,"42":0,"43":0,"44":0,"45":0,"46":0,"47":0,"48":0,"49":0,"50":0,"51":0},"b":{"0":[0,0],"1":[0,0]}}
,"/home/shawnstorie/sprkz-ng/sprkz-pdf-forms/src/__tests__/e2e/signatureWorkflow.test.tsx": {"path":"/home/shawnstorie/sprkz-ng/sprkz-pdf-forms/src/__tests__/e2e/signatureWorkflow.test.tsx","statementMap":{"0":{"start":{"line":9,"column":26},"end":{"line":22,"column":1}},"1":{"start":{"line":16,"column":31},"end":{"line":16,"column":65}},"2":{"start":{"line":21,"column":27},"end":{"line":21,"column":70}},"3":{"start":{"line":24,"column":0},"end":{"line":26,"column":3}},"4":{"start":{"line":25,"column":23},"end":{"line":25,"column":40}},"5":{"start":{"line":28,"column":0},"end":{"line":584,"column":3}},"6":{"start":{"line":31,"column":29},"end":{"line":36,"column":4}},"7":{"start":{"line":38,"column":2},"end":{"line":44,"column":5}},"8":{"start":{"line":39,"column":4},"end":{"line":39,"column":29}},"9":{"start":{"line":40,"column":4},"end":{"line":40,"column":25}},"10":{"start":{"line":43,"column":4},"end":{"line":43,"column":93}},"11":{"start":{"line":46,"column":2},"end":{"line":181,"column":5}},"12":{"start":{"line":47,"column":4},"end":{"line":93,"column":7}},"13":{"start":{"line":48,"column":6},"end":{"line":48,"column":52}},"14":{"start":{"line":51,"column":6},"end":{"line":51,"column":75}},"15":{"start":{"line":53,"column":21},"end":{"line":53,"column":75}},"16":{"start":{"line":54,"column":6},"end":{"line":54,"column":41}},"17":{"start":{"line":57,"column":6},"end":{"line":61,"column":9}},"18":{"start":{"line":63,"column":6},"end":{"line":63,"column":61}},"19":{"start":{"line":64,"column":6},"end":{"line":64,"column":68}},"20":{"start":{"line":67,"column":6},"end":{"line":71,"column":9}},"21":{"start":{"line":73,"column":6},"end":{"line":73,"column":69}},"22":{"start":{"line":74,"column":6},"end":{"line":74,"column":58}},"23":{"start":{"line":77,"column":6},"end":{"line":77,"column":32}},"24":{"start":{"line":80,"column":25},"end":{"line":80,"column":80}},"25":{"start":{"line":81,"column":6},"end":{"line":81,"column":39}},"26":{"start":{"line":84,"column":6},"end":{"line":84,"column":35}},"27":{"start":{"line":86,"column":6},"end":{"line":90,"column":9}},"28":{"start":{"line":92,"column":6},"end":{"line":92,"column":51}},"29":{"start":{"line":95,"column":4},"end":{"line":123,"column":7}},"30":{"start":{"line":96,"column":6},"end":{"line":100,"column":8}},"31":{"start":{"line":102,"column":21},"end":{"line":102,"column":75}},"32":{"start":{"line":105,"column":6},"end":{"line":107,"column":9}},"33":{"start":{"line":109,"column":6},"end":{"line":109,"column":61}},"34":{"start":{"line":111,"column":6},"end":{"line":113,"column":9}},"35":{"start":{"line":115,"column":6},"end":{"line":115,"column":58}},"36":{"start":{"line":116,"column":6},"end":{"line":116,"column":58}},"37":{"start":{"line":118,"column":6},"end":{"line":118,"column":33}},"38":{"start":{"line":121,"column":25},"end":{"line":121,"column":80}},"39":{"start":{"line":122,"column":6},"end":{"line":122,"column":39}},"40":{"start":{"line":125,"column":4},"end":{"line":156,"column":7}},"41":{"start":{"line":126,"column":6},"end":{"line":130,"column":8}},"42":{"start":{"line":132,"column":21},"end":{"line":132,"column":75}},"43":{"start":{"line":135,"column":6},"end":{"line":135,"column":66}},"44":{"start":{"line":136,"column":6},"end":{"line":136,"column":66}},"45":{"start":{"line":137,"column":6},"end":{"line":137,"column":32}},"46":{"start":{"line":140,"column":26},"end":{"line":140,"column":72}},"47":{"start":{"line":141,"column":6},"end":{"line":141,"column":36}},"48":{"start":{"line":143,"column":6},"end":{"line":143,"column":98}},"49":{"start":{"line":146,"column":25},"end":{"line":146,"column":80}},"50":{"start":{"line":147,"column":6},"end":{"line":147,"column":40}},"51":{"start":{"line":150,"column":6},"end":{"line":150,"column":66}},"52":{"start":{"line":151,"column":6},"end":{"line":151,"column":66}},"53":{"start":{"line":152,"column":6},"end":{"line":152,"column":32}},"54":{"start":{"line":155,"column":6},"end":{"line":155,"column":39}},"55":{"start":{"line":158,"column":4},"end":{"line":180,"column":7}},"56":{"start":{"line":159,"column":6},"end":{"line":163,"column":8}},"57":{"start":{"line":166,"column":28},"end":{"line":166,"column":64}},"58":{"start":{"line":167,"column":6},"end":{"line":172,"column":7}},"59":{"start":{"line":168,"column":8},"end":{"line":168,"column":40}},"60":{"start":{"line":169,"column":8},"end":{"line":169,"column":68}},"61":{"start":{"line":171,"column":8},"end":{"line":171,"column":52}},"62":{"start":{"line":175,"column":26},"end":{"line":175,"column":74}},"63":{"start":{"line":176,"column":6},"end":{"line":179,"column":7}},"64":{"start":{"line":177,"column":8},"end":{"line":177,"column":38}},"65":{"start":{"line":178,"column":8},"end":{"line":178,"column":62}},"66":{"start":{"line":183,"column":2},"end":{"line":298,"column":5}},"67":{"start":{"line":184,"column":4},"end":{"line":227,"column":7}},"68":{"start":{"line":185,"column":6},"end":{"line":189,"column":8}},"69":{"start":{"line":192,"column":27},"end":{"line":192,"column":69}},"70":{"start":{"line":193,"column":6},"end":{"line":193,"column":37}},"71":{"start":{"line":195,"column":6},"end":{"line":195,"column":75}},"72":{"start":{"line":198,"column":29},"end":{"line":198,"column":69}},"73":{"start":{"line":199,"column":6},"end":{"line":199,"column":53}},"74":{"start":{"line":201,"column":6},"end":{"line":201,"column":56}},"75":{"start":{"line":204,"column":25},"end":{"line":204,"column":61}},"76":{"start":{"line":205,"column":6},"end":{"line":205,"column":35}},"77":{"start":{"line":207,"column":28},"end":{"line":207,"column":56}},"78":{"start":{"line":208,"column":6},"end":{"line":208,"column":38}},"79":{"start":{"line":211,"column":22},"end":{"line":211,"column":61}},"80":{"start":{"line":212,"column":6},"end":{"line":212,"column":58}},"81":{"start":{"line":213,"column":6},"end":{"line":213,"column":55}},"82":{"start":{"line":216,"column":25},"end":{"line":216,"column":80}},"83":{"start":{"line":217,"column":6},"end":{"line":217,"column":39}},"84":{"start":{"line":219,"column":6},"end":{"line":219,"column":35}},"85":{"start":{"line":221,"column":6},"end":{"line":226,"column":9}},"86":{"start":{"line":229,"column":4},"end":{"line":265,"column":7}},"87":{"start":{"line":230,"column":6},"end":{"line":234,"column":8}},"88":{"start":{"line":237,"column":27},"end":{"line":237,"column":69}},"89":{"start":{"line":238,"column":6},"end":{"line":238,"column":37}},"90":{"start":{"line":241,"column":25},"end":{"line":241,"column":80}},"91":{"start":{"line":242,"column":6},"end":{"line":242,"column":40}},"92":{"start":{"line":245,"column":29},"end":{"line":245,"column":69}},"93":{"start":{"line":246,"column":6},"end":{"line":246,"column":43}},"94":{"start":{"line":249,"column":6},"end":{"line":251,"column":9}},"95":{"start":{"line":250,"column":8},"end":{"line":250,"column":97}},"96":{"start":{"line":253,"column":6},"end":{"line":253,"column":40}},"97":{"start":{"line":256,"column":6},"end":{"line":256,"column":39}},"98":{"start":{"line":257,"column":6},"end":{"line":257,"column":50}},"99":{"start":{"line":260,"column":6},"end":{"line":262,"column":9}},"100":{"start":{"line":261,"column":8},"end":{"line":261,"column":103}},"101":{"start":{"line":264,"column":6},"end":{"line":264,"column":39}},"102":{"start":{"line":267,"column":4},"end":{"line":297,"column":7}},"103":{"start":{"line":268,"column":6},"end":{"line":272,"column":8}},"104":{"start":{"line":274,"column":27},"end":{"line":274,"column":69}},"105":{"start":{"line":275,"column":6},"end":{"line":275,"column":37}},"106":{"start":{"line":277,"column":29},"end":{"line":277,"column":69}},"107":{"start":{"line":278,"column":6},"end":{"line":278,"column":56}},"108":{"start":{"line":280,"column":25},"end":{"line":280,"column":61}},"109":{"start":{"line":281,"column":22},"end":{"line":281,"column":61}},"110":{"start":{"line":284,"column":6},"end":{"line":284,"column":35}},"111":{"start":{"line":285,"column":6},"end":{"line":285,"column":51}},"112":{"start":{"line":286,"column":6},"end":{"line":286,"column":56}},"113":{"start":{"line":289,"column":6},"end":{"line":289,"column":35}},"114":{"start":{"line":290,"column":6},"end":{"line":290,"column":56}},"115":{"start":{"line":291,"column":6},"end":{"line":291,"column":61}},"116":{"start":{"line":294,"column":6},"end":{"line":294,"column":35}},"117":{"start":{"line":295,"column":6},"end":{"line":295,"column":52}},"118":{"start":{"line":296,"column":6},"end":{"line":296,"column":58}},"119":{"start":{"line":300,"column":2},"end":{"line":363,"column":5}},"120":{"start":{"line":301,"column":4},"end":{"line":336,"column":7}},"121":{"start":{"line":303,"column":23},"end":{"line":303,"column":86}},"122":{"start":{"line":305,"column":6},"end":{"line":309,"column":8}},"123":{"start":{"line":312,"column":24},"end":{"line":312,"column":70}},"124":{"start":{"line":314,"column":6},"end":{"line":335,"column":7}},"125":{"start":{"line":315,"column":8},"end":{"line":315,"column":36}},"126":{"start":{"line":317,"column":26},"end":{"line":317,"column":74}},"127":{"start":{"line":318,"column":8},"end":{"line":318,"column":47}},"128":{"start":{"line":320,"column":8},"end":{"line":323,"column":11}},"129":{"start":{"line":321,"column":26},"end":{"line":321,"column":74}},"130":{"start":{"line":322,"column":10},"end":{"line":322,"column":46}},"131":{"start":{"line":325,"column":27},"end":{"line":325,"column":82}},"132":{"start":{"line":326,"column":8},"end":{"line":326,"column":41}},"133":{"start":{"line":328,"column":8},"end":{"line":328,"column":37}},"134":{"start":{"line":330,"column":8},"end":{"line":334,"column":11}},"135":{"start":{"line":338,"column":4},"end":{"line":362,"column":7}},"136":{"start":{"line":339,"column":26},"end":{"line":339,"column":92}},"137":{"start":{"line":341,"column":6},"end":{"line":345,"column":8}},"138":{"start":{"line":347,"column":24},"end":{"line":347,"column":70}},"139":{"start":{"line":349,"column":6},"end":{"line":361,"column":7}},"140":{"start":{"line":350,"column":8},"end":{"line":350,"column":36}},"141":{"start":{"line":352,"column":26},"end":{"line":352,"column":74}},"142":{"start":{"line":353,"column":8},"end":{"line":353,"column":50}},"143":{"start":{"line":355,"column":8},"end":{"line":357,"column":11}},"144":{"start":{"line":356,"column":10},"end":{"line":356,"column":92}},"145":{"start":{"line":359,"column":27},"end":{"line":359,"column":82}},"146":{"start":{"line":360,"column":8},"end":{"line":360,"column":42}},"147":{"start":{"line":365,"column":2},"end":{"line":451,"column":5}},"148":{"start":{"line":366,"column":4},"end":{"line":404,"column":7}},"149":{"start":{"line":367,"column":32},"end":{"line":371,"column":7}},"150":{"start":{"line":373,"column":29},"end":{"line":376,"column":7}},"151":{"start":{"line":378,"column":6},"end":{"line":382,"column":8}},"152":{"start":{"line":385,"column":27},"end":{"line":385,"column":69}},"153":{"start":{"line":386,"column":6},"end":{"line":386,"column":37}},"154":{"start":{"line":388,"column":29},"end":{"line":388,"column":69}},"155":{"start":{"line":389,"column":6},"end":{"line":389,"column":58}},"156":{"start":{"line":392,"column":6},"end":{"line":392,"column":39}},"157":{"start":{"line":393,"column":6},"end":{"line":393,"column":54}},"158":{"start":{"line":395,"column":25},"end":{"line":395,"column":80}},"159":{"start":{"line":396,"column":6},"end":{"line":396,"column":35}},"160":{"start":{"line":398,"column":6},"end":{"line":403,"column":9}},"161":{"start":{"line":406,"column":4},"end":{"line":450,"column":7}},"162":{"start":{"line":407,"column":32},"end":{"line":410,"column":7}},"163":{"start":{"line":412,"column":29},"end":{"line":415,"column":7}},"164":{"start":{"line":417,"column":6},"end":{"line":421,"column":8}},"165":{"start":{"line":424,"column":6},"end":{"line":424,"column":83}},"166":{"start":{"line":427,"column":27},"end":{"line":427,"column":69}},"167":{"start":{"line":428,"column":6},"end":{"line":428,"column":37}},"168":{"start":{"line":430,"column":29},"end":{"line":430,"column":69}},"169":{"start":{"line":431,"column":6},"end":{"line":431,"column":61}},"170":{"start":{"line":433,"column":25},"end":{"line":433,"column":80}},"171":{"start":{"line":434,"column":6},"end":{"line":434,"column":35}},"172":{"start":{"line":437,"column":6},"end":{"line":439,"column":9}},"173":{"start":{"line":438,"column":8},"end":{"line":438,"column":84}},"174":{"start":{"line":441,"column":28},"end":{"line":441,"column":76}},"175":{"start":{"line":442,"column":6},"end":{"line":442,"column":38}},"176":{"start":{"line":444,"column":6},"end":{"line":449,"column":9}},"177":{"start":{"line":453,"column":2},"end":{"line":522,"column":5}},"178":{"start":{"line":454,"column":4},"end":{"line":476,"column":7}},"179":{"start":{"line":455,"column":6},"end":{"line":459,"column":8}},"180":{"start":{"line":462,"column":22},"end":{"line":462,"column":64}},"181":{"start":{"line":463,"column":6},"end":{"line":463,"column":22}},"182":{"start":{"line":465,"column":6},"end":{"line":465,"column":56}},"183":{"start":{"line":467,"column":22},"end":{"line":467,"column":64}},"184":{"start":{"line":468,"column":6},"end":{"line":468,"column":36}},"185":{"start":{"line":471,"column":6},"end":{"line":471,"column":51}},"186":{"start":{"line":473,"column":6},"end":{"line":475,"column":9}},"187":{"start":{"line":474,"column":8},"end":{"line":474,"column":77}},"188":{"start":{"line":478,"column":4},"end":{"line":500,"column":7}},"189":{"start":{"line":479,"column":6},"end":{"line":483,"column":8}},"190":{"start":{"line":486,"column":20},"end":{"line":486,"column":46}},"191":{"start":{"line":487,"column":6},"end":{"line":487,"column":55}},"192":{"start":{"line":488,"column":6},"end":{"line":488,"column":56}},"193":{"start":{"line":491,"column":21},"end":{"line":491,"column":75}},"194":{"start":{"line":492,"column":6},"end":{"line":492,"column":51}},"195":{"start":{"line":495,"column":22},"end":{"line":495,"column":49}},"196":{"start":{"line":496,"column":6},"end":{"line":496,"column":42}},"197":{"start":{"line":498,"column":22},"end":{"line":498,"column":64}},"198":{"start":{"line":499,"column":6},"end":{"line":499,"column":55}},"199":{"start":{"line":502,"column":4},"end":{"line":521,"column":7}},"200":{"start":{"line":503,"column":6},"end":{"line":507,"column":8}},"201":{"start":{"line":509,"column":21},"end":{"line":509,"column":75}},"202":{"start":{"line":512,"column":6},"end":{"line":512,"column":66}},"203":{"start":{"line":513,"column":6},"end":{"line":513,"column":66}},"204":{"start":{"line":514,"column":6},"end":{"line":514,"column":32}},"205":{"start":{"line":517,"column":6},"end":{"line":520,"column":9}},"206":{"start":{"line":518,"column":29},"end":{"line":518,"column":55}},"207":{"start":{"line":519,"column":8},"end":{"line":519,"column":71}},"208":{"start":{"line":524,"column":2},"end":{"line":583,"column":5}},"209":{"start":{"line":525,"column":4},"end":{"line":554,"column":7}},"210":{"start":{"line":527,"column":6},"end":{"line":529,"column":9}},"211":{"start":{"line":528,"column":8},"end":{"line":528,"column":40}},"212":{"start":{"line":531,"column":6},"end":{"line":535,"column":8}},"213":{"start":{"line":537,"column":21},"end":{"line":537,"column":75}},"214":{"start":{"line":540,"column":6},"end":{"line":540,"column":66}},"215":{"start":{"line":541,"column":6},"end":{"line":541,"column":66}},"216":{"start":{"line":542,"column":6},"end":{"line":542,"column":32}},"217":{"start":{"line":544,"column":25},"end":{"line":544,"column":80}},"218":{"start":{"line":545,"column":6},"end":{"line":545,"column":35}},"219":{"start":{"line":548,"column":6},"end":{"line":550,"column":9}},"220":{"start":{"line":549,"column":8},"end":{"line":549,"column":80}},"221":{"start":{"line":553,"column":6},"end":{"line":553,"column":54}},"222":{"start":{"line":556,"column":4},"end":{"line":582,"column":7}},"223":{"start":{"line":557,"column":6},"end":{"line":559,"column":9}},"224":{"start":{"line":558,"column":8},"end":{"line":558,"column":39}},"225":{"start":{"line":561,"column":6},"end":{"line":565,"column":8}},"226":{"start":{"line":567,"column":27},"end":{"line":567,"column":69}},"227":{"start":{"line":568,"column":6},"end":{"line":568,"column":37}},"228":{"start":{"line":570,"column":29},"end":{"line":570,"column":69}},"229":{"start":{"line":571,"column":6},"end":{"line":571,"column":56}},"230":{"start":{"line":573,"column":25},"end":{"line":573,"column":80}},"231":{"start":{"line":574,"column":6},"end":{"line":574,"column":35}},"232":{"start":{"line":576,"column":6},"end":{"line":578,"column":9}},"233":{"start":{"line":577,"column":8},"end":{"line":577,"column":82}},"234":{"start":{"line":581,"column":6},"end":{"line":581,"column":85}}},"fnMap":{"0":{"name":"(anonymous_0)","decl":{"start":{"line":16,"column":24},"end":{"line":16,"column":25}},"loc":{"start":{"line":16,"column":31},"end":{"line":16,"column":65}},"line":16},"1":{"name":"(anonymous_1)","decl":{"start":{"line":21,"column":21},"end":{"line":21,"column":22}},"loc":{"start":{"line":21,"column":27},"end":{"line":21,"column":70}},"line":21},"2":{"name":"(anonymous_2)","decl":{"start":{"line":25,"column":17},"end":{"line":25,"column":18}},"loc":{"start":{"line":25,"column":23},"end":{"line":25,"column":40}},"line":25},"3":{"name":"(anonymous_3)","decl":{"start":{"line":28,"column":41},"end":{"line":28,"column":42}},"loc":{"start":{"line":28,"column":47},"end":{"line":584,"column":1}},"line":28},"4":{"name":"(anonymous_4)","decl":{"start":{"line":38,"column":13},"end":{"line":38,"column":14}},"loc":{"start":{"line":38,"column":19},"end":{"line":44,"column":3}},"line":38},"5":{"name":"(anonymous_5)","decl":{"start":{"line":46,"column":37},"end":{"line":46,"column":38}},"loc":{"start":{"line":46,"column":43},"end":{"line":181,"column":3}},"line":46},"6":{"name":"(anonymous_6)","decl":{"start":{"line":47,"column":53},"end":{"line":47,"column":54}},"loc":{"start":{"line":47,"column":65},"end":{"line":93,"column":5}},"line":47},"7":{"name":"(anonymous_7)","decl":{"start":{"line":95,"column":56},"end":{"line":95,"column":57}},"loc":{"start":{"line":95,"column":68},"end":{"line":123,"column":5}},"line":95},"8":{"name":"(anonymous_8)","decl":{"start":{"line":125,"column":46},"end":{"line":125,"column":47}},"loc":{"start":{"line":125,"column":58},"end":{"line":156,"column":5}},"line":125},"9":{"name":"(anonymous_9)","decl":{"start":{"line":158,"column":48},"end":{"line":158,"column":49}},"loc":{"start":{"line":158,"column":60},"end":{"line":180,"column":5}},"line":158},"10":{"name":"(anonymous_10)","decl":{"start":{"line":183,"column":35},"end":{"line":183,"column":36}},"loc":{"start":{"line":183,"column":41},"end":{"line":298,"column":3}},"line":183},"11":{"name":"(anonymous_11)","decl":{"start":{"line":184,"column":51},"end":{"line":184,"column":52}},"loc":{"start":{"line":184,"column":63},"end":{"line":227,"column":5}},"line":184},"12":{"name":"(anonymous_12)","decl":{"start":{"line":229,"column":48},"end":{"line":229,"column":49}},"loc":{"start":{"line":229,"column":60},"end":{"line":265,"column":5}},"line":229},"13":{"name":"(anonymous_13)","decl":{"start":{"line":249,"column":20},"end":{"line":249,"column":21}},"loc":{"start":{"line":249,"column":26},"end":{"line":251,"column":7}},"line":249},"14":{"name":"(anonymous_14)","decl":{"start":{"line":260,"column":20},"end":{"line":260,"column":21}},"loc":{"start":{"line":260,"column":26},"end":{"line":262,"column":7}},"line":260},"15":{"name":"(anonymous_15)","decl":{"start":{"line":267,"column":47},"end":{"line":267,"column":48}},"loc":{"start":{"line":267,"column":59},"end":{"line":297,"column":5}},"line":267},"16":{"name":"(anonymous_16)","decl":{"start":{"line":300,"column":36},"end":{"line":300,"column":37}},"loc":{"start":{"line":300,"column":42},"end":{"line":363,"column":3}},"line":300},"17":{"name":"(anonymous_17)","decl":{"start":{"line":301,"column":65},"end":{"line":301,"column":66}},"loc":{"start":{"line":301,"column":77},"end":{"line":336,"column":5}},"line":301},"18":{"name":"(anonymous_18)","decl":{"start":{"line":320,"column":22},"end":{"line":320,"column":23}},"loc":{"start":{"line":320,"column":28},"end":{"line":323,"column":9}},"line":320},"19":{"name":"(anonymous_19)","decl":{"start":{"line":338,"column":47},"end":{"line":338,"column":48}},"loc":{"start":{"line":338,"column":59},"end":{"line":362,"column":5}},"line":338},"20":{"name":"(anonymous_20)","decl":{"start":{"line":355,"column":22},"end":{"line":355,"column":23}},"loc":{"start":{"line":355,"column":28},"end":{"line":357,"column":9}},"line":355},"21":{"name":"(anonymous_21)","decl":{"start":{"line":365,"column":47},"end":{"line":365,"column":48}},"loc":{"start":{"line":365,"column":53},"end":{"line":451,"column":3}},"line":365},"22":{"name":"(anonymous_22)","decl":{"start":{"line":366,"column":50},"end":{"line":366,"column":51}},"loc":{"start":{"line":366,"column":62},"end":{"line":404,"column":5}},"line":366},"23":{"name":"(anonymous_23)","decl":{"start":{"line":406,"column":69},"end":{"line":406,"column":70}},"loc":{"start":{"line":406,"column":81},"end":{"line":450,"column":5}},"line":406},"24":{"name":"(anonymous_24)","decl":{"start":{"line":437,"column":20},"end":{"line":437,"column":21}},"loc":{"start":{"line":437,"column":26},"end":{"line":439,"column":7}},"line":437},"25":{"name":"(anonymous_25)","decl":{"start":{"line":453,"column":52},"end":{"line":453,"column":53}},"loc":{"start":{"line":453,"column":58},"end":{"line":522,"column":3}},"line":453},"26":{"name":"(anonymous_26)","decl":{"start":{"line":454,"column":45},"end":{"line":454,"column":46}},"loc":{"start":{"line":454,"column":57},"end":{"line":476,"column":5}},"line":454},"27":{"name":"(anonymous_27)","decl":{"start":{"line":473,"column":20},"end":{"line":473,"column":21}},"loc":{"start":{"line":473,"column":26},"end":{"line":475,"column":7}},"line":473},"28":{"name":"(anonymous_28)","decl":{"start":{"line":478,"column":61},"end":{"line":478,"column":62}},"loc":{"start":{"line":478,"column":73},"end":{"line":500,"column":5}},"line":478},"29":{"name":"(anonymous_29)","decl":{"start":{"line":502,"column":65},"end":{"line":502,"column":66}},"loc":{"start":{"line":502,"column":77},"end":{"line":521,"column":5}},"line":502},"30":{"name":"(anonymous_30)","decl":{"start":{"line":517,"column":20},"end":{"line":517,"column":21}},"loc":{"start":{"line":517,"column":26},"end":{"line":520,"column":7}},"line":517},"31":{"name":"(anonymous_31)","decl":{"start":{"line":524,"column":29},"end":{"line":524,"column":30}},"loc":{"start":{"line":524,"column":35},"end":{"line":583,"column":3}},"line":524},"32":{"name":"(anonymous_32)","decl":{"start":{"line":525,"column":49},"end":{"line":525,"column":50}},"loc":{"start":{"line":525,"column":61},"end":{"line":554,"column":5}},"line":525},"33":{"name":"(anonymous_33)","decl":{"start":{"line":527,"column":53},"end":{"line":527,"column":54}},"loc":{"start":{"line":527,"column":59},"end":{"line":529,"column":7}},"line":527},"34":{"name":"(anonymous_34)","decl":{"start":{"line":548,"column":20},"end":{"line":548,"column":21}},"loc":{"start":{"line":548,"column":26},"end":{"line":550,"column":7}},"line":548},"35":{"name":"(anonymous_35)","decl":{"start":{"line":556,"column":38},"end":{"line":556,"column":39}},"loc":{"start":{"line":556,"column":50},"end":{"line":582,"column":5}},"line":556},"36":{"name":"(anonymous_36)","decl":{"start":{"line":557,"column":42},"end":{"line":557,"column":43}},"loc":{"start":{"line":557,"column":48},"end":{"line":559,"column":7}},"line":557},"37":{"name":"(anonymous_37)","decl":{"start":{"line":576,"column":20},"end":{"line":576,"column":21}},"loc":{"start":{"line":576,"column":26},"end":{"line":578,"column":7}},"line":576}},"branchMap":{"0":{"loc":{"start":{"line":167,"column":6},"end":{"line":172,"column":7}},"type":"if","locations":[{"start":{"line":167,"column":6},"end":{"line":172,"column":7}},{"start":{},"end":{}}],"line":167},"1":{"loc":{"start":{"line":176,"column":6},"end":{"line":179,"column":7}},"type":"if","locations":[{"start":{"line":176,"column":6},"end":{"line":179,"column":7}},{"start":{},"end":{}}],"line":176},"2":{"loc":{"start":{"line":314,"column":6},"end":{"line":335,"column":7}},"type":"if","locations":[{"start":{"line":314,"column":6},"end":{"line":335,"column":7}},{"start":{},"end":{}}],"line":314},"3":{"loc":{"start":{"line":349,"column":6},"end":{"line":361,"column":7}},"type":"if","locations":[{"start":{"line":349,"column":6},"end":{"line":361,"column":7}},{"start":{},"end":{}}],"line":349}},"s":{"0":0,"1":0,"2":0,"3":0,"4":0,"5":0,"6":0,"7":0,"8":0,"9":0,"10":0,"11":0,"12":0,"13":0,"14":0,"15":0,"16":0,"17":0,"18":0,"19":0,"20":0,"21":0,"22":0,"23":0,"24":0,"25":0,"26":0,"27":0,"28":0,"29":0,"30":0,"31":0,"32":0,"33":0,"34":0,"35":0,"36":0,"37":0,"38":0,"39":0,"40":0,"41":0,"42":0,"43":0,"44":0,"45":0,"46":0,"47":0,"48":0,"49":0,"50":0,"51":0,"52":0,"53":0,"54":0,"55":0,"56":0,"57":0,"58":0,"59":0,"60":0,"61":0,"62":0,"63":0,"64":0,"65":0,"66":0,"67":0,"68":0,"69":0,"70":0,"71":0,"72":0,"73":0,"74":0,"75":0,"76":0,"77":0,"78":0,"79":0,"80":0,"81":0,"82":0,"83":0,"84":0,"85":0,"86":0,"87":0,"88":0,"89":0,"90":0,"91":0,"92":0,"93":0,"94":0,"95":0,"96":0,"97":0,"98":0,"99":0,"100":0,"101":0,"102":0,"103":0,"104":0,"105":0,"106":0,"107":0,"108":0,"109":0,"110":0,"111":0,"112":0,"113":0,"114":0,"115":0,"116":0,"117":0,"118":0,"119":0,"120":0,"121":0,"122":0,"123":0,"124":0,"125":0,"126":0,"127":0,"128":0,"129":0,"130":0,"131":0,"132":0,"133":0,"134":0,"135":0,"136":0,"137":0,"138":0,"139":0,"140":0,"141":0,"142":0,"143":0,"144":0,"145":0,"146":0,"147":0,"148":0,"149":0,"150":0,"151":0,"152":0,"153":0,"154":0,"155":0,"156":0,"157":0,"158":0,"159":0,"160":0,"161":0,"162":0,"163":0,"164":0,"165":0,"166":0,"167":0,"168":0,"169":0,"170":0,"171":0,"172":0,"173":0,"174":0,"175":0,"176":0,"177":0,"178":0,"179":0,"180":0,"181":0,"182":0,"183":0,"184":0,"185":0,"186":0,"187":0,"188":0,"189":0,"190":0,"191":0,"192":0,"193":0,"194":0,"195":0,"196":0,"197":0,"198":0,"199":0,"200":0,"201":0,"202":0,"203":0,"204":0,"205":0,"206":0,"207":0,"208":0,"209":0,"210":0,"211":0,"212":0,"213":0,"214":0,"215":0,"216":0,"217":0,"218":0,"219":0,"220":0,"221":0,"222":0,"223":0,"224":0,"225":0,"226":0,"227":0,"228":0,"229":0,"230":0,"231":0,"232":0,"233":0,"234":0},"f":{"0":0,"1":0,"2":0,"3":0,"4":0,"5":0,"6":0,"7":0,"8":0,"9":0,"10":0,"11":0,"12":0,"13":0,"14":0,"15":0,"16":0,"17":0,"18":0,"19":0,"20":0,"21":0,"22":0,"23":0,"24":0,"25":0,"26":0,"27":0,"28":0,"29":0,"30":0,"31":0,"32":0,"33":0,"34":0,"35":0,"36":0,"37":0},"b":{"0":[0,0],"1":[0,0],"2":[0,0],"3":[0,0]}}
,"/home/shawnstorie/sprkz-ng/sprkz-pdf-forms/src/__tests__/e2e/wizardNavigation.test.tsx": {"path":"/home/shawnstorie/sprkz-ng/sprkz-pdf-forms/src/__tests__/e2e/wizardNavigation.test.tsx","statementMap":{"0":{"start":{"line":11,"column":0},"end":{"line":11,"column":39}},"1":{"start":{"line":12,"column":0},"end":{"line":12,"column":46}},"2":{"start":{"line":13,"column":0},"end":{"line":13,"column":43}},"3":{"start":{"line":15,"column":25},"end":{"line":15,"column":74}},"4":{"start":{"line":16,"column":32},"end":{"line":16,"column":95}},"5":{"start":{"line":17,"column":29},"end":{"line":17,"column":86}},"6":{"start":{"line":20,"column":25},"end":{"line":20,"column":46}},"7":{"start":{"line":21,"column":0},"end":{"line":24,"column":3}},"8":{"start":{"line":22,"column":23},"end":{"line":22,"column":39}},"9":{"start":{"line":26,"column":0},"end":{"line":743,"column":3}},"10":{"start":{"line":32,"column":21},"end":{"line":32,"column":62}},"11":{"start":{"line":33,"column":23},"end":{"line":33,"column":49}},"12":{"start":{"line":36,"column":25},"end":{"line":134,"column":3}},"13":{"start":{"line":136,"column":2},"end":{"line":187,"column":5}},"14":{"start":{"line":137,"column":4},"end":{"line":137,"column":29}},"15":{"start":{"line":138,"column":4},"end":{"line":138,"column":25}},"16":{"start":{"line":141,"column":4},"end":{"line":148,"column":13}},"17":{"start":{"line":150,"column":4},"end":{"line":150,"column":64}},"18":{"start":{"line":151,"column":4},"end":{"line":151,"column":67}},"19":{"start":{"line":152,"column":4},"end":{"line":155,"column":7}},"20":{"start":{"line":156,"column":4},"end":{"line":156,"column":95}},"21":{"start":{"line":158,"column":4},"end":{"line":158,"column":65}},"22":{"start":{"line":161,"column":4},"end":{"line":165,"column":13}},"23":{"start":{"line":167,"column":4},"end":{"line":167,"column":87}},"24":{"start":{"line":168,"column":4},"end":{"line":172,"column":7}},"25":{"start":{"line":174,"column":4},"end":{"line":174,"column":79}},"26":{"start":{"line":177,"column":4},"end":{"line":181,"column":13}},"27":{"start":{"line":183,"column":4},"end":{"line":183,"column":73}},"28":{"start":{"line":186,"column":4},"end":{"line":186,"column":77}},"29":{"start":{"line":186,"column":44},"end":{"line":186,"column":75}},"30":{"start":{"line":189,"column":2},"end":{"line":459,"column":5}},"31":{"start":{"line":190,"column":4},"end":{"line":235,"column":7}},"32":{"start":{"line":191,"column":6},"end":{"line":191,"column":52}},"33":{"start":{"line":193,"column":6},"end":{"line":195,"column":9}},"34":{"start":{"line":194,"column":8},"end":{"line":194,"column":80}},"35":{"start":{"line":198,"column":6},"end":{"line":198,"column":71}},"36":{"start":{"line":201,"column":6},"end":{"line":204,"column":9}},"37":{"start":{"line":202,"column":8},"end":{"line":202,"column":73}},"38":{"start":{"line":203,"column":8},"end":{"line":203,"column":68}},"39":{"start":{"line":207,"column":6},"end":{"line":207,"column":68}},"40":{"start":{"line":208,"column":6},"end":{"line":208,"column":70}},"41":{"start":{"line":211,"column":6},"end":{"line":214,"column":9}},"42":{"start":{"line":212,"column":30},"end":{"line":212,"column":65}},"43":{"start":{"line":213,"column":8},"end":{"line":213,"column":44}},"44":{"start":{"line":217,"column":6},"end":{"line":217,"column":66}},"45":{"start":{"line":218,"column":6},"end":{"line":218,"column":70}},"46":{"start":{"line":221,"column":6},"end":{"line":224,"column":9}},"47":{"start":{"line":222,"column":27},"end":{"line":222,"column":58}},"48":{"start":{"line":223,"column":8},"end":{"line":223,"column":41}},"49":{"start":{"line":227,"column":6},"end":{"line":227,"column":79}},"50":{"start":{"line":228,"column":6},"end":{"line":228,"column":70}},"51":{"start":{"line":231,"column":6},"end":{"line":234,"column":9}},"52":{"start":{"line":232,"column":8},"end":{"line":232,"column":68}},"53":{"start":{"line":233,"column":8},"end":{"line":233,"column":71}},"54":{"start":{"line":237,"column":4},"end":{"line":275,"column":7}},"55":{"start":{"line":238,"column":6},"end":{"line":238,"column":52}},"56":{"start":{"line":240,"column":6},"end":{"line":242,"column":9}},"57":{"start":{"line":241,"column":8},"end":{"line":241,"column":80}},"58":{"start":{"line":244,"column":6},"end":{"line":244,"column":71}},"59":{"start":{"line":247,"column":6},"end":{"line":247,"column":68}},"60":{"start":{"line":248,"column":6},"end":{"line":248,"column":70}},"61":{"start":{"line":250,"column":6},"end":{"line":250,"column":66}},"62":{"start":{"line":251,"column":6},"end":{"line":251,"column":70}},"63":{"start":{"line":253,"column":6},"end":{"line":253,"column":75}},"64":{"start":{"line":254,"column":6},"end":{"line":254,"column":70}},"65":{"start":{"line":257,"column":25},"end":{"line":257,"column":70}},"66":{"start":{"line":258,"column":6},"end":{"line":258,"column":35}},"67":{"start":{"line":261,"column":6},"end":{"line":265,"column":9}},"68":{"start":{"line":262,"column":8},"end":{"line":262,"column":68}},"69":{"start":{"line":263,"column":8},"end":{"line":263,"column":62}},"70":{"start":{"line":264,"column":8},"end":{"line":264,"column":81}},"71":{"start":{"line":268,"column":6},"end":{"line":268,"column":35}},"72":{"start":{"line":271,"column":6},"end":{"line":274,"column":9}},"73":{"start":{"line":272,"column":8},"end":{"line":272,"column":66}},"74":{"start":{"line":273,"column":8},"end":{"line":273,"column":68}},"75":{"start":{"line":277,"column":4},"end":{"line":305,"column":7}},"76":{"start":{"line":278,"column":6},"end":{"line":278,"column":52}},"77":{"start":{"line":280,"column":6},"end":{"line":282,"column":9}},"78":{"start":{"line":281,"column":8},"end":{"line":281,"column":80}},"79":{"start":{"line":284,"column":6},"end":{"line":284,"column":71}},"80":{"start":{"line":287,"column":26},"end":{"line":287,"column":57}},"81":{"start":{"line":288,"column":6},"end":{"line":288,"column":64}},"82":{"start":{"line":289,"column":6},"end":{"line":289,"column":66}},"83":{"start":{"line":292,"column":6},"end":{"line":292,"column":69}},"84":{"start":{"line":295,"column":6},"end":{"line":295,"column":68}},"85":{"start":{"line":296,"column":6},"end":{"line":296,"column":70}},"86":{"start":{"line":299,"column":6},"end":{"line":301,"column":9}},"87":{"start":{"line":300,"column":8},"end":{"line":300,"column":71}},"88":{"start":{"line":303,"column":30},"end":{"line":303,"column":71}},"89":{"start":{"line":304,"column":6},"end":{"line":304,"column":60}},"90":{"start":{"line":307,"column":4},"end":{"line":335,"column":7}},"91":{"start":{"line":308,"column":6},"end":{"line":308,"column":52}},"92":{"start":{"line":310,"column":6},"end":{"line":312,"column":9}},"93":{"start":{"line":311,"column":8},"end":{"line":311,"column":80}},"94":{"start":{"line":314,"column":6},"end":{"line":314,"column":71}},"95":{"start":{"line":317,"column":29},"end":{"line":317,"column":86}},"96":{"start":{"line":318,"column":6},"end":{"line":318,"column":39}},"97":{"start":{"line":321,"column":6},"end":{"line":323,"column":9}},"98":{"start":{"line":322,"column":8},"end":{"line":322,"column":68}},"99":{"start":{"line":326,"column":6},"end":{"line":326,"column":95}},"100":{"start":{"line":329,"column":6},"end":{"line":329,"column":70}},"101":{"start":{"line":331,"column":6},"end":{"line":334,"column":9}},"102":{"start":{"line":332,"column":8},"end":{"line":332,"column":68}},"103":{"start":{"line":333,"column":8},"end":{"line":333,"column":67}},"104":{"start":{"line":337,"column":4},"end":{"line":410,"column":7}},"105":{"start":{"line":338,"column":6},"end":{"line":338,"column":52}},"106":{"start":{"line":340,"column":6},"end":{"line":342,"column":9}},"107":{"start":{"line":341,"column":8},"end":{"line":341,"column":80}},"108":{"start":{"line":344,"column":6},"end":{"line":344,"column":71}},"109":{"start":{"line":347,"column":6},"end":{"line":347,"column":68}},"110":{"start":{"line":348,"column":6},"end":{"line":348,"column":70}},"111":{"start":{"line":350,"column":6},"end":{"line":350,"column":66}},"112":{"start":{"line":351,"column":6},"end":{"line":351,"column":70}},"113":{"start":{"line":353,"column":6},"end":{"line":353,"column":75}},"114":{"start":{"line":354,"column":6},"end":{"line":354,"column":70}},"115":{"start":{"line":357,"column":6},"end":{"line":357,"column":79}},"116":{"start":{"line":358,"column":6},"end":{"line":358,"column":70}},"117":{"start":{"line":361,"column":6},"end":{"line":361,"column":65}},"118":{"start":{"line":362,"column":6},"end":{"line":362,"column":70}},"119":{"start":{"line":365,"column":6},"end":{"line":368,"column":9}},"120":{"start":{"line":366,"column":30},"end":{"line":366,"column":61}},"121":{"start":{"line":367,"column":8},"end":{"line":367,"column":44}},"122":{"start":{"line":371,"column":28},"end":{"line":371,"column":59}},"123":{"start":{"line":372,"column":6},"end":{"line":372,"column":38}},"124":{"start":{"line":373,"column":6},"end":{"line":373,"column":47}},"125":{"start":{"line":375,"column":6},"end":{"line":375,"column":70}},"126":{"start":{"line":378,"column":6},"end":{"line":378,"column":67}},"127":{"start":{"line":379,"column":6},"end":{"line":379,"column":70}},"128":{"start":{"line":382,"column":6},"end":{"line":385,"column":9}},"129":{"start":{"line":383,"column":8},"end":{"line":383,"column":68}},"130":{"start":{"line":384,"column":8},"end":{"line":384,"column":73}},"131":{"start":{"line":388,"column":6},"end":{"line":388,"column":79}},"132":{"start":{"line":389,"column":6},"end":{"line":389,"column":70}},"133":{"start":{"line":391,"column":6},"end":{"line":391,"column":72}},"134":{"start":{"line":392,"column":6},"end":{"line":392,"column":70}},"135":{"start":{"line":395,"column":6},"end":{"line":398,"column":9}},"136":{"start":{"line":396,"column":30},"end":{"line":396,"column":65}},"137":{"start":{"line":397,"column":8},"end":{"line":397,"column":44}},"138":{"start":{"line":401,"column":28},"end":{"line":401,"column":63}},"139":{"start":{"line":402,"column":6},"end":{"line":402,"column":38}},"140":{"start":{"line":404,"column":6},"end":{"line":404,"column":70}},"141":{"start":{"line":407,"column":6},"end":{"line":409,"column":9}},"142":{"start":{"line":408,"column":8},"end":{"line":408,"column":68}},"143":{"start":{"line":412,"column":4},"end":{"line":458,"column":7}},"144":{"start":{"line":413,"column":6},"end":{"line":413,"column":52}},"145":{"start":{"line":415,"column":6},"end":{"line":417,"column":9}},"146":{"start":{"line":416,"column":8},"end":{"line":416,"column":80}},"147":{"start":{"line":420,"column":6},"end":{"line":420,"column":71}},"148":{"start":{"line":423,"column":28},"end":{"line":427,"column":7}},"149":{"start":{"line":424,"column":8},"end":{"line":424,"column":70}},"150":{"start":{"line":425,"column":8},"end":{"line":425,"column":72}},"151":{"start":{"line":433,"column":29},"end":{"line":433,"column":86}},"152":{"start":{"line":434,"column":6},"end":{"line":434,"column":39}},"153":{"start":{"line":437,"column":33},"end":{"line":437,"column":77}},"154":{"start":{"line":438,"column":35},"end":{"line":438,"column":81}},"155":{"start":{"line":440,"column":6},"end":{"line":440,"column":43}},"156":{"start":{"line":441,"column":6},"end":{"line":441,"column":45}},"157":{"start":{"line":444,"column":6},"end":{"line":444,"column":70}},"158":{"start":{"line":447,"column":6},"end":{"line":450,"column":9}},"159":{"start":{"line":448,"column":8},"end":{"line":448,"column":76}},"160":{"start":{"line":449,"column":8},"end":{"line":449,"column":82}},"161":{"start":{"line":453,"column":6},"end":{"line":453,"column":70}},"162":{"start":{"line":455,"column":6},"end":{"line":457,"column":9}},"163":{"start":{"line":456,"column":8},"end":{"line":456,"column":74}},"164":{"start":{"line":461,"column":2},"end":{"line":587,"column":5}},"165":{"start":{"line":462,"column":4},"end":{"line":492,"column":7}},"166":{"start":{"line":463,"column":6},"end":{"line":463,"column":52}},"167":{"start":{"line":465,"column":6},"end":{"line":467,"column":9}},"168":{"start":{"line":466,"column":8},"end":{"line":466,"column":80}},"169":{"start":{"line":469,"column":6},"end":{"line":469,"column":71}},"170":{"start":{"line":472,"column":6},"end":{"line":472,"column":68}},"171":{"start":{"line":473,"column":6},"end":{"line":473,"column":70}},"172":{"start":{"line":475,"column":6},"end":{"line":475,"column":66}},"173":{"start":{"line":476,"column":6},"end":{"line":476,"column":70}},"174":{"start":{"line":478,"column":6},"end":{"line":478,"column":75}},"175":{"start":{"line":481,"column":29},"end":{"line":481,"column":86}},"176":{"start":{"line":482,"column":6},"end":{"line":482,"column":39}},"177":{"start":{"line":485,"column":29},"end":{"line":485,"column":86}},"178":{"start":{"line":486,"column":6},"end":{"line":486,"column":39}},"179":{"start":{"line":489,"column":6},"end":{"line":489,"column":67}},"180":{"start":{"line":490,"column":6},"end":{"line":490,"column":66}},"181":{"start":{"line":491,"column":6},"end":{"line":491,"column":79}},"182":{"start":{"line":494,"column":4},"end":{"line":541,"column":7}},"183":{"start":{"line":496,"column":6},"end":{"line":501,"column":9}},"184":{"start":{"line":497,"column":8},"end":{"line":499,"column":9}},"185":{"start":{"line":498,"column":10},"end":{"line":498,"column":84}},"186":{"start":{"line":500,"column":8},"end":{"line":500,"column":45}},"187":{"start":{"line":503,"column":6},"end":{"line":503,"column":52}},"188":{"start":{"line":505,"column":6},"end":{"line":507,"column":9}},"189":{"start":{"line":506,"column":8},"end":{"line":506,"column":80}},"190":{"start":{"line":509,"column":6},"end":{"line":509,"column":71}},"191":{"start":{"line":512,"column":6},"end":{"line":512,"column":68}},"192":{"start":{"line":513,"column":6},"end":{"line":513,"column":70}},"193":{"start":{"line":515,"column":6},"end":{"line":515,"column":66}},"194":{"start":{"line":516,"column":6},"end":{"line":516,"column":70}},"195":{"start":{"line":518,"column":6},"end":{"line":518,"column":72}},"196":{"start":{"line":519,"column":6},"end":{"line":519,"column":70}},"197":{"start":{"line":522,"column":6},"end":{"line":524,"column":9}},"198":{"start":{"line":523,"column":8},"end":{"line":523,"column":91}},"199":{"start":{"line":527,"column":6},"end":{"line":527,"column":66}},"200":{"start":{"line":528,"column":6},"end":{"line":528,"column":60}},"201":{"start":{"line":531,"column":25},"end":{"line":531,"column":56}},"202":{"start":{"line":532,"column":6},"end":{"line":532,"column":35}},"203":{"start":{"line":533,"column":6},"end":{"line":533,"column":54}},"204":{"start":{"line":535,"column":6},"end":{"line":535,"column":70}},"205":{"start":{"line":538,"column":6},"end":{"line":540,"column":9}},"206":{"start":{"line":539,"column":8},"end":{"line":539,"column":68}},"207":{"start":{"line":543,"column":4},"end":{"line":586,"column":7}},"208":{"start":{"line":544,"column":6},"end":{"line":544,"column":52}},"209":{"start":{"line":546,"column":6},"end":{"line":548,"column":9}},"210":{"start":{"line":547,"column":8},"end":{"line":547,"column":80}},"211":{"start":{"line":551,"column":34},"end":{"line":551,"column":100}},"212":{"start":{"line":551,"column":65},"end":{"line":551,"column":99}},"213":{"start":{"line":554,"column":6},"end":{"line":554,"column":71}},"214":{"start":{"line":557,"column":29},"end":{"line":557,"column":86}},"215":{"start":{"line":558,"column":6},"end":{"line":558,"column":39}},"216":{"start":{"line":561,"column":6},"end":{"line":561,"column":69}},"217":{"start":{"line":562,"column":6},"end":{"line":562,"column":71}},"218":{"start":{"line":565,"column":6},"end":{"line":565,"column":68}},"219":{"start":{"line":568,"column":6},"end":{"line":570,"column":9}},"220":{"start":{"line":569,"column":8},"end":{"line":569,"column":82}},"221":{"start":{"line":573,"column":6},"end":{"line":573,"column":70}},"222":{"start":{"line":576,"column":6},"end":{"line":576,"column":79}},"223":{"start":{"line":579,"column":6},"end":{"line":581,"column":9}},"224":{"start":{"line":580,"column":8},"end":{"line":580,"column":84}},"225":{"start":{"line":584,"column":26},"end":{"line":584,"column":57}},"226":{"start":{"line":585,"column":6},"end":{"line":585,"column":66}},"227":{"start":{"line":589,"column":2},"end":{"line":665,"column":5}},"228":{"start":{"line":590,"column":4},"end":{"line":629,"column":7}},"229":{"start":{"line":591,"column":6},"end":{"line":591,"column":52}},"230":{"start":{"line":593,"column":6},"end":{"line":595,"column":9}},"231":{"start":{"line":594,"column":8},"end":{"line":594,"column":80}},"232":{"start":{"line":598,"column":26},"end":{"line":598,"column":72}},"233":{"start":{"line":599,"column":6},"end":{"line":599,"column":26}},"234":{"start":{"line":600,"column":6},"end":{"line":600,"column":55}},"235":{"start":{"line":602,"column":6},"end":{"line":605,"column":9}},"236":{"start":{"line":603,"column":31},"end":{"line":603,"column":67}},"237":{"start":{"line":604,"column":8},"end":{"line":604,"column":45}},"238":{"start":{"line":608,"column":29},"end":{"line":608,"column":65}},"239":{"start":{"line":609,"column":6},"end":{"line":609,"column":46}},"240":{"start":{"line":611,"column":6},"end":{"line":611,"column":56}},"241":{"start":{"line":614,"column":28},"end":{"line":614,"column":63}},"242":{"start":{"line":615,"column":6},"end":{"line":615,"column":42}},"243":{"start":{"line":618,"column":6},"end":{"line":618,"column":44}},"244":{"start":{"line":620,"column":25},"end":{"line":620,"column":70}},"245":{"start":{"line":621,"column":6},"end":{"line":621,"column":25}},"246":{"start":{"line":622,"column":6},"end":{"line":622,"column":54}},"247":{"start":{"line":625,"column":6},"end":{"line":628,"column":9}},"248":{"start":{"line":626,"column":27},"end":{"line":626,"column":58}},"249":{"start":{"line":627,"column":8},"end":{"line":627,"column":41}},"250":{"start":{"line":631,"column":4},"end":{"line":664,"column":7}},"251":{"start":{"line":632,"column":6},"end":{"line":632,"column":52}},"252":{"start":{"line":634,"column":6},"end":{"line":636,"column":9}},"253":{"start":{"line":635,"column":8},"end":{"line":635,"column":80}},"254":{"start":{"line":638,"column":6},"end":{"line":638,"column":71}},"255":{"start":{"line":641,"column":27},"end":{"line":641,"column":53}},"256":{"start":{"line":642,"column":6},"end":{"line":642,"column":73}},"257":{"start":{"line":645,"column":6},"end":{"line":645,"column":68}},"258":{"start":{"line":646,"column":6},"end":{"line":646,"column":70}},"259":{"start":{"line":649,"column":6},"end":{"line":651,"column":9}},"260":{"start":{"line":650,"column":8},"end":{"line":650,"column":74}},"261":{"start":{"line":654,"column":6},"end":{"line":654,"column":66}},"262":{"start":{"line":655,"column":6},"end":{"line":655,"column":70}},"263":{"start":{"line":657,"column":6},"end":{"line":657,"column":75}},"264":{"start":{"line":658,"column":6},"end":{"line":658,"column":70}},"265":{"start":{"line":661,"column":6},"end":{"line":663,"column":9}},"266":{"start":{"line":662,"column":8},"end":{"line":662,"column":71}},"267":{"start":{"line":667,"column":2},"end":{"line":742,"column":5}},"268":{"start":{"line":668,"column":4},"end":{"line":693,"column":7}},"269":{"start":{"line":670,"column":30},"end":{"line":679,"column":14}},"270":{"start":{"line":681,"column":6},"end":{"line":681,"column":70}},"271":{"start":{"line":683,"column":6},"end":{"line":683,"column":52}},"272":{"start":{"line":685,"column":6},"end":{"line":687,"column":9}},"273":{"start":{"line":686,"column":8},"end":{"line":686,"column":80}},"274":{"start":{"line":690,"column":6},"end":{"line":690,"column":71}},"275":{"start":{"line":692,"column":6},"end":{"line":692,"column":71}},"276":{"start":{"line":695,"column":4},"end":{"line":714,"column":7}},"277":{"start":{"line":697,"column":33},"end":{"line":697,"column":93}},"278":{"start":{"line":697,"column":62},"end":{"line":697,"column":91}},"279":{"start":{"line":698,"column":6},"end":{"line":698,"column":73}},"280":{"start":{"line":700,"column":6},"end":{"line":700,"column":52}},"281":{"start":{"line":702,"column":6},"end":{"line":704,"column":9}},"282":{"start":{"line":703,"column":8},"end":{"line":703,"column":80}},"283":{"start":{"line":706,"column":6},"end":{"line":706,"column":71}},"284":{"start":{"line":709,"column":6},"end":{"line":711,"column":9}},"285":{"start":{"line":710,"column":8},"end":{"line":710,"column":84}},"286":{"start":{"line":713,"column":6},"end":{"line":713,"column":79}},"287":{"start":{"line":716,"column":4},"end":{"line":741,"column":7}},"288":{"
[...]
ame":"(anonymous_14)","decl":{"start":{"line":142,"column":41},"end":{"line":142,"column":42}},"loc":{"start":{"line":142,"column":50},"end":{"line":142,"column":86}},"line":142},"15":{"name":"(anonymous_15)","decl":{"start":{"line":156,"column":2},"end":{"line":156,"column":3}},"loc":{"start":{"line":160,"column":4},"end":{"line":220,"column":3}},"line":160},"16":{"name":"(anonymous_16)","decl":{"start":{"line":204,"column":58},"end":{"line":204,"column":59}},"loc":{"start":{"line":204,"column":67},"end":{"line":204,"column":103}},"line":204},"17":{"name":"(anonymous_17)","decl":{"start":{"line":205,"column":61},"end":{"line":205,"column":62}},"loc":{"start":{"line":205,"column":70},"end":{"line":205,"column":106}},"line":205},"18":{"name":"(anonymous_18)","decl":{"start":{"line":225,"column":2},"end":{"line":225,"column":3}},"loc":{"start":{"line":225,"column":83},"end":{"line":227,"column":3}},"line":225},"19":{"name":"(anonymous_19)","decl":{"start":{"line":226,"column":23},"end":{"line":226,"column":24}},"loc":{"start":{"line":226,"column":32},"end":{"line":226,"column":56}},"line":226},"20":{"name":"(anonymous_20)","decl":{"start":{"line":232,"column":2},"end":{"line":232,"column":3}},"loc":{"start":{"line":232,"column":79},"end":{"line":234,"column":3}},"line":232},"21":{"name":"(anonymous_21)","decl":{"start":{"line":233,"column":25},"end":{"line":233,"column":26}},"loc":{"start":{"line":233,"column":34},"end":{"line":233,"column":59}},"line":233},"22":{"name":"(anonymous_22)","decl":{"start":{"line":239,"column":2},"end":{"line":239,"column":3}},"loc":{"start":{"line":239,"column":65},"end":{"line":245,"column":3}},"line":239},"23":{"name":"(anonymous_23)","decl":{"start":{"line":250,"column":2},"end":{"line":250,"column":3}},"loc":{"start":{"line":250,"column":69},"end":{"line":271,"column":3}},"line":250},"24":{"name":"(anonymous_24)","decl":{"start":{"line":276,"column":2},"end":{"line":276,"column":3}},"loc":{"start":{"line":276,"column":52},"end":{"line":292,"column":3}},"line":276},"25":{"name":"(anonymous_25)","decl":{"start":{"line":297,"column":2},"end":{"line":297,"column":3}},"loc":{"start":{"line":297,"column":84},"end":{"line":328,"column":3}},"line":297},"26":{"name":"(anonymous_26)","decl":{"start":{"line":316,"column":64},"end":{"line":316,"column":65}},"loc":{"start":{"line":316,"column":69},"end":{"line":316,"column":101}},"line":316}},"branchMap":{"0":{"loc":{"start":{"line":29,"column":6},"end":{"line":39,"column":7}},"type":"if","locations":[{"start":{"line":29,"column":6},"end":{"line":39,"column":7}},{"start":{"line":31,"column":13},"end":{"line":39,"column":7}}],"line":29},"1":{"loc":{"start":{"line":31,"column":13},"end":{"line":39,"column":7}},"type":"if","locations":[{"start":{"line":31,"column":13},"end":{"line":39,"column":7}},{"start":{"line":35,"column":13},"end":{"line":39,"column":7}}],"line":31},"2":{"loc":{"start":{"line":31,"column":17},"end":{"line":33,"column":58}},"type":"binary-expr","locations":[{"start":{"line":31,"column":17},"end":{"line":31,"column":43}},{"start":{"line":32,"column":17},"end":{"line":32,"column":63}},{"start":{"line":33,"column":17},"end":{"line":33,"column":58}}],"line":31},"3":{"loc":{"start":{"line":35,"column":13},"end":{"line":39,"column":7}},"type":"if","locations":[{"start":{"line":35,"column":13},"end":{"line":39,"column":7}},{"start":{"line":37,"column":13},"end":{"line":39,"column":7}}],"line":35},"4":{"loc":{"start":{"line":51,"column":6},"end":{"line":53,"column":43}},"type":"binary-expr","locations":[{"start":{"line":51,"column":6},"end":{"line":51,"column":20}},{"start":{"line":52,"column":6},"end":{"line":52,"column":21}},{"start":{"line":53,"column":6},"end":{"line":53,"column":43}}],"line":51},"5":{"loc":{"start":{"line":56,"column":4},"end":{"line":59,"column":5}},"type":"if","locations":[{"start":{"line":56,"column":4},"end":{"line":59,"column":5}},{"start":{},"end":{}}],"line":56},"6":{"loc":{"start":{"line":63,"column":6},"end":{"line":65,"column":43}},"type":"binary-expr","locations":[{"start":{"line":63,"column":7},"end":{"line":63,"column":33}},{"start":{"line":64,"column":7},"end":{"line":64,"column":53}},{"start":{"line":65,"column":6},"end":{"line":65,"column":43}}],"line":63},"7":{"loc":{"start":{"line":68,"column":4},"end":{"line":70,"column":5}},"type":"if","locations":[{"start":{"line":68,"column":4},"end":{"line":70,"column":5}},{"start":{},"end":{}}],"line":68},"8":{"loc":{"start":{"line":81,"column":6},"end":{"line":83,"column":43}},"type":"binary-expr","locations":[{"start":{"line":81,"column":6},"end":{"line":81,"column":20}},{"start":{"line":82,"column":6},"end":{"line":82,"column":21}},{"start":{"line":83,"column":6},"end":{"line":83,"column":43}}],"line":81},"9":{"loc":{"start":{"line":94,"column":6},"end":{"line":97,"column":43}},"type":"binary-expr","locations":[{"start":{"line":94,"column":7},"end":{"line":94,"column":33}},{"start":{"line":95,"column":7},"end":{"line":95,"column":53}},{"start":{"line":96,"column":7},"end":{"line":96,"column":48}},{"start":{"line":97,"column":6},"end":{"line":97,"column":43}}],"line":94},"10":{"loc":{"start":{"line":109,"column":6},"end":{"line":111,"column":7}},"type":"if","locations":[{"start":{"line":109,"column":6},"end":{"line":111,"column":7}},{"start":{},"end":{}}],"line":109},"11":{"loc":{"start":{"line":119,"column":6},"end":{"line":121,"column":7}},"type":"if","locations":[{"start":{"line":119,"column":6},"end":{"line":121,"column":7}},{"start":{},"end":{}}],"line":119},"12":{"loc":{"start":{"line":140,"column":50},"end":{"line":140,"column":83}},"type":"binary-expr","locations":[{"start":{"line":140,"column":50},"end":{"line":140,"column":64}},{"start":{"line":140,"column":68},"end":{"line":140,"column":83}}],"line":140},"13":{"loc":{"start":{"line":145,"column":18},"end":{"line":145,"column":120}},"type":"cond-expr","locations":[{"start":{"line":145,"column":46},"end":{"line":145,"column":114}},{"start":{"line":145,"column":117},"end":{"line":145,"column":120}}],"line":145},"14":{"loc":{"start":{"line":166,"column":4},"end":{"line":172,"column":5}},"type":"if","locations":[{"start":{"line":166,"column":4},"end":{"line":172,"column":5}},{"start":{},"end":{}}],"line":166},"15":{"loc":{"start":{"line":166,"column":8},"end":{"line":166,"column":77}},"type":"binary-expr","locations":[{"start":{"line":166,"column":8},"end":{"line":166,"column":40}},{"start":{"line":166,"column":44},"end":{"line":166,"column":77}}],"line":166},"16":{"loc":{"start":{"line":175,"column":4},"end":{"line":181,"column":5}},"type":"if","locations":[{"start":{"line":175,"column":4},"end":{"line":181,"column":5}},{"start":{},"end":{}}],"line":175},"17":{"loc":{"start":{"line":184,"column":4},"end":{"line":191,"column":5}},"type":"if","locations":[{"start":{"line":184,"column":4},"end":{"line":191,"column":5}},{"start":{},"end":{}}],"line":184},"18":{"loc":{"start":{"line":194,"column":4},"end":{"line":201,"column":5}},"type":"if","locations":[{"start":{"line":194,"column":4},"end":{"line":201,"column":5}},{"start":{},"end":{}}],"line":194},"19":{"loc":{"start":{"line":207,"column":4},"end":{"line":213,"column":5}},"type":"if","locations":[{"start":{"line":207,"column":4},"end":{"line":213,"column":5}},{"start":{},"end":{}}],"line":207},"20":{"loc":{"start":{"line":207,"column":8},"end":{"line":207,"column":52}},"type":"binary-expr","locations":[{"start":{"line":207,"column":8},"end":{"line":207,"column":27}},{"start":{"line":207,"column":31},"end":{"line":207,"column":52}}],"line":207},"21":{"loc":{"start":{"line":226,"column":11},"end":{"line":226,"column":65}},"type":"binary-expr","locations":[{"start":{"line":226,"column":11},"end":{"line":226,"column":57}},{"start":{"line":226,"column":61},"end":{"line":226,"column":65}}],"line":226},"22":{"loc":{"start":{"line":242,"column":14},"end":{"line":242,"column":64}},"type":"cond-expr","locations":[{"start":{"line":242,"column":43},"end":{"line":242,"column":54}},{"start":{"line":242,"column":57},"end":{"line":242,"column":64}}],"line":242},"23":{"loc":{"start":{"line":251,"column":4},"end":{"line":251,"column":36}},"type":"if","locations":[{"start":{"line":251,"column":4},"end":{"line":251,"column":36}},{"start":{},"end":{}}],"line":251},"24":{"loc":{"start":{"line":253,"column":4},"end":{"line":270,"column":5}},"type":"switch","locations":[{"start":{"line":254,"column":6},"end":{"line":254,"column":18}},{"start":{"line":255,"column":6},"end":{"line":256,"column":68}},{"start":{"line":258,"column":6},"end":{"line":259,"column":42}},{"start":{"line":261,"column":6},"end":{"line":261,"column":19}},{"start":{"line":262,"column":6},"end":{"line":263,"column":61}},{"start":{"line":265,"column":6},"end":{"line":266,"column":61}},{"start":{"line":268,"column":6},"end":{"line":269,"column":69}}],"line":253},"25":{"loc":{"start":{"line":256,"column":15},"end":{"line":256,"column":67}},"type":"binary-expr","locations":[{"start":{"line":256,"column":15},"end":{"line":256,"column":40}},{"start":{"line":256,"column":44},"end":{"line":256,"column":67}}],"line":256},"26":{"loc":{"start":{"line":263,"column":15},"end":{"line":263,"column":60}},"type":"binary-expr","locations":[{"start":{"line":263,"column":15},"end":{"line":263,"column":40}},{"start":{"line":263,"column":44},"end":{"line":263,"column":60}}],"line":263},"27":{"loc":{"start":{"line":266,"column":15},"end":{"line":266,"column":60}},"type":"binary-expr","locations":[{"start":{"line":266,"column":15},"end":{"line":266,"column":40}},{"start":{"line":266,"column":44},"end":{"line":266,"column":60}}],"line":266},"28":{"loc":{"start":{"line":269,"column":15},"end":{"line":269,"column":68}},"type":"binary-expr","locations":[{"start":{"line":269,"column":15},"end":{"line":269,"column":29}},{"start":{"line":269,"column":33},"end":{"line":269,"column":52}},{"start":{"line":269,"column":56},"end":{"line":269,"column":68}}],"line":269},"29":{"loc":{"start":{"line":280,"column":4},"end":{"line":280,"column":40}},"type":"if","locations":[{"start":{"line":280,"column":4},"end":{"line":280,"column":40}},{"start":{},"end":{}}],"line":280},"30":{"loc":{"start":{"line":283,"column":4},"end":{"line":283,"column":51}},"type":"if","locations":[{"start":{"line":283,"column":4},"end":{"line":283,"column":51}},{"start":{},"end":{}}],"line":283},"31":{"loc":{"start":{"line":286,"column":4},"end":{"line":286,"column":58}},"type":"if","locations":[{"start":{"line":286,"column":4},"end":{"line":286,"column":58}},{"start":{},"end":{}}],"line":286},"32":{"loc":{"start":{"line":289,"column":4},"end":{"line":289,"column":42}},"type":"if","locations":[{"start":{"line":289,"column":4},"end":{"line":289,"column":42}},{"start":{},"end":{}}],"line":289},"33":{"loc":{"start":{"line":301,"column":4},"end":{"line":303,"column":5}},"type":"if","locations":[{"start":{"line":301,"column":4},"end":{"line":303,"column":5}},{"start":{},"end":{}}],"line":301},"34":{"loc":{"start":{"line":305,"column":4},"end":{"line":327,"column":5}},"type":"switch","locations":[{"start":{"line":306,"column":6},"end":{"line":307,"column":143}},{"start":{"line":309,"column":6},"end":{"line":311,"column":127}},{"start":{"line":313,"column":6},"end":{"line":317,"column":165}},{"start":{"line":319,"column":6},"end":{"line":320,"column":79}},{"start":{"line":322,"column":6},"end":{"line":323,"column":46}},{"start":{"line":325,"column":6},"end":{"line":326,"column":66}}],"line":305},"35":{"loc":{"start":{"line":307,"column":88},"end":{"line":307,"column":127}},"type":"cond-expr","locations":[{"start":{"line":307,"column":119},"end":{"line":307,"column":121}},{"start":{"line":307,"column":124},"end":{"line":307,"column":127}}],"line":307},"36":{"loc":{"start":{"line":317,"column":108},"end":{"line":317,"column":161}},"type":"cond-expr","locations":[{"start":{"line":317,"column":153},"end":{"line":317,"column":155}},{"start":{"line":317,"column":158},"end":{"line":317,"column":161}}],"line":317}},"s":{"0":0,"1":0,"2":0,"3":0,"4":0,"5":0,"6":0,"7":0,"8":0,"9":0,"10":0,"11":0,"12":0,"13":0,"14":0,"15":0,"16":0,"17":0,"18":0,"19":0,"20":0,"21":0,"22":0,"23":0,"24":0,"25":0,"26":0,"27":0,"28":0,"29":0,"30":0,"31":0,"32":0,"33":0,"34":0,"35":0,"36":0,"37":0,"38":0,"39":0,"40":0,"41":0,"42":0,"43":0,"44":0,"45":0,"46":0,"47":0,"48":0,"49":0,"50":0,"51":0,"52":0,"53":0,"54":0,"55":0,"56":0,"57":0,"58":0,"59":0,"60":0,"61":0,"62":0,"63":0,"64":0,"65":0,"66":0,"67":0,"68":0,"69":0,"70":0,"71":0,"72":0,"73":0,"74":0,"75":0,"76":0,"77":0,"78":0,"79":0,"80":0,"81":0,"82":0,"83":0,"84":0,"85":0,"86":0,"87":0,"88":0,"89":0,"90":0,"91":0,"92":0,"93":0,"94":0,"95":0,"96":0,"97":0,"98":0,"99":0,"100":0},"f":{"0":0,"1":0,"2":0,"3":0,"4":0,"5":0,"6":0,"7":0,"8":0,"9":0,"10":0,"11":0,"12":0,"13":0,"14":0,"15":0,"16":0,"17":0,"18":0,"19":0,"20":0,"21":0,"22":0,"23":0,"24":0,"25":0,"26":0},"b":{"0":[0,0],"1":[0,0],"2":[0,0,0],"3":[0,0],"4":[0,0,0],"5":[0,0],"6":[0,0,0],"7":[0,0],"8":[0,0,0],"9":[0,0,0,0],"10":[0,0],"11":[0,0],"12":[0,0],"13":[0,0],"14":[0,0],"15":[0,0],"16":[0,0],"17":[0,0],"18":[0,0],"19":[0,0],"20":[0,0],"21":[0,0],"22":[0,0],"23":[0,0],"24":[0,0,0,0,0,0,0],"25":[0,0],"26":[0,0],"27":[0,0],"28":[0,0,0],"29":[0,0],"30":[0,0],"31":[0,0],"32":[0,0],"33":[0,0],"34":[0,0,0,0,0,0],"35":[0,0],"36":[0,0]}}
,"/home/shawnstorie/sprkz-ng/sprkz-pdf-forms/src/theme/theme.ts": {"path":"/home/shawnstorie/sprkz-ng/sprkz-pdf-forms/src/theme/theme.ts","statementMap":{"0":{"start":{"line":27,"column":15},"end":{"line":61,"column":1}},"1":{"start":{"line":64,"column":20},"end":{"line":76,"column":1}},"2":{"start":{"line":79,"column":19},"end":{"line":153,"column":1}},"3":{"start":{"line":156,"column":47},"end":{"line":438,"column":1}},"4":{"start":{"line":441,"column":26},"end":{"line":512,"column":1}},"5":{"start":{"line":515,"column":35},"end":{"line":628,"column":1}},"6":{"start":{"line":630,"column":21},"end":{"line":630,"column":46}},"7":{"start":{"line":633,"column":29},"end":{"line":640,"column":1}},"8":{"start":{"line":634,"column":2},"end":{"line":639,"column":4}}},"fnMap":{"0":{"name":"(anonymous_0)","decl":{"start":{"line":633,"column":29},"end":{"line":633,"column":30}},"loc":{"start":{"line":633,"column":35},"end":{"line":640,"column":1}},"line":633}},"branchMap":{},"s":{"0":4,"1":4,"2":4,"3":4,"4":4,"5":4,"6":4,"7":4,"8":0},"f":{"0":0},"b":{},"_coverageSchema":"1a1c01bbd47fc00a2c39e90264f33305004495a9","hash":"633c48c5456352758015002bfbb946b6696b8965"}
,"/home/shawnstorie/sprkz-ng/sprkz-pdf-forms/src/types/pdf.ts": {"path":"/home/shawnstorie/sprkz-ng/sprkz-pdf-forms/src/types/pdf.ts","statementMap":{},"fnMap":{},"branchMap":{},"s":{},"f":{},"b":{}}
,"/home/shawnstorie/sprkz-ng/sprkz-pdf-forms/src/utils/microInteractions.ts": {"path":"/home/shawnstorie/sprkz-ng/sprkz-pdf-forms/src/utils/microInteractions.ts","statementMap":{"0":{"start":{"line":5,"column":31},"end":{"line":142,"column":1}},"1":{"start":{"line":145,"column":38},"end":{"line":255,"column":1}},"2":{"start":{"line":201,"column":62},"end":{"line":203,"column":21}},"3":{"start":{"line":258,"column":38},"end":{"line":315,"column":1}},"4":{"start":{"line":260,"column":89},"end":{"line":271,"column":21}},"5":{"start":{"line":274,"column":66},"end":{"line":282,"column":21}},"6":{"start":{"line":285,"column":79},"end":{"line":290,"column":21}},"7":{"start":{"line":294,"column":58},"end":{"line":294,"column":60}},"8":{"start":{"line":296,"column":4},"end":{"line":300,"column":5}},"9":{"start":{"line":296,"column":17},"end":{"line":296,"column":18}},"10":{"start":{"line":297,"column":6},"end":{"line":299,"column":8}},"11":{"start":{"line":302,"column":4},"end":{"line":302,"column":43}},"12":{"start":{"line":306,"column":41},"end":{"line":308,"column":21}},"13":{"start":{"line":311,"column":70},"end":{"line":314,"column":21}},"14":{"start":{"line":318,"column":33},"end":{"line":343,"column":1}},"15":{"start":{"line":346,"column":23},"end":{"line":380,"column":1}}},"fnMap":{"0":{"name":"(anonymous_0)","decl":{"start":{"line":201,"column":17},"end":{"line":201,"column":18}},"loc":{"start":{"line":201,"column":62},"end":{"line":203,"column":21}},"line":201},"1":{"name":"(anonymous_1)","decl":{"start":{"line":260,"column":13},"end":{"line":260,"column":14}},"loc":{"start":{"line":260,"column":89},"end":{"line":271,"column":21}},"line":260},"2":{"name":"(anonymous_2)","decl":{"start":{"line":274,"column":9},"end":{"line":274,"column":10}},"loc":{"start":{"line":274,"column":66},"end":{"line":282,"column":21}},"line":274},"3":{"name":"(anonymous_3)","decl":{"start":{"line":285,"column":8},"end":{"line":285,"column":9}},"loc":{"start":{"line":285,"column":79},"end":{"line":290,"column":21}},"line":285},"4":{"name":"(anonymous_4)","decl":{"start":{"line":293,"column":11},"end":{"line":293,"column":12}},"loc":{"start":{"line":293,"column":91},"end":{"line":303,"column":3}},"line":293},"5":{"name":"(anonymous_5)","decl":{"start":{"line":306,"column":11},"end":{"line":306,"column":12}},"loc":{"start":{"line":306,"column":41},"end":{"line":308,"column":21}},"line":306},"6":{"name":"(anonymous_6)","decl":{"start":{"line":311,"column":16},"end":{"line":311,"column":17}},"loc":{"start":{"line":311,"column":70},"end":{"line":314,"column":21}},"line":311}},"branchMap":{"0":{"loc":{"start":{"line":201,"column":33},"end":{"line":201,"column":56}},"type":"default-arg","locations":[{"start":{"line":201,"column":53},"end":{"line":201,"column":56}}],"line":201},"1":{"loc":{"start":{"line":260,"column":14},"end":{"line":260,"column":32}},"type":"default-arg","locations":[{"start":{"line":260,"column":31},"end":{"line":260,"column":32}}],"line":260},"2":{"loc":{"start":{"line":260,"column":34},"end":{"line":260,"column":83}},"type":"default-arg","locations":[{"start":{"line":260,"column":51},"end":{"line":260,"column":83}}],"line":260},"3":{"loc":{"start":{"line":274,"column":10},"end":{"line":274,"column":36}},"type":"default-arg","locations":[{"start":{"line":274,"column":32},"end":{"line":274,"column":36}}],"line":274},"4":{"loc":{"start":{"line":274,"column":38},"end":{"line":274,"column":60}},"type":"default-arg","locations":[{"start":{"line":274,"column":57},"end":{"line":274,"column":60}}],"line":274},"5":{"loc":{"start":{"line":285,"column":9},"end":{"line":285,"column":50}},"type":"default-arg","locations":[{"start":{"line":285,"column":25},"end":{"line":285,"column":50}}],"line":285},"6":{"loc":{"start":{"line":285,"column":52},"end":{"line":285,"column":73}},"type":"default-arg","locations":[{"start":{"line":285,"column":72},"end":{"line":285,"column":73}}],"line":285},"7":{"loc":{"start":{"line":293,"column":32},"end":{"line":293,"column":54}},"type":"default-arg","locations":[{"start":{"line":293,"column":52},"end":{"line":293,"column":54}}],"line":293},"8":{"loc":{"start":{"line":293,"column":56},"end":{"line":293,"column":86}},"type":"default-arg","locations":[{"start":{"line":293,"column":76},"end":{"line":293,"column":86}}],"line":293},"9":{"loc":{"start":{"line":306,"column":12},"end":{"line":306,"column":35}},"type":"default-arg","locations":[{"start":{"line":306,"column":31},"end":{"line":306,"column":35}}],"line":306},"10":{"loc":{"start":{"line":311,"column":41},"end":{"line":311,"column":64}},"type":"default-arg","locations":[{"start":{"line":311,"column":60},"end":{"line":311,"column":64}}],"line":311},"11":{"loc":{"start":{"line":312,"column":24},"end":{"line":312,"column":71}},"type":"cond-expr","locations":[{"start":{"line":312,"column":52},"end":{"line":312,"column":63}},{"start":{"line":312,"column":66},"end":{"line":312,"column":71}}],"line":312}},"s":{"0":1,"1":1,"2":0,"3":1,"4":0,"5":0,"6":0,"7":0,"8":0,"9":0,"10":0,"11":0,"12":0,"13":0,"14":1,"15":1},"f":{"0":0,"1":0,"2":0,"3":0,"4":0,"5":0,"6":0},"b":{"0":[0],"1":[0],"2":[0],"3":[0],"4":[0],"5":[0],"6":[0],"7":[0],"8":[0],"9":[0],"10":[0],"11":[0,0]},"_coverageSchema":"1a1c01bbd47fc00a2c39e90264f33305004495a9","hash":"c9f0c7c16cd6e3e334e8238d4a389e638bd0a033"}
}
