TN:
SF:src/App.tsx
FN:14,(anonymous_0)
FN:15,(anonymous_1)
FN:20,(anonymous_2)
FN:23,(anonymous_3)
FN:33,App
FN:36,(anonymous_5)
FN:57,(anonymous_6)
FNF:7
FNH:3
FNDA:0,(anonymous_0)
FNDA:0,(anonymous_1)
FNDA:0,(anonymous_2)
FNDA:0,(anonymous_3)
FNDA:7,App
FNDA:3,(anonymous_5)
FNDA:3,(anonymous_6)
DA:14,1
DA:15,0
DA:16,0
DA:17,0
DA:18,0
DA:19,0
DA:20,0
DA:21,0
DA:23,0
DA:24,0
DA:25,0
DA:30,0
DA:34,7
DA:37,3
DA:58,3
DA:59,3
LF:16
LH:5
BRDA:16,0,0,0
BRDA:16,0,1,0
BRDA:24,1,0,0
BRDA:24,1,1,0
BRDA:68,2,0,7
BRDA:68,2,1,7
BRDA:80,3,0,7
BRDA:80,3,1,0
BRF:8
BRH:3
end_of_record
TN:
SF:src/index.tsx
FNF:0
FNH:0
DA:9,0
DA:11,0
DA:14,0
DA:23,0
LF:4
LH:0
BRF:0
BRH:0
end_of_record
TN:
SF:src/reportWebVitals.ts
FN:3,(anonymous_0)
FN:5,(anonymous_1)
FNF:2
FNH:0
FNDA:0,(anonymous_0)
FNDA:0,(anonymous_1)
DA:3,0
DA:4,0
DA:5,0
DA:6,0
DA:7,0
DA:8,0
DA:9,0
DA:10,0
LF:8
LH:0
BRDA:4,0,0,0
BRDA:4,0,1,0
BRDA:4,1,0,0
BRDA:4,1,1,0
BRF:4
BRH:0
end_of_record
TN:
SF:src/__tests__/e2e/formCompletionFlow.test.tsx
FN:32,(anonymous_0)
FN:36,(anonymous_1)
FN:84,(anonymous_2)
FN:135,(anonymous_3)
FN:138,(anonymous_4)
FN:142,(anonymous_5)
FN:143,(anonymous_6)
FN:151,(anonymous_7)
FN:155,(anonymous_8)
FN:166,(anonymous_9)
FN:173,(anonymous_10)
FN:190,(anonymous_11)
FN:201,(anonymous_12)
FN:209,(anonymous_13)
FN:224,(anonymous_14)
FN:232,(anonymous_15)
FN:236,(anonymous_16)
FN:241,(anonymous_17)
FN:246,(anonymous_18)
FN:255,(anonymous_19)
FN:266,(anonymous_20)
FN:274,(anonymous_21)
FN:277,(anonymous_22)
FN:286,(anonymous_23)
FN:299,(anonymous_24)
FN:306,(anonymous_25)
FN:314,(anonymous_26)
FN:317,(anonymous_27)
FN:337,(anonymous_28)
FN:342,(anonymous_29)
FN:348,(anonymous_30)
FN:377,(anonymous_31)
FN:386,(anonymous_32)
FN:387,(anonymous_33)
FN:390,(anonymous_34)
FN:408,(anonymous_35)
FN:411,(anonymous_36)
FN:424,(anonymous_37)
FN:428,(anonymous_38)
FN:442,(anonymous_39)
FN:455,(anonymous_40)
FN:456,(anonymous_41)
FN:464,(anonymous_42)
FN:473,(anonymous_43)
FN:476,(anonymous_44)
FN:486,(anonymous_45)
FN:493,(anonymous_46)
FN:494,(anonymous_47)
FN:496,(anonymous_48)
FN:502,(anonymous_49)
FN:510,(anonymous_50)
FN:513,(anonymous_51)
FNF:52
FNH:0
FNDA:0,(anonymous_0)
FNDA:0,(anonymous_1)
FNDA:0,(anonymous_2)
FNDA:0,(anonymous_3)
FNDA:0,(anonymous_4)
FNDA:0,(anonymous_5)
FNDA:0,(anonymous_6)
FNDA:0,(anonymous_7)
FNDA:0,(anonymous_8)
FNDA:0,(anonymous_9)
FNDA:0,(anonymous_10)
FNDA:0,(anonymous_11)
FNDA:0,(anonymous_12)
FNDA:0,(anonymous_13)
FNDA:0,(anonymous_14)
FNDA:0,(anonymous_15)
FNDA:0,(anonymous_16)
FNDA:0,(anonymous_17)
FNDA:0,(anonymous_18)
FNDA:0,(anonymous_19)
FNDA:0,(anonymous_20)
FNDA:0,(anonymous_21)
FNDA:0,(anonymous_22)
FNDA:0,(anonymous_23)
FNDA:0,(anonymous_24)
FNDA:0,(anonymous_25)
FNDA:0,(anonymous_26)
FNDA:0,(anonymous_27)
FNDA:0,(anonymous_28)
FNDA:0,(anonymous_29)
FNDA:0,(anonymous_30)
FNDA:0,(anonymous_31)
FNDA:0,(anonymous_32)
FNDA:0,(anonymous_33)
FNDA:0,(anonymous_34)
FNDA:0,(anonymous_35)
FNDA:0,(anonymous_36)
FNDA:0,(anonymous_37)
FNDA:0,(anonymous_38)
FNDA:0,(anonymous_39)
FNDA:0,(anonymous_40)
FNDA:0,(anonymous_41)
FNDA:0,(anonymous_42)
FNDA:0,(anonymous_43)
FNDA:0,(anonymous_44)
FNDA:0,(anonymous_45)
FNDA:0,(anonymous_46)
FNDA:0,(anonymous_47)
FNDA:0,(anonymous_48)
FNDA:0,(anonymous_49)
FNDA:0,(anonymous_50)
FNDA:0,(anonymous_51)
DA:11,0
DA:12,0
DA:13,0
DA:15,0
DA:16,0
DA:17,0
DA:20,0
DA:21,0
DA:23,0
DA:31,0
DA:32,0
DA:36,0
DA:42,0
DA:43,0
DA:45,0
DA:84,0
DA:85,0
DA:86,0
DA:89,0
DA:98,0
DA:99,0
DA:100,0
DA:104,0
DA:105,0
DA:107,0
DA:110,0
DA:116,0
DA:117,0
DA:123,0
DA:126,0
DA:132,0
DA:135,0
DA:138,0
DA:139,0
DA:142,0
DA:143,0
DA:145,0
DA:148,0
DA:151,0
DA:152,0
DA:155,0
DA:156,0
DA:160,0
DA:161,0
DA:164,0
DA:166,0
DA:167,0
DA:171,0
DA:172,0
DA:173,0
DA:174,0
DA:180,0
DA:181,0
DA:183,0
DA:184,0
DA:187,0
DA:190,0
DA:191,0
DA:195,0
DA:196,0
DA:199,0
DA:201,0
DA:202,0
DA:206,0
DA:207,0
DA:209,0
DA:210,0
DA:214,0
DA:215,0
DA:216,0
DA:217,0
DA:220,0
DA:221,0
DA:224,0
DA:225,0
DA:228,0
DA:229,0
DA:232,0
DA:233,0
DA:236,0
DA:237,0
DA:241,0
DA:242,0
DA:246,0
DA:248,0
DA:253,0
DA:255,0
DA:256,0
DA:260,0
DA:263,0
DA:266,0
DA:267,0
DA:271,0
DA:274,0
DA:275,0
DA:277,0
DA:278,0
DA:282,0
DA:283,0
DA:284,0
DA:286,0
DA:287,0
DA:291,0
DA:292,0
DA:295,0
DA:296,0
DA:299,0
DA:301,0
DA:303,0
DA:306,0
DA:307,0
DA:311,0
DA:314,0
DA:315,0
DA:317,0
DA:318,0
DA:321,0
DA:324,0
DA:325,0
DA:328,0
DA:331,0
DA:332,0
DA:333,0
DA:337,0
DA:338,0
DA:342,0
DA:344,0
DA:346,0
DA:348,0
DA:349,0
DA:353,0
DA:356,0
DA:357,0
DA:358,0
DA:361,0
DA:362,0
DA:363,0
DA:366,0
DA:367,0
DA:369,0
DA:370,0
DA:373,0
DA:374,0
DA:377,0
DA:378,0
DA:382,0
DA:386,0
DA:387,0
DA:388,0
DA:390,0
DA:391,0
DA:395,0
DA:398,0
DA:400,0
DA:401,0
DA:404,0
DA:405,0
DA:408,0
DA:409,0
DA:411,0
DA:412,0
DA:415,0
DA:418,0
DA:419,0
DA:420,0
DA:421,0
DA:424,0
DA:426,0
DA:428,0
DA:440,0
DA:442,0
DA:443,0
DA:447,0
DA:448,0
DA:451,0
DA:455,0
DA:456,0
DA:458,0
DA:459,0
DA:460,0
DA:462,0
DA:464,0
DA:465,0
DA:469,0
DA:470,0
DA:473,0
DA:474,0
DA:476,0
DA:477,0
DA:481,0
DA:482,0
DA:483,0
DA:486,0
DA:487,0
DA:488,0
DA:493,0
DA:494,0
DA:496,0
DA:497,0
DA:500,0
DA:502,0
DA:503,0
DA:507,0
DA:510,0
DA:511,0
DA:513,0
DA:514,0
DA:518,0
DA:521,0
LF:209
LH:0
BRDA:135,0,0,0
BRDA:135,0,1,0
BRDA:332,1,0,0
BRDA:332,1,1,0
BRF:4
BRH:0
end_of_record
TN:
SF:src/__tests__/e2e/signatureWorkflow.test.tsx
FN:16,(anonymous_0)
FN:21,(anonymous_1)
FN:25,(anonymous_2)
FN:28,(anonymous_3)
FN:38,(anonymous_4)
FN:46,(anonymous_5)
FN:47,(anonymous_6)
FN:95,(anonymous_7)
FN:125,(anonymous_8)
FN:158,(anonymous_9)
FN:183,(anonymous_10)
FN:184,(anonymous_11)
FN:229,(anonymous_12)
FN:249,(anonymous_13)
FN:260,(anonymous_14)
FN:267,(anonymous_15)
FN:300,(anonymous_16)
FN:301,(anonymous_17)
FN:320,(anonymous_18)
FN:338,(anonymous_19)
FN:355,(anonymous_20)
FN:365,(anonymous_21)
FN:366,(anonymous_22)
FN:406,(anonymous_23)
FN:437,(anonymous_24)
FN:453,(anonymous_25)
FN:454,(anonymous_26)
FN:473,(anonymous_27)
FN:478,(anonymous_28)
FN:502,(anonymous_29)
FN:517,(anonymous_30)
FN:524,(anonymous_31)
FN:525,(anonymous_32)
FN:527,(anonymous_33)
FN:548,(anonymous_34)
FN:556,(anonymous_35)
FN:557,(anonymous_36)
FN:576,(anonymous_37)
FNF:38
FNH:0
FNDA:0,(anonymous_0)
FNDA:0,(anonymous_1)
FNDA:0,(anonymous_2)
FNDA:0,(anonymous_3)
FNDA:0,(anonymous_4)
FNDA:0,(anonymous_5)
FNDA:0,(anonymous_6)
FNDA:0,(anonymous_7)
FNDA:0,(anonymous_8)
FNDA:0,(anonymous_9)
FNDA:0,(anonymous_10)
FNDA:0,(anonymous_11)
FNDA:0,(anonymous_12)
FNDA:0,(anonymous_13)
FNDA:0,(anonymous_14)
FNDA:0,(anonymous_15)
FNDA:0,(anonymous_16)
FNDA:0,(anonymous_17)
FNDA:0,(anonymous_18)
FNDA:0,(anonymous_19)
FNDA:0,(anonymous_20)
FNDA:0,(anonymous_21)
FNDA:0,(anonymous_22)
FNDA:0,(anonymous_23)
FNDA:0,(anonymous_24)
FNDA:0,(anonymous_25)
FNDA:0,(anonymous_26)
FNDA:0,(anonymous_27)
FNDA:0,(anonymous_28)
FNDA:0,(anonymous_29)
FNDA:0,(anonymous_30)
FNDA:0,(anonymous_31)
FNDA:0,(anonymous_32)
FNDA:0,(anonymous_33)
FNDA:0,(anonymous_34)
FNDA:0,(anonymous_35)
FNDA:0,(anonymous_36)
FNDA:0,(anonymous_37)
DA:9,0
DA:16,0
DA:21,0
DA:24,0
DA:25,0
DA:28,0
DA:31,0
DA:38,0
DA:39,0
DA:40,0
DA:43,0
DA:46,0
DA:47,0
DA:48,0
DA:51,0
DA:53,0
DA:54,0
DA:57,0
DA:63,0
DA:64,0
DA:67,0
DA:73,0
DA:74,0
DA:77,0
DA:80,0
DA:81,0
DA:84,0
DA:86,0
DA:92,0
DA:95,0
DA:96,0
DA:102,0
DA:105,0
DA:109,0
DA:111,0
DA:115,0
DA:116,0
DA:118,0
DA:121,0
DA:122,0
DA:125,0
DA:126,0
DA:132,0
DA:135,0
DA:136,0
DA:137,0
DA:140,0
DA:141,0
DA:143,0
DA:146,0
DA:147,0
DA:150,0
DA:151,0
DA:152,0
DA:155,0
DA:158,0
DA:159,0
DA:166,0
DA:167,0
DA:168,0
DA:169,0
DA:171,0
DA:175,0
DA:176,0
DA:177,0
DA:178,0
DA:183,0
DA:184,0
DA:185,0
DA:192,0
DA:193,0
DA:195,0
DA:198,0
DA:199,0
DA:201,0
DA:204,0
DA:205,0
DA:207,0
DA:208,0
DA:211,0
DA:212,0
DA:213,0
DA:216,0
DA:217,0
DA:219,0
DA:221,0
DA:229,0
DA:230,0
DA:237,0
DA:238,0
DA:241,0
DA:242,0
DA:245,0
DA:246,0
DA:249,0
DA:250,0
DA:253,0
DA:256,0
DA:257,0
DA:260,0
DA:261,0
DA:264,0
DA:267,0
DA:268,0
DA:274,0
DA:275,0
DA:277,0
DA:278,0
DA:280,0
DA:281,0
DA:284,0
DA:285,0
DA:286,0
DA:289,0
DA:290,0
DA:291,0
DA:294,0
DA:295,0
DA:296,0
DA:300,0
DA:301,0
DA:303,0
DA:305,0
DA:312,0
DA:314,0
DA:315,0
DA:317,0
DA:318,0
DA:320,0
DA:321,0
DA:322,0
DA:325,0
DA:326,0
DA:328,0
DA:330,0
DA:338,0
DA:339,0
DA:341,0
DA:347,0
DA:349,0
DA:350,0
DA:352,0
DA:353,0
DA:355,0
DA:356,0
DA:359,0
DA:360,0
DA:365,0
DA:366,0
DA:367,0
DA:373,0
DA:378,0
DA:385,0
DA:386,0
DA:388,0
DA:389,0
DA:392,0
DA:393,0
DA:395,0
DA:396,0
DA:398,0
DA:406,0
DA:407,0
DA:412,0
DA:417,0
DA:424,0
DA:427,0
DA:428,0
DA:430,0
DA:431,0
DA:433,0
DA:434,0
DA:437,0
DA:438,0
DA:441,0
DA:442,0
DA:444,0
DA:453,0
DA:454,0
DA:455,0
DA:462,0
DA:463,0
DA:465,0
DA:467,0
DA:468,0
DA:471,0
DA:473,0
DA:474,0
DA:478,0
DA:479,0
DA:486,0
DA:487,0
DA:488,0
DA:491,0
DA:492,0
DA:495,0
DA:496,0
DA:498,0
DA:499,0
DA:502,0
DA:503,0
DA:509,0
DA:512,0
DA:513,0
DA:514,0
DA:517,0
DA:518,0
DA:519,0
DA:524,0
DA:525,0
DA:527,0
DA:528,0
DA:531,0
DA:537,0
DA:540,0
DA:541,0
DA:542,0
DA:544,0
DA:545,0
DA:548,0
DA:549,0
DA:553,0
DA:556,0
DA:557,0
DA:558,0
DA:561,0
DA:567,0
DA:568,0
DA:570,0
DA:571,0
DA:573,0
DA:574,0
DA:576,0
DA:577,0
DA:581,0
LF:235
LH:0
BRDA:167,0,0,0
BRDA:167,0,1,0
BRDA:176,1,0,0
BRDA:176,1,1,0
BRDA:314,2,0,0
BRDA:314,2,1,0
BRDA:349,3,0,0
BRDA:349,3,1,0
BRF:8
BRH:0
end_of_record
TN:
SF:src/__tests__/e2e/wizardNavigation.test.tsx
FN:22,(anonymous_0)
FN:26,(anonymous_1)
FN:136,(anonymous_2)
FN:186,(anonymous_3)
FN:189,(anonymous_4)
FN:190,(anonymous_5)
FN:193,(anonymous_6)
FN:201,(anonymous_7)
FN:211,(anonymous_8)
FN:221,(anonymous_9)
FN:231,(anonymous_10)
FN:237,(anonymous_11)
FN:240,(anonymous_12)
FN:261,(anonymous_13)
FN:271,(anonymous_14)
FN:277,(anonymous_15)
FN:280,(anonymous_16)
FN:299,(anonymous_17)
FN:307,(anonymous_18)
FN:310,(anonymous_19)
FN:321,(anonymous_20)
FN:331,(anonymous_21)
FN:337,(anonymous_22)
FN:340,(anonymous_23)
FN:365,(anonymous_24)
FN:382,(anonymous_25)
FN:395,(anonymous_26)
FN:407,(anonymous_27)
FN:412,(anonymous_28)
FN:415,(anonymous_29)
FN:423,(anonymous_30)
FN:447,(anonymous_31)
FN:455,(anonymous_32)
FN:461,(anonymous_33)
FN:462,(anonymous_34)
FN:465,(anonymous_35)
FN:494,(anonymous_36)
FN:496,(anonymous_37)
FN:505,(anonymous_38)
FN:522,(anonymous_39)
FN:538,(anonymous_40)
FN:543,(anonymous_41)
FN:546,(anonymous_42)
FN:551,(anonymous_43)
FN:568,(anonymous_44)
FN:579,(anonymous_45)
FN:589,(anonymous_46)
FN:590,(anonymous_47)
FN:593,(anonymous_48)
FN:602,(anonymous_49)
FN:625,(anonymous_50)
FN:631,(anonymous_51)
FN:634,(anonymous_52)
FN:649,(anonymous_53)
FN:661,(anonymous_54)
FN:667,(anonymous_55)
FN:668,(anonymous_56)
FN:685,(anonymous_57)
FN:695,(anonymous_58)
FN:697,(anonymous_59)
FN:702,(anonymous_60)
FN:709,(anonymous_61)
FN:716,(anonymous_62)
FN:719,(anonymous_63)
FN:737,(anonymous_64)
FNF:65
FNH:0
FNDA:0,(anonymous_0)
FNDA:0,(anonymous_1)
FNDA:0,(anonymous_2)
FNDA:0,(anonymous_3)
FNDA:0,(anonymous_4)
FNDA:0,(anonymous_5)
FNDA:0,(anonymous_6)
FNDA:0,(anonymous_7)
FNDA:0,(anonymous_8)
FNDA:0,(anonymous_9)
FNDA:0,(anonymous_10)
FNDA:0,(anonymous_11)
FNDA:0,(anonymous_12)
FNDA:0,(anonymous_13)
FNDA:0,(anonymous_14)
FNDA:0,(anonymous_15)
FNDA:0,(anonymous_16)
FNDA:0,(anonymous_17)
FNDA:0,(anonymous_18)
FNDA:0,(anonymous_19)
FNDA:0,(anonymous_20)
FNDA:0,(anonymous_21)
FNDA:0,(anonymous_22)
FNDA:0,(anonymous_23)
FNDA:0,(anonymous_24)
FNDA:0,(anonymous_25)
FNDA:0,(anonymous_26)
FNDA:0,(anonymous_27)
FNDA:0,(anonymous_28)
FNDA:0,(anonymous_29)
FNDA:0,(anonymous_30)
FNDA:0,(anonymous_31)
FNDA:0,(anonymous_32)
FNDA:0,(anonymous_33)
FNDA:0,(anonymous_34)
FNDA:0,(anonymous_35)
FNDA:0,(anonymous_36)
FNDA:0,(anonymous_37)
FNDA:0,(anonymous_38)
FNDA:0,(anonymous_39)
FNDA:0,(anonymous_40)
FNDA:0,(anonymous_41)
FNDA:0,(anonymous_42)
FNDA:0,(anonymous_43)
FNDA:0,(anonymous_44)
FNDA:0,(anonymous_45)
FNDA:0,(anonymous_46)
FNDA:0,(anonymous_47)
FNDA:0,(anonymous_48)
FNDA:0,(anonymous_49)
FNDA:0,(anonymous_50)
FNDA:0,(anonymous_51)
FNDA:0,(anonymous_52)
FNDA:0,(anonymous_53)
FNDA:0,(anonymous_54)
FNDA:0,(anonymous_55)
FNDA:0,(anonymous_56)
FNDA:0,(anonymous_57)
FNDA:0,(anonymous_58)
FNDA:0,(anonymous_59)
FNDA:0,(anonymous_60)
FNDA:0,(anonymous_61)
FNDA:0,(anonymous_62)
FNDA:0,(anonymous_63)
FNDA:0,(anonymous_64)
DA:11,0
DA:12,0
DA:13,0
DA:15,0
DA:16,0
DA:17,0
DA:20,0
DA:21,0
DA:22,0
DA:26,0
DA:32,0
DA:33,0
DA:36,0
DA:136,0
DA:137,0
DA:138,0
DA:141,0
DA:150,0
DA:151,0
DA:152,0
DA:156,0
DA:158,0
DA:161,0
DA:167,0
DA:168,0
DA:174,0
DA:177,0
DA:183,0
DA:186,0
DA:189,0
DA:190,0
DA:191,0
DA:193,0
DA:194,0
DA:198,0
DA:201,0
DA:202,0
DA:203,0
DA:207,0
DA:208,0
DA:211,0
DA:212,0
DA:213,0
DA:217,0
DA:218,0
DA:221,0
DA:222,0
DA:223,0
DA:227,0
DA:228,0
DA:231,0
DA:232,0
DA:233,0
DA:237,0
DA:238,0
DA:240,0
DA:241,0
DA:244,0
DA:247,0
DA:248,0
DA:250,0
DA:251,0
DA:253,0
DA:254,0
DA:257,0
DA:258,0
DA:261,0
DA:262,0
DA:263,0
DA:264,0
DA:268,0
DA:271,0
DA:272,0
DA:273,0
DA:277,0
DA:278,0
DA:280,0
DA:281,0
DA:284,0
DA:287,0
DA:288,0
DA:289,0
DA:292,0
DA:295,0
DA:296,0
DA:299,0
DA:300,0
DA:303,0
DA:304,0
DA:307,0
DA:308,0
DA:310,0
DA:311,0
DA:314,0
DA:317,0
DA:318,0
DA:321,0
DA:322,0
DA:326,0
DA:329,0
DA:331,0
DA:332,0
DA:333,0
DA:337,0
DA:338,0
DA:340,0
DA:341,0
DA:344,0
DA:347,0
DA:348,0
DA:350,0
DA:351,0
DA:353,0
DA:354,0
DA:357,0
DA:358,0
DA:361,0
DA:362,0
DA:365,0
DA:366,0
DA:367,0
DA:371,0
DA:372,0
DA:373,0
DA:375,0
DA:378,0
DA:379,0
DA:382,0
DA:383,0
DA:384,0
DA:388,0
DA:389,0
DA:391,0
DA:392,0
DA:395,0
DA:396,0
DA:397,0
DA:401,0
DA:402,0
DA:404,0
DA:407,0
DA:408,0
DA:412,0
DA:413,0
DA:415,0
DA:416,0
DA:420,0
DA:423,0
DA:424,0
DA:425,0
DA:433,0
DA:434,0
DA:437,0
DA:438,0
DA:440,0
DA:441,0
DA:444,0
DA:447,0
DA:448,0
DA:449,0
DA:453,0
DA:455,0
DA:456,0
DA:461,0
DA:462,0
DA:463,0
DA:465,0
DA:466,0
DA:469,0
DA:472,0
DA:473,0
DA:475,0
DA:476,0
DA:478,0
DA:481,0
DA:482,0
DA:485,0
DA:486,0
DA:489,0
DA:490,0
DA:491,0
DA:494,0
DA:496,0
DA:497,0
DA:498,0
DA:500,0
DA:503,0
DA:505,0
DA:506,0
DA:509,0
DA:512,0
DA:513,0
DA:515,0
DA:516,0
DA:518,0
DA:519,0
DA:522,0
DA:523,0
DA:527,0
DA:528,0
DA:531,0
DA:532,0
DA:533,0
DA:535,0
DA:538,0
DA:539,0
DA:543,0
DA:544,0
DA:546,0
DA:547,0
DA:551,0
DA:554,0
DA:557,0
DA:558,0
DA:561,0
DA:562,0
DA:565,0
DA:568,0
DA:569,0
DA:573,0
DA:576,0
DA:579,0
DA:580,0
DA:584,0
DA:585,0
DA:589,0
DA:590,0
DA:591,0
DA:593,0
DA:594,0
DA:598,0
DA:599,0
DA:600,0
DA:602,0
DA:603,0
DA:604,0
DA:608,0
DA:609,0
DA:611,0
DA:614,0
DA:615,0
DA:618,0
DA:620,0
DA:621,0
DA:622,0
DA:625,0
DA:626,0
DA:627,0
DA:631,0
DA:632,0
DA:634,0
DA:635,0
DA:638,0
DA:641,0
DA:642,0
DA:645,0
DA:646,0
DA:649,0
DA:650,0
DA:654,0
DA:655,0
DA:657,0
DA:658,0
DA:661,0
DA:662,0
DA:667,0
DA:668,0
DA:670,0
DA:681,0
DA:683,0
DA:685,0
DA:686,0
DA:690,0
DA:692,0
DA:695,0
DA:697,0
DA:698,0
DA:700,0
DA:702,0
DA:703,0
DA:706,0
DA:709,0
DA:710,0
DA:713,0
DA:716,0
DA:717,0
DA:719,0
DA:720,0
DA:723,0
DA:726,0
DA:727,0
DA:728,0
DA:732,0
DA:733,0
DA:734,0
DA:737,0
DA:738,0
LF:297
LH:0
BRDA:186,0,0,0
BRDA:186,0,1,0
BRDA:497,1,0,0
BRDA:497,1,1,0
BRDA:497,2,0,0
BRDA:497,2,1,0
BRDA:727,3,0,0
BRDA:727,3,1,0
BRDA:733,4,0,0
BRDA:733,4,1,0
BRF:10
BRH:0
end_of_record
TN:
SF:src/components/debug/FeatureFlagsDebug.tsx
FN:51,(anonymous_0)
FN:66,(anonymous_1)
FN:90,(anonymous_2)
FN:101,(anonymous_3)
FN:110,(anonymous_4)
FN:117,(anonymous_5)
FN:130,(anonymous_6)
FN:136,(anonymous_7)
FN:142,(anonymous_8)
FN:203,(anonymous_9)
FN:248,(anonymous_10)
FN:268,(anonymous_11)
FN:272,(anonymous_12)
FN:277,(anonymous_13)
FN:298,(anonymous_14)
FNF:15
FNH:0
FNDA:0,(anonymous_0)
FNDA:0,(anonymous_1)
FNDA:0,(anonymous_2)
FNDA:0,(anonymous_3)
FNDA:0,(anonymous_4)
FNDA:0,(anonymous_5)
FNDA:0,(anonymous_6)
FNDA:0,(anonymous_7)
FNDA:0,(anonymous_8)
FNDA:0,(anonymous_9)
FNDA:0,(anonymous_10)
FNDA:0,(anonymous_11)
FNDA:0,(anonymous_12)
FNDA:0,(anonymous_13)
FNDA:0,(anonymous_14)
DA:51,1
DA:57,0
DA:58,0
DA:60,0
DA:61,0
DA:62,0
DA:63,0
DA:66,0
DA:67,0
DA:75,0
DA:77,0
DA:79,0
DA:81,0
DA:83,0
DA:85,0
DA:90,0
DA:91,0
DA:92,0
DA:94,0
DA:95,0
DA:97,0
DA:101,0
DA:102,0
DA:104,0
DA:107,0
DA:108,0
DA:109,0
DA:110,0
DA:115,0
DA:116,0
DA:118,0
DA:123,0
DA:126,0
DA:127,0
DA:130,0
DA:131,0
DA:132,0
DA:136,0
DA:137,0
DA:138,0
DA:142,0
DA:143,0
DA:144,0
DA:145,0
DA:148,0
DA:150,0
DA:177,0
DA:203,0
DA:248,0
DA:268,0
DA:273,0
DA:277,0
DA:299,0
DA:301,0
LF:54
LH:1
BRDA:52,0,0,0
BRDA:53,1,0,0
BRDA:54,2,0,0
BRDA:70,3,0,0
BRDA:70,3,1,0
BRDA:71,4,0,0
BRDA:71,4,1,0
BRDA:75,5,0,0
BRDA:75,5,1,0
BRDA:75,5,2,0
BRDA:75,5,3,0
BRDA:75,5,4,0
BRDA:91,6,0,0
BRDA:91,6,1,0
BRDA:94,7,0,0
BRDA:94,7,1,0
BRDA:107,8,0,0
BRDA:107,8,1,0
BRDA:115,9,0,0
BRDA:115,9,1,0
BRDA:148,10,0,0
BRDA:148,10,1,0
BRDA:204,11,0,0
BRDA:204,11,1,0
BRDA:226,12,0,0
BRDA:226,12,1,0
BRDA:269,13,0,0
BRDA:269,13,1,0
BRDA:270,14,0,0
BRDA:270,14,1,0
BRDA:278,15,0,0
BRDA:278,15,1,0
BRDA:279,16,0,0
BRDA:279,16,1,0
BRDA:289,17,0,0
BRDA:289,17,1,0
BRDA:291,18,0,0
BRDA:291,18,1,0
BRDA:308,19,0,0
BRDA:308,19,1,0
BRDA:313,20,0,0
BRDA:313,20,1,0
BRDA:325,21,0,0
BRDA:325,21,1,0
BRDA:327,22,0,0
BRDA:327,22,1,0
BRDA:328,23,0,0
BRDA:328,23,1,0
BRDA:339,24,0,0
BRDA:339,24,1,0
BRF:50
BRH:0
end_of_record
TN:
SF:src/components/forms/BaseFormField.tsx
FN:22,(anonymous_0)
FN:43,(anonymous_1)
FN:60,(anonymous_2)
FN:79,(anonymous_3)
FNF:4
FNH:0
FNDA:0,(anonymous_0)
FNDA:0,(anonymous_1)
FNDA:0,(anonymous_2)
FNDA:0,(anonymous_3)
DA:22,0
DA:29,0
DA:43,0
DA:61,0
DA:79,0
DA:89,0
LF:6
LH:0
BRDA:25,0,0,0
BRDA:26,1,0,0
BRDA:32,2,0,0
BRDA:32,2,1,0
BRDA:39,3,0,0
BRDA:39,3,1,0
BRDA:40,4,0,0
BRDA:40,4,1,0
BRDA:44,5,0,0
BRDA:44,5,1,0
BRDA:44,5,2,0
BRDA:44,5,3,0
BRDA:58,6,0,0
BRDA:58,6,1,0
BRDA:58,6,2,0
BRDA:69,7,0,0
BRDA:69,7,1,0
BRDA:85,8,0,0
BRDA:86,9,0,0
BRF:19
BRH:0
end_of_record
TN:
SF:src/components/forms/CheckboxFieldComponent.tsx
FN:13,(anonymous_0)
FN:27,(anonymous_1)
FN:51,(anonymous_2)
FN:59,(anonymous_3)
FN:64,(anonymous_4)
FN:69,(anonymous_5)
FN:71,(anonymous_6)
FN:95,(anonymous_7)
FN:183,(anonymous_8)
FNF:9
FNH:0
FNDA:0,(anonymous_0)
FNDA:0,(anonymous_1)
FNDA:0,(anonymous_2)
FNDA:0,(anonymous_3)
FNDA:0,(anonymous_4)
FNDA:0,(anonymous_5)
FNDA:0,(anonymous_6)
FNDA:0,(anonymous_7)
FNDA:0,(anonymous_8)
DA:13,0
DA:23,0
DA:24,0
DA:27,0
DA:28,0
DA:29,0
DA:30,0
DA:31,0
DA:32,0
DA:33,0
DA:36,0
DA:37,0
DA:38,0
DA:39,0
DA:40,0
DA:41,0
DA:42,0
DA:44,0
DA:45,0
DA:51,0
DA:52,0
DA:53,0
DA:54,0
DA:55,0
DA:59,0
DA:60,0
DA:64,0
DA:65,0
DA:69,0
DA:71,0
DA:74,0
DA:77,0
DA:78,0
DA:79,0
DA:81,0
DA:82,0
DA:84,0
DA:85,0
DA:87,0
DA:88,0
DA:91,0
DA:95,0
DA:96,0
DA:97,0
DA:99,0
DA:102,0
DA:184,0
LF:47
LH:0
BRDA:19,0,0,0
BRDA:20,1,0,0
BRDA:28,2,0,0
BRDA:28,2,1,0
BRDA:31,3,0,0
BRDA:31,3,1,0
BRDA:31,4,0,0
BRDA:31,4,1,0
BRDA:37,5,0,0
BRDA:37,5,1,0
BRDA:37,6,0,0
BRDA:37,6,1,0
BRDA:37,6,2,0
BRDA:37,6,3,0
BRDA:40,7,0,0
BRDA:40,7,1,0
BRDA:40,8,0,0
BRDA:40,8,1,0
BRDA:40,8,2,0
BRDA:40,8,3,0
BRDA:78,9,0,0
BRDA:78,9,1,0
BRDA:78,10,0,0
BRDA:78,10,1,0
BRDA:81,11,0,0
BRDA:81,11,1,0
BRDA:81,12,0,0
BRDA:81,12,1,0
BRDA:84,13,0,0
BRDA:84,13,1,0
BRDA:84,14,0,0
BRDA:84,14,1,0
BRDA:87,15,0,0
BRDA:87,15,1,0
BRDA:87,16,0,0
BRDA:87,16,1,0
BRDA:96,17,0,0
BRDA:96,17,1,0
BRDA:99,18,0,0
BRDA:99,18,1,0
BRDA:106,19,0,0
BRDA:106,19,1,0
BRDA:118,20,0,0
BRDA:118,20,1,0
BRDA:127,21,0,0
BRDA:127,21,1,0
BRDA:129,22,0,0
BRDA:129,22,1,0
BRDA:143,23,0,0
BRDA:143,23,1,0
BRDA:144,24,0,0
BRDA:144,24,1,0
BRDA:148,25,0,0
BRDA:148,25,1,0
BRDA:148,25,2,0
BRDA:156,26,0,0
BRDA:156,26,1,0
BRDA:162,27,0,0
BRDA:162,27,1,0
BRDA:181,28,0,0
BRDA:181,28,1,0
BRDA:193,29,0,0
BRDA:193,29,1,0
BRDA:198,30,0,0
BRDA:198,30,1,0
BRDA:203,31,0,0
BRDA:203,31,1,0
BRDA:203,31,2,0
BRDA:203,31,3,0
BRF:69
BRH:0
end_of_record
TN:
SF:src/components/forms/DropdownFieldComponent.tsx
FN:15,(anonymous_0)
FN:32,(anonymous_1)
FN:41,(anonymous_2)
FN:108,(anonymous_3)
FN:115,(anonymous_4)
FN:120,(anonymous_5)
FN:125,(anonymous_6)
FN:130,(anonymous_7)
FN:135,(anonymous_8)
FN:136,(anonymous_9)
FN:140,(anonymous_10)
FN:152,(anonymous_11)
FN:219,(anonymous_12)
FNF:13
FNH:0
FNDA:0,(anonymous_0)
FNDA:0,(anonymous_1)
FNDA:0,(anonymous_2)
FNDA:0,(anonymous_3)
FNDA:0,(anonymous_4)
FNDA:0,(anonymous_5)
FNDA:0,(anonymous_6)
FNDA:0,(anonymous_7)
FNDA:0,(anonymous_8)
FNDA:0,(anonymous_9)
FNDA:0,(anonymous_10)
FNDA:0,(anonymous_11)
FNDA:0,(anonymous_12)
DA:15,0
DA:25,0
DA:26,0
DA:29,0
DA:32,0
DA:33,0
DA:34,0
DA:36,0
DA:41,0
DA:42,0
DA:43,0
DA:47,0
DA:49,0
DA:50,0
DA:64,0
DA:65,0
DA:71,0
DA:72,0
DA:75,0
DA:76,0
DA:79,0
DA:80,0
DA:83,0
DA:84,0
DA:87,0
DA:88,0
DA:94,0
DA:95,0
DA:102,0
DA:105,0
DA:108,0
DA:109,0
DA:110,0
DA:111,0
DA:115,0
DA:116,0
DA:120,0
DA:121,0
DA:125,0
DA:126,0
DA:130,0
DA:131,0
DA:135,0
DA:136,0
DA:140,0
DA:141,0
DA:142,0
DA:145,0
DA:146,0
DA:147,0
DA:150,0
DA:153,0
DA:159,0
DA:220,0
LF:54
LH:0
BRDA:21,0,0,0
BRDA:22,1,0,0
BRDA:29,2,0,0
BRDA:29,2,1,0
BRDA:33,3,0,0
BRDA:33,3,1,0
BRDA:34,4,0,0
BRDA:34,4,1,0
BRDA:36,5,0,0
BRDA:36,5,1,0
BRDA:42,6,0,0
BRDA:42,6,1,0
BRDA:42,7,0,0
BRDA:42,7,1,0
BRDA:49,8,0,0
BRDA:49,8,1,0
BRDA:49,9,0,0
BRDA:49,9,1,0
BRDA:64,10,0,0
BRDA:64,10,1,0
BRDA:71,11,0,0
BRDA:71,11,1,0
BRDA:71,12,0,0
BRDA:71,12,1,0
BRDA:75,13,0,0
BRDA:75,13,1,0
BRDA:79,14,0,0
BRDA:79,14,1,0
BRDA:79,15,0,0
BRDA:79,15,1,0
BRDA:83,16,0,0
BRDA:83,16,1,0
BRDA:83,17,0,0
BRDA:83,17,1,0
BRDA:87,18,0,0
BRDA:87,18,1,0
BRDA:94,19,0,0
BRDA:94,19,1,0
BRDA:94,20,0,0
BRDA:94,20,1,0
BRDA:141,21,0,0
BRDA:141,21,1,0
BRDA:145,22,0,0
BRDA:145,22,1,0
BRDA:146,23,0,0
BRDA:146,23,1,0
BRDA:174,24,0,0
BRDA:174,24,1,0
BRDA:178,25,0,0
BRDA:178,25,1,0
BRDA:178,25,2,0
BRDA:203,26,0,0
BRDA:203,26,1,0
BRDA:210,27,0,0
BRDA:210,27,1,0
BRDA:221,28,0,0
BRDA:221,28,1,0
BRDA:224,29,0,0
BRDA:224,29,1,0
BRDA:224,30,0,0
BRDA:224,30,1,0
BRDA:237,31,0,0
BRDA:237,31,1,0
BRDA:241,32,0,0
BRDA:241,32,1,0
BRF:65
BRH:0
end_of_record
TN:
SF:src/components/forms/FieldOverlay.tsx
FN:29,(anonymous_0)
FN:44,(anonymous_1)
FN:71,(anonymous_2)
FN:73,(anonymous_3)
FN:74,(anonymous_4)
FN:81,(anonymous_5)
FN:83,(anonymous_6)
FN:84,(anonymous_7)
FN:89,(anonymous_8)
FN:96,(anonymous_9)
FN:103,(anonymous_10)
FN:104,(anonymous_11)
FN:108,(anonymous_12)
FN:116,(anonymous_13)
FN:194,(anonymous_14)
FNF:15
FNH:0
FNDA:0,(anonymous_0)
FNDA:0,(anonymous_1)
FNDA:0,(anonymous_2)
FNDA:0,(anonymous_3)
FNDA:0,(anonymous_4)
FNDA:0,(anonymous_5)
FNDA:0,(anonymous_6)
FNDA:0,(anonymous_7)
FNDA:0,(anonymous_8)
FNDA:0,(anonymous_9)
FNDA:0,(anonymous_10)
FNDA:0,(anonymous_11)
FNDA:0,(anonymous_12)
FNDA:0,(anonymous_13)
FNDA:0,(anonymous_14)
DA:29,0
DA:38,0
DA:39,0
DA:40,0
DA:41,0
DA:44,0
DA:45,0
DA:47,0
DA:48,0
DA:52,0
DA:57,0
DA:58,0
DA:59,0
DA:60,0
DA:62,0
DA:71,0
DA:72,0
DA:73,0
DA:74,0
DA:76,0
DA:81,0
DA:82,0
DA:83,0
DA:84,0
DA:89,0
DA:90,0
DA:91,0
DA:92,0
DA:93,0
DA:96,0
DA:97,0
DA:98,0
DA:99,0
DA:103,0
DA:104,0
DA:108,0
DA:109,0
DA:110,0
DA:112,0
DA:116,0
DA:117,0
DA:118,0
DA:119,0
DA:123,0
DA:124,0
DA:127,0
DA:139,0
DA:194,0
DA:204,0
LF:49
LH:0
BRDA:45,0,0,0
BRDA:45,0,1,0
BRDA:72,1,0,0
BRDA:72,1,1,0
BRDA:82,2,0,0
BRDA:82,2,1,0
BRDA:82,3,0,0
BRDA:82,3,1,0
BRDA:90,4,0,0
BRDA:90,4,1,0
BRDA:91,5,0,0
BRDA:91,5,1,0
BRDA:91,6,0,0
BRDA:91,6,1,0
BRDA:92,7,0,0
BRDA:92,7,1,0
BRDA:97,8,0,0
BRDA:97,8,1,0
BRDA:98,9,0,0
BRDA:98,9,1,0
BRDA:109,10,0,0
BRDA:109,10,1,0
BRDA:118,11,0,0
BRDA:118,11,1,0
BRDA:123,12,0,0
BRDA:123,12,1,0
BRDA:123,13,0,0
BRDA:123,13,1,0
BRDA:134,14,0,0
BRDA:134,14,1,0
BRDA:151,15,0,0
BRDA:151,15,1,0
BRDA:162,16,0,0
BRDA:162,16,1,0
BRDA:168,17,0,0
BRDA:168,17,1,0
BRDA:172,18,0,0
BRDA:172,18,1,0
BRDA:179,19,0,0
BRDA:179,19,1,0
BRDA:183,20,0,0
BRDA:183,20,1,0
BRDA:187,21,0,0
BRDA:187,21,1,0
BRDA:213,22,0,0
BRDA:213,22,1,0
BRDA:222,23,0,0
BRDA:222,23,1,0
BRDA:226,24,0,0
BRDA:226,24,1,0
BRDA:239,25,0,0
BRDA:239,25,1,0
BRDA:239,25,2,0
BRDA:262,26,0,0
BRDA:262,26,1,0
BRF:55
BRH:0
end_of_record
TN:
SF:src/components/forms/FormFieldRenderer.tsx
FN:18,(anonymous_0)
FNF:1
FNH:0
FNDA:0,(anonymous_0)
DA:18,0
DA:28,0
DA:40,0
DA:43,0
DA:46,0
DA:49,0
DA:52,0
DA:55,0
DA:60,0
LF:9
LH:0
BRDA:24,0,0,0
BRDA:25,1,0,0
BRDA:40,2,0,0
BRDA:40,2,1,0
BRDA:40,2,2,0
BRDA:40,2,3,0
BRDA:40,2,4,0
BRDA:40,2,5,0
BRDA:40,2,6,0
BRDA:40,2,7,0
BRF:10
BRH:0
end_of_record
TN:
SF:src/components/forms/RadioFieldComponent.tsx
FN:15,(anonymous_0)
FN:28,(anonymous_1)
FN:33,(anonymous_2)
FN:80,(anonymous_3)
FN:87,(anonymous_4)
FN:92,(anonymous_5)
FN:97,(anonymous_6)
FN:98,(anonymous_7)
FN:107,(anonymous_8)
FN:112,(anonymous_9)
FN:162,(anonymous_10)
FN:209,(anonymous_11)
FNF:12
FNH:0
FNDA:0,(anonymous_0)
FNDA:0,(anonymous_1)
FNDA:0,(anonymous_2)
FNDA:0,(anonymous_3)
FNDA:0,(anonymous_4)
FNDA:0,(anonymous_5)
FNDA:0,(anonymous_6)
FNDA:0,(anonymous_7)
FNDA:0,(anonymous_8)
FNDA:0,(anonymous_9)
FNDA:0,(anonymous_10)
FNDA:0,(anonymous_11)
DA:15,0
DA:25,0
DA:28,0
DA:29,0
DA:33,0
DA:34,0
DA:35,0
DA:39,0
DA:41,0
DA:42,0
DA:45,0
DA:46,0
DA:49,0
DA:50,0
DA:53,0
DA:54,0
DA:57,0
DA:58,0
DA:61,0
DA:62,0
DA:65,0
DA:66,0
DA:69,0
DA:70,0
DA:74,0
DA:77,0
DA:80,0
DA:81,0
DA:82,0
DA:83,0
DA:87,0
DA:88,0
DA:92,0
DA:93,0
DA:97,0
DA:98,0
DA:101,0
DA:103,0
DA:107,0
DA:109,0
DA:112,0
DA:113,0
DA:117,0
DA:120,0
DA:122,0
DA:163,0
DA:210,0
LF:47
LH:0
BRDA:21,0,0,0
BRDA:22,1,0,0
BRDA:29,2,0,0
BRDA:29,2,1,0
BRDA:34,3,0,0
BRDA:34,3,1,0
BRDA:34,4,0,0
BRDA:34,4,1,0
BRDA:41,5,0,0
BRDA:41,5,1,0
BRDA:41,6,0,0
BRDA:41,6,1,0
BRDA:45,7,0,0
BRDA:45,7,1,0
BRDA:49,8,0,0
BRDA:49,8,1,0
BRDA:49,9,0,0
BRDA:49,9,1,0
BRDA:49,9,2,0
BRDA:53,10,0,0
BRDA:53,10,1,0
BRDA:53,11,0,0
BRDA:53,11,1,0
BRDA:57,12,0,0
BRDA:57,12,1,0
BRDA:57,13,0,0
BRDA:57,13,1,0
BRDA:61,14,0,0
BRDA:61,14,1,0
BRDA:61,15,0,0
BRDA:61,15,1,0
BRDA:65,16,0,0
BRDA:65,16,1,0
BRDA:69,17,0,0
BRDA:69,17,1,0
BRDA:69,18,0,0
BRDA:69,18,1,0
BRDA:109,19,0,0
BRDA:109,19,1,0
BRDA:112,20,0,0
BRDA:112,20,1,0
BRDA:112,21,0,0
BRDA:112,21,1,0
BRDA:127,22,0,0
BRDA:127,22,1,0
BRDA:135,23,0,0
BRDA:135,23,1,0
BRDA:136,24,0,0
BRDA:136,24,1,0
BRDA:138,25,0,0
BRDA:138,25,1,0
BRDA:143,26,0,0
BRDA:143,26,1,0
BRDA:143,26,2,0
BRDA:155,27,0,0
BRDA:155,27,1,0
BRDA:157,28,0,0
BRDA:157,28,1,0
BRDA:168,29,0,0
BRDA:168,29,1,0
BRDA:170,30,0,0
BRDA:170,30,1,0
BRDA:171,31,0,0
BRDA:171,31,1,0
BRDA:179,32,0,0
BRDA:179,32,1,0
BRDA:181,33,0,0
BRDA:181,33,1,0
BRDA:190,34,0,0
BRDA:190,34,1,0
BRDA:207,35,0,0
BRDA:207,35,1,0
BRDA:218,36,0,0
BRDA:218,36,1,0
BRDA:227,37,0,0
BRDA:227,37,1,0
BRDA:227,37,2,0
BRF:77
BRH:0
end_of_record
TN:
SF:src/components/forms/SignatureFieldComponent.tsx
FN:12,(anonymous_0)
FN:23,(anonymous_1)
FN:34,(anonymous_2)
FNF:3
FNH:0
FNDA:0,(anonymous_0)
FNDA:0,(anonymous_1)
FNDA:0,(anonymous_2)
DA:12,0
DA:23,0
DA:25,0
DA:26,0
DA:29,0
DA:30,0
DA:34,0
DA:35,0
DA:36,0
DA:40,0
DA:42,0
LF:11
LH:0
BRDA:18,0,0,0
BRDA:19,1,0,0
BRDA:40,2,0,0
BRDA:40,2,1,0
BRDA:40,2,2,0
BRDA:63,3,0,0
BRDA:63,3,1,0
BRDA:64,4,0,0
BRDA:64,4,1,0
BRDA:65,5,0,0
BRDA:65,5,1,0
BRDA:66,6,0,0
BRDA:66,6,1,0
BRDA:66,7,0,0
BRDA:66,7,1,0
BRDA:68,8,0,0
BRDA:68,8,1,0
BRDA:68,9,0,0
BRDA:68,9,1,0
BRDA:73,10,0,0
BRDA:73,10,1,0
BRDA:73,11,0,0
BRDA:73,11,1,0
BRDA:75,12,0,0
BRDA:75,12,1,0
BRDA:88,13,0,0
BRDA:88,13,1,0
BRDA:88,14,0,0
BRDA:88,14,1,0
BRDA:90,15,0,0
BRDA:90,15,1,0
BRDA:105,16,0,0
BRDA:105,16,1,0
BRDA:109,17,0,0
BRDA:109,17,1,0
BRDA:112,18,0,0
BRDA:112,18,1,0
BRDA:118,19,0,0
BRDA:118,19,1,0
BRF:39
BRH:0
end_of_record
TN:
SF:src/components/forms/TextFieldComponent.tsx
FN:6,(anonymous_0)
FN:20,(anonymous_1)
FN:28,(anonymous_2)
FN:44,(anonymous_3)
FN:51,(anonymous_4)
FN:56,(anonymous_5)
FN:61,(anonymous_6)
FN:66,(anonymous_7)
FN:72,(anonymous_8)
FNF:9
FNH:0
FNDA:0,(anonymous_0)
FNDA:0,(anonymous_1)
FNDA:0,(anonymous_2)
FNDA:0,(anonymous_3)
FNDA:0,(anonymous_4)
FNDA:0,(anonymous_5)
FNDA:0,(anonymous_6)
FNDA:0,(anonymous_7)
FNDA:0,(anonymous_8)
DA:6,0
DA:16,0
DA:17,0
DA:20,0
DA:21,0
DA:25,0
DA:28,0
DA:29,0
DA:31,0
DA:32,0
DA:35,0
DA:36,0
DA:37,0
DA:38,0
DA:40,0
DA:44,0
DA:45,0
DA:46,0
DA:47,0
DA:51,0
DA:52,0
DA:56,0
DA:57,0
DA:61,0
DA:62,0
DA:66,0
DA:67,0
DA:68,0
DA:72,0
DA:73,0
DA:75,0
DA:76,0
DA:77,0
DA:78,0
DA:79,0
DA:80,0
DA:81,0
DA:82,0
DA:84,0
DA:87,0
LF:40
LH:0
BRDA:12,0,0,0
BRDA:13,1,0,0
BRDA:17,2,0,0
BRDA:17,2,1,0
BRDA:21,3,0,0
BRDA:21,3,1,0
BRDA:31,4,0,0
BRDA:31,4,1,0
BRDA:32,5,0,0
BRDA:32,5,1,0
BRDA:35,6,0,0
BRDA:35,6,1,0
BRDA:36,7,0,0
BRDA:36,7,1,0
BRDA:36,8,0,0
BRDA:36,8,1,0
BRDA:37,9,0,0
BRDA:37,9,1,0
BRDA:37,10,0,0
BRDA:37,10,1,0
BRDA:38,11,0,0
BRDA:38,11,1,0
BRDA:38,12,0,0
BRDA:38,12,1,0
BRDA:75,13,0,0
BRDA:75,13,1,0
BRDA:76,14,0,0
BRDA:76,14,1,0
BRDA:77,15,0,0
BRDA:77,15,1,0
BRDA:77,16,0,0
BRDA:77,16,1,0
BRDA:78,17,0,0
BRDA:78,17,1,0
BRDA:79,18,0,0
BRDA:79,18,1,0
BRDA:80,19,0,0
BRDA:80,19,1,0
BRDA:81,20,0,0
BRDA:81,20,1,0
BRDA:81,21,0,0
BRDA:81,21,1,0
BRDA:82,22,0,0
BRDA:82,22,1,0
BRDA:106,23,0,0
BRDA:106,23,1,0
BRDA:110,24,0,0
BRDA:110,24,1,0
BRDA:118,25,0,0
BRDA:118,25,1,0
BRDA:120,26,0,0
BRDA:120,26,1,0
BRDA:120,27,0,0
BRDA:120,27,1,0
BRDA:128,28,0,0
BRDA:128,28,1,0
BRDA:128,28,2,0
BRDA:128,28,3,0
BRDA:134,29,0,0
BRDA:134,29,1,0
BRDA:141,30,0,0
BRDA:141,30,1,0
BRDA:146,31,0,0
BRDA:146,31,1,0
BRDA:149,32,0,0
BRDA:149,32,1,0
BRDA:157,33,0,0
BRDA:157,33,1,0
BRF:68
BRH:0
end_of_record
TN:
SF:src/components/pdf/PDFFormContainer.tsx
FN:36,(anonymous_0)
FN:60,(anonymous_1)
FN:77,(anonymous_2)
FN:99,(anonymous_3)
FN:104,(anonymous_4)
FN:110,(anonymous_5)
FN:121,(anonymous_6)
FN:127,(anonymous_7)
FN:134,(anonymous_8)
FN:135,(anonymous_9)
FN:138,(anonymous_10)
FN:139,(anonymous_11)
FN:143,(anonymous_12)
FN:148,(anonymous_13)
FN:149,(anonymous_14)
FN:157,(anonymous_15)
FN:162,(anonymous_16)
FN:237,(anonymous_17)
FNF:18
FNH:0
FNDA:0,(anonymous_0)
FNDA:0,(anonymous_1)
FNDA:0,(anonymous_2)
FNDA:0,(anonymous_3)
FNDA:0,(anonymous_4)
FNDA:0,(anonymous_5)
FNDA:0,(anonymous_6)
FNDA:0,(anonymous_7)
FNDA:0,(anonymous_8)
FNDA:0,(anonymous_9)
FNDA:0,(anonymous_10)
FNDA:0,(anonymous_11)
FNDA:0,(anonymous_12)
FNDA:0,(anonymous_13)
FNDA:0,(anonymous_14)
FNDA:0,(anonymous_15)
FNDA:0,(anonymous_16)
FNDA:0,(anonymous_17)
DA:36,1
DA:37,0
DA:38,0
DA:39,0
DA:40,0
DA:43,0
DA:44,0
DA:45,0
DA:46,0
DA:49,0
DA:50,0
DA:53,0
DA:54,0
DA:57,0
DA:60,0
DA:61,0
DA:62,0
DA:63,0
DA:65,0
DA:67,0
DA:70,0
DA:73,0
DA:76,0
DA:77,0
DA:78,0
DA:81,0
DA:84,0
DA:85,0
DA:86,0
DA:90,0
DA:93,0
DA:94,0
DA:99,0
DA:100,0
DA:104,0
DA:105,0
DA:106,0
DA:110,0
DA:111,0
DA:112,0
DA:115,0
DA:116,0
DA:121,0
DA:122,0
DA:123,0
DA:127,0
DA:128,0
DA:129,0
DA:134,0
DA:135,0
DA:138,0
DA:139,0
DA:143,0
DA:144,0
DA:148,0
DA:149,0
DA:150,0
DA:151,0
DA:157,0
DA:158,0
DA:162,0
DA:163,0
DA:166,0
DA:237,0
LF:64
LH:1
BRDA:84,0,0,0
BRDA:84,0,1,0
BRDA:111,1,0,0
BRDA:111,1,1,0
BRDA:111,2,0,0
BRDA:111,2,1,0
BRDA:111,2,2,0
BRDA:115,3,0,0
BRDA:115,3,1,0
BRDA:122,4,0,0
BRDA:122,4,1,0
BRDA:128,5,0,0
BRDA:128,5,1,0
BRDA:128,6,0,0
BRDA:128,6,1,0
BRDA:150,7,0,0
BRDA:150,7,1,0
BRDA:182,8,0,0
BRDA:182,8,1,0
BRDA:190,9,0,0
BRDA:190,9,1,0
BRDA:208,10,0,0
BRDA:208,10,1,0
BRDA:230,11,0,0
BRDA:230,11,1,0
BRDA:260,12,0,0
BRDA:260,12,1,0
BRDA:260,12,2,0
BRDA:260,12,3,0
BRF:29
BRH:0
end_of_record
TN:
SF:src/components/pdf/PDFViewer.tsx
FN:17,(anonymous_0)
FN:38,(anonymous_1)
FN:41,(anonymous_2)
FN:73,(anonymous_3)
FN:79,(anonymous_4)
FN:125,(anonymous_5)
FN:154,(anonymous_6)
FN:193,(anonymous_7)
FN:200,(anonymous_8)
FN:201,(anonymous_9)
FN:209,(anonymous_10)
FNF:11
FNH:0
FNDA:0,(anonymous_0)
FNDA:0,(anonymous_1)
FNDA:0,(anonymous_2)
FNDA:0,(anonymous_3)
FNDA:0,(anonymous_4)
FNDA:0,(anonymous_5)
FNDA:0,(anonymous_6)
FNDA:0,(anonymous_7)
FNDA:0,(anonymous_8)
FNDA:0,(anonymous_9)
FNDA:0,(anonymous_10)
DA:17,1
DA:26,0
DA:27,0
DA:28,0
DA:29,0
DA:31,0
DA:32,0
DA:33,0
DA:34,0
DA:35,0
DA:38,0
DA:39,0
DA:41,0
DA:42,0
DA:43,0
DA:44,0
DA:46,0
DA:47,0
DA:49,0
DA:51,0
DA:52,0
DA:54,0
DA:56,0
DA:58,0
DA:59,0
DA:60,0
DA:61,0
DA:63,0
DA:64,0
DA:69,0
DA:70,0
DA:73,0
DA:74,0
DA:79,0
DA:80,0
DA:82,0
DA:83,0
DA:84,0
DA:86,0
DA:87,0
DA:88,0
DA:89,0
DA:91,0
DA:94,0
DA:95,0
DA:96,0
DA:97,0
DA:99,0
DA:101,0
DA:102,0
DA:103,0
DA:105,0
DA:106,0
DA:109,0
DA:110,0
DA:113,0
DA:116,0
DA:117,0
DA:120,0
DA:121,0
DA:122,0
DA:125,0
DA:126,0
DA:127,0
DA:128,0
DA:129,0
DA:130,0
DA:131,0
DA:132,0
DA:133,0
DA:134,0
DA:135,0
DA:136,0
DA:140,0
DA:144,0
DA:145,0
DA:147,0
DA:149,0
DA:150,0
DA:151,0
DA:154,0
DA:155,0
DA:156,0
DA:157,0
DA:158,0
DA:159,0
DA:160,0
DA:161,0
DA:162,0
DA:163,0
DA:164,0
DA:165,0
DA:166,0
DA:170,0
DA:173,0
DA:177,0
DA:181,0
DA:183,0
DA:184,0
DA:185,0
DA:186,0
DA:188,0
DA:193,0
DA:194,0
DA:195,0
DA:200,0
DA:201,0
DA:202,0
DA:204,0
DA:208,0
DA:209,0
DA:212,0
DA:213,0
DA:230,0
DA:231,0
DA:254,0
LF:116
LH:1
BRDA:19,0,0,0
BRDA:20,1,0,0
BRDA:49,2,0,0
BRDA:49,2,1,0
BRDA:56,3,0,0
BRDA:56,3,1,0
BRDA:63,4,0,0
BRDA:63,4,1,0
BRDA:69,5,0,0
BRDA:69,5,1,0
BRDA:80,6,0,0
BRDA:80,6,1,0
BRDA:80,7,0,0
BRDA:80,7,1,0
BRDA:94,8,0,0
BRDA:94,8,1,0
BRDA:99,9,0,0
BRDA:99,9,1,0
BRDA:99,10,0,0
BRDA:99,10,1,0
BRDA:99,10,2,0
BRDA:102,11,0,0
BRDA:102,11,1,0
BRDA:126,12,0,0
BRDA:126,12,1,0
BRDA:126,13,0,0
BRDA:126,13,1,0
BRDA:133,14,0,0
BRDA:133,14,1,0
BRDA:147,15,0,0
BRDA:147,15,1,0
BRDA:155,16,0,0
BRDA:155,16,1,0
BRDA:165,17,0,0
BRDA:165,17,1,0
BRDA:194,18,0,0
BRDA:194,18,1,0
BRDA:194,19,0,0
BRDA:194,19,1,0
BRDA:194,19,2,0
BRDA:202,20,0,0
BRDA:202,20,1,0
BRDA:202,21,0,0
BRDA:202,21,1,0
BRDA:212,22,0,0
BRDA:212,22,1,0
BRDA:230,23,0,0
BRDA:230,23,1,0
BRDA:244,24,0,0
BRDA:244,24,1,0
BRDA:265,25,0,0
BRDA:265,25,1,0
BRF:52
BRH:0
end_of_record
TN:
SF:src/components/pdf/ThumbnailSidebar.tsx
FN:50,(anonymous_0)
FN:62,(anonymous_1)
FN:65,(anonymous_2)
FN:92,(anonymous_3)
FN:100,(anonymous_4)
FN:202,(anonymous_5)
FN:217,(anonymous_6)
FN:222,(anonymous_7)
FN:225,(anonymous_8)
FN:229,(anonymous_9)
FN:242,(anonymous_10)
FN:342,(anonymous_11)
FN:351,(anonymous_12)
FN:416,(anonymous_13)
FN:438,(anonymous_14)
FN:439,(anonymous_15)
FNF:16
FNH:0
FNDA:0,(anonymous_0)
FNDA:0,(anonymous_1)
FNDA:0,(anonymous_2)
FNDA:0,(anonymous_3)
FNDA:0,(anonymous_4)
FNDA:0,(anonymous_5)
FNDA:0,(anonymous_6)
FNDA:0,(anonymous_7)
FNDA:0,(anonymous_8)
FNDA:0,(anonymous_9)
FNDA:0,(anonymous_10)
FNDA:0,(anonymous_11)
FNDA:0,(anonymous_12)
FNDA:0,(anonymous_13)
FNDA:0,(anonymous_14)
FNDA:0,(anonymous_15)
DA:50,1
DA:58,0
DA:59,0
DA:60,0
DA:62,0
DA:63,0
DA:65,0
DA:66,0
DA:68,0
DA:69,0
DA:70,0
DA:72,0
DA:73,0
DA:75,0
DA:76,0
DA:79,0
DA:80,0
DA:81,0
DA:84,0
DA:85,0
DA:90,0
DA:92,0
DA:93,0
DA:97,0
DA:100,0
DA:202,1
DA:211,0
DA:212,0
DA:214,0
DA:217,0
DA:218,0
DA:222,0
DA:223,0
DA:225,0
DA:229,0
DA:230,0
DA:231,0
DA:232,0
DA:234,0
DA:242,0
DA:243,0
DA:244,0
DA:247,0
DA:250,0
DA:343,0
DA:351,0
DA:417,0
DA:433,0
DA:434,0
DA:507,0
LF:50
LH:2
BRDA:66,0,0,0
BRDA:66,0,1,0
BRDA:75,1,0,0
BRDA:75,1,1,0
BRDA:80,2,0,0
BRDA:80,2,1,0
BRDA:84,3,0,0
BRDA:84,3,1,0
BRDA:107,4,0,0
BRDA:107,4,1,0
BRDA:108,5,0,0
BRDA:108,5,1,0
BRDA:136,6,0,0
BRDA:136,6,1,0
BRDA:138,7,0,0
BRDA:138,7,1,0
BRDA:140,8,0,0
BRDA:140,8,1,0
BRDA:165,9,0,0
BRDA:165,9,1,0
BRDA:167,10,0,0
BRDA:167,10,1,0
BRDA:181,11,0,0
BRDA:181,11,1,0
BRDA:183,12,0,0
BRDA:183,12,1,0
BRDA:208,13,0,0
BRDA:223,14,0,0
BRDA:223,14,1,0
BRDA:238,15,0,0
BRDA:238,15,1,0
BRDA:247,16,0,0
BRDA:247,16,1,0
BRDA:280,17,0,0
BRDA:280,17,1,0
BRDA:287,18,0,0
BRDA:287,18,1,0
BRDA:291,19,0,0
BRDA:291,19,1,0
BRDA:306,20,0,0
BRDA:306,20,1,0
BRDA:327,21,0,0
BRDA:327,21,1,0
BRDA:339,22,0,0
BRDA:339,22,1,0
BRDA:346,23,0,0
BRDA:346,23,1,0
BRDA:374,24,0,0
BRDA:374,24,1,0
BRDA:392,25,0,0
BRDA:392,25,1,0
BRDA:394,26,0,0
BRDA:394,26,1,0
BRDA:397,27,0,0
BRDA:397,27,1,0
BRDA:399,28,0,0
BRDA:399,28,1,0
BRDA:402,29,0,0
BRDA:402,29,1,0
BRDA:402,30,0,0
BRDA:402,30,1,0
BRDA:433,31,0,0
BRDA:433,31,1,0
BRDA:437,32,0,0
BRDA:437,32,1,0
BRDA:438,33,0,0
BRDA:438,33,1,0
BRDA:439,34,0,0
BRDA:439,34,1,0
BRDA:447,35,0,0
BRDA:447,35,1,0
BRF:71
BRH:0
end_of_record
TN:
SF:src/components/signature/SignatureCanvas.tsx
FN:31,(anonymous_0)
FN:49,(anonymous_1)
FN:64,(anonymous_2)
FN:69,(anonymous_3)
FN:70,(anonymous_4)
FN:77,(anonymous_5)
FN:81,(anonymous_6)
FN:88,(anonymous_7)
FN:94,(anonymous_8)
FN:98,(anonymous_9)
FN:102,(anonymous_10)
FN:108,(anonymous_11)
FN:116,(anonymous_12)
FN:121,(anonymous_13)
FN:129,(anonymous_14)
FNF:15
FNH:0
FNDA:0,(anonymous_0)
FNDA:0,(anonymous_1)
FNDA:0,(anonymous_2)
FNDA:0,(anonymous_3)
FNDA:0,(anonymous_4)
FNDA:0,(anonymous_5)
FNDA:0,(anonymous_6)
FNDA:0,(anonymous_7)
FNDA:0,(anonymous_8)
FNDA:0,(anonymous_9)
FNDA:0,(anonymous_10)
FNDA:0,(anonymous_11)
FNDA:0,(anonymous_12)
FNDA:0,(anonymous_13)
FNDA:0,(anonymous_14)
DA:31,0
DA:45,0
DA:46,0
DA:49,0
DA:50,0
DA:51,0
DA:52,0
DA:53,0
DA:54,0
DA:56,0
DA:60,0
DA:64,0
DA:65,0
DA:69,0
DA:71,0
DA:72,0
DA:73,0
DA:78,0
DA:82,0
DA:83,0
DA:85,0
DA:89,0
DA:90,0
DA:95,0
DA:99,0
DA:103,0
DA:104,0
DA:109,0
DA:110,0
DA:116,0
DA:117,0
DA:118,0
DA:121,0
DA:122,0
DA:125,0
DA:126,0
DA:127,0
DA:129,0
DA:130,0
DA:131,0
DA:132,0
DA:136,0
DA:193,0
LF:43
LH:0
BRDA:32,0,0,0
BRDA:33,1,0,0
BRDA:34,2,0,0
BRDA:35,3,0,0
BRDA:36,4,0,0
BRDA:37,5,0,0
BRDA:38,6,0,0
BRDA:42,7,0,0
BRDA:50,8,0,0
BRDA:50,8,1,0
BRDA:50,9,0,0
BRDA:50,9,1,0
BRDA:52,10,0,0
BRDA:52,10,1,0
BRDA:71,11,0,0
BRDA:71,11,1,0
BRDA:78,12,0,0
BRDA:78,12,1,0
BRDA:81,13,0,0
BRDA:81,14,0,0
BRDA:82,15,0,0
BRDA:82,15,1,0
BRDA:89,16,0,0
BRDA:89,16,1,0
BRDA:89,17,0,0
BRDA:89,17,1,0
BRDA:95,18,0,0
BRDA:95,18,1,0
BRDA:99,19,0,0
BRDA:99,19,1,0
BRDA:103,20,0,0
BRDA:103,20,1,0
BRDA:109,21,0,0
BRDA:109,21,1,0
BRDA:118,22,0,0
BRDA:118,22,1,0
BRDA:146,23,0,0
BRDA:146,23,1,0
BRDA:173,24,0,0
BRDA:173,24,1,0
BRF:40
BRH:0
end_of_record
TN:
SF:src/components/signature/SignatureModal.tsx
FN:63,(anonymous_0)
FN:77,(anonymous_1)
FN:114,(anonymous_2)
FN:130,(anonymous_3)
FN:135,(anonymous_4)
FN:145,(anonymous_5)
FN:151,(anonymous_6)
FN:163,(anonymous_7)
FN:173,(anonymous_8)
FN:183,(anonymous_9)
FN:210,(anonymous_10)
FNF:11
FNH:0
FNDA:0,(anonymous_0)
FNDA:0,(anonymous_1)
FNDA:0,(anonymous_2)
FNDA:0,(anonymous_3)
FNDA:0,(anonymous_4)
FNDA:0,(anonymous_5)
FNDA:0,(anonymous_6)
FNDA:0,(anonymous_7)
FNDA:0,(anonymous_8)
FNDA:0,(anonymous_9)
FNDA:0,(anonymous_10)
DA:63,0
DA:64,0
DA:77,0
DA:86,0
DA:87,0
DA:90,0
DA:91,0
DA:92,0
DA:93,0
DA:96,0
DA:99,0
DA:100,0
DA:101,0
DA:102,0
DA:103,0
DA:106,0
DA:107,0
DA:110,0
DA:111,0
DA:114,0
DA:115,0
DA:116,0
DA:117,0
DA:118,0
DA:120,0
DA:121,0
DA:122,0
DA:123,0
DA:124,0
DA:130,0
DA:131,0
DA:135,0
DA:136,0
DA:138,0
DA:139,0
DA:140,0
DA:141,0
DA:145,0
DA:146,0
DA:147,0
DA:151,0
DA:152,0
DA:153,0
DA:154,0
DA:156,0
DA:157,0
DA:158,0
DA:163,0
DA:164,0
DA:165,0
DA:166,0
DA:167,0
DA:168,0
DA:173,0
DA:174,0
DA:175,0
DA:176,0
DA:177,0
DA:178,0
DA:183,0
DA:184,0
DA:186,0
DA:187,0
DA:190,0
DA:205,0
DA:206,0
DA:210,0
DA:212,0
DA:213,0
DA:214,0
DA:215,0
DA:216,0
DA:217,0
DA:218,0
DA:222,0
DA:224,0
LF:76
LH:0
BRDA:72,0,0,0
BRDA:72,0,1,0
BRDA:81,1,0,0
BRDA:83,2,0,0
BRDA:84,3,0,0
BRDA:115,4,0,0
BRDA:115,4,1,0
BRDA:116,5,0,0
BRDA:116,5,1,0
BRDA:121,6,0,0
BRDA:121,6,1,0
BRDA:122,7,0,0
BRDA:122,7,1,0
BRDA:123,8,0,0
BRDA:123,8,1,0
BRDA:152,9,0,0
BRDA:152,9,1,0
BRDA:164,10,0,0
BRDA:164,10,1,0
BRDA:164,11,0,0
BRDA:164,11,1,0
BRDA:174,12,0,0
BRDA:174,12,1,0
BRDA:174,13,0,0
BRDA:174,13,1,0
BRDA:184,14,0,0
BRDA:184,14,1,0
BRDA:186,15,0,0
BRDA:186,15,1,0
BRDA:191,16,0,0
BRDA:191,16,1,0
BRDA:197,17,0,0
BRDA:197,17,1,0
BRDA:222,18,0,0
BRDA:222,18,1,0
BRDA:233,19,0,0
BRDA:233,19,1,0
BRDA:234,20,0,0
BRDA:234,20,1,0
BRDA:258,21,0,0
BRDA:258,21,1,0
BRDA:298,22,0,0
BRDA:298,22,1,0
BRDA:349,23,0,0
BRDA:349,23,1,0
BRDA:366,24,0,0
BRDA:366,24,1,0
BRF:47
BRH:0
end_of_record
TN:
SF:src/components/signature/TypedSignature.tsx
FN:55,(anonymous_0)
FN:77,(anonymous_1)
FN:133,(anonymous_2)
FN:145,(anonymous_3)
FN:152,(anonymous_4)
FN:159,(anonymous_5)
FN:166,(anonymous_6)
FN:170,(anonymous_7)
FN:174,(anonymous_8)
FN:179,(anonymous_9)
FN:180,(anonymous_10)
FN:183,(anonymous_11)
FN:187,(anonymous_12)
FN:189,(anonymous_13)
FN:190,(anonymous_14)
FN:194,(anonymous_15)
FN:206,(anonymous_16)
FN:207,(anonymous_17)
FN:222,(anonymous_18)
FN:226,(anonymous_19)
FN:231,(anonymous_20)
FN:232,(anonymous_21)
FN:233,(anonymous_22)
FN:244,(anonymous_23)
FN:259,(anonymous_24)
FN:262,(anonymous_25)
FN:280,(anonymous_26)
FNF:27
FNH:0
FNDA:0,(anonymous_0)
FNDA:0,(anonymous_1)
FNDA:0,(anonymous_2)
FNDA:0,(anonymous_3)
FNDA:0,(anonymous_4)
FNDA:0,(anonymous_5)
FNDA:0,(anonymous_6)
FNDA:0,(anonymous_7)
FNDA:0,(anonymous_8)
FNDA:0,(anonymous_9)
FNDA:0,(anonymous_10)
FNDA:0,(anonymous_11)
FNDA:0,(anonymous_12)
FNDA:0,(anonymous_13)
FNDA:0,(anonymous_14)
FNDA:0,(anonymous_15)
FNDA:0,(anonymous_16)
FNDA:0,(anonymous_17)
FNDA:0,(anonymous_18)
FNDA:0,(anonymous_19)
FNDA:0,(anonymous_20)
FNDA:0,(anonymous_21)
FNDA:0,(anonymous_22)
FNDA:0,(anonymous_23)
FNDA:0,(anonymous_24)
FNDA:0,(anonymous_25)
FNDA:0,(anonymous_26)
DA:41,0
DA:55,0
DA:70,0
DA:71,0
DA:72,0
DA:73,0
DA:74,0
DA:77,0
DA:82,0
DA:83,0
DA:84,0
DA:85,0
DA:88,0
DA:89,0
DA:92,0
DA:95,0
DA:96,0
DA:99,0
DA:100,0
DA:101,0
DA:102,0
DA:103,0
DA:106,0
DA:107,0
DA:108,0
DA:109,0
DA:111,0
DA:112,0
DA:113,0
DA:115,0
DA:116,0
DA:117,0
DA:119,0
DA:123,0
DA:124,0
DA:128,0
DA:129,0
DA:130,0
DA:133,0
DA:134,0
DA:135,0
DA:139,0
DA:140,0
DA:141,0
DA:145,0
DA:146,0
DA:147,0
DA:148,0
DA:152,0
DA:153,0
DA:154,0
DA:155,0
DA:159,0
DA:160,0
DA:161,0
DA:162,0
DA:166,0
DA:167,0
DA:170,0
DA:171,0
DA:174,0
DA:175,0
DA:179,0
DA:180,0
DA:181,0
DA:183,0
DA:187,0
DA:188,0
DA:189,0
DA:190,0
DA:192,0
DA:193,0
DA:194,0
DA:195,0
DA:198,0
DA:199,0
DA:200,0
DA:206,0
DA:208,0
DA:209,0
DA:210,0
DA:211,0
DA:212,0
DA:213,0
DA:214,0
DA:215,0
DA:216,0
DA:219,0
DA:223,0
DA:227,0
DA:228,0
DA:231,0
DA:232,0
DA:233,0
DA:236,0
DA:244,0
DA:259,0
DA:263,0
DA:280,0
DA:370,0
LF:100
LH:0
BRDA:56,0,0,0
BRDA:57,1,0,0
BRDA:58,2,0,0
BRDA:59,3,0,0
BRDA:60,4,0,0
BRDA:61,5,0,0
BRDA:62,6,0,0
BRDA:67,7,0,0
BRDA:78,8,0,0
BRDA:79,9,0,0
BRDA:80,10,0,0
BRDA:83,11,0,0
BRDA:83,11,1,0
BRDA:83,12,0,0
BRDA:83,12,1,0
BRDA:89,13,0,0
BRDA:89,13,1,0
BRDA:112,14,0,0
BRDA:112,14,1,0
BRDA:115,15,0,0
BRDA:115,15,1,0
BRDA:115,16,0,0
BRDA:115,16,1,0
BRDA:123,17,0,0
BRDA:123,17,1,0
BRDA:189,18,0,0
BRDA:189,18,1,0
BRDA:192,19,0,0
BRDA:192,19,1,0
BRDA:199,20,0,0
BRDA:199,20,1,0
BRDA:211,21,0,0
BRDA:211,21,1,0
BRDA:213,22,0,0
BRDA:213,22,1,0
BRDA:226,23,0,0
BRDA:226,24,0,0
BRDA:228,25,0,0
BRDA:228,25,1,0
BRDA:308,26,0,0
BRDA:308,26,1,0
BRDA:325,27,0,0
BRDA:325,27,1,0
BRDA:344,28,0,0
BRDA:344,28,1,0
BRF:45
BRH:0
end_of_record
TN:
SF:src/components/submission/SubmissionFlow.tsx
FN:75,(anonymous_0)
FN:104,(anonymous_1)
FN:110,(anonymous_2)
FN:121,(anonymous_3)
FN:123,(anonymous_4)
FN:133,(anonymous_5)
FN:134,(anonymous_6)
FN:136,(anonymous_7)
FN:150,(anonymous_8)
FN:158,(anonymous_9)
FN:173,(anonymous_10)
FN:199,(anonymous_11)
FN:209,(anonymous_12)
FN:210,(anonymous_13)
FN:239,(anonymous_14)
FN:255,(anonymous_15)
FN:272,(anonymous_16)
FN:288,(anonymous_17)
FN:296,(anonymous_18)
FN:320,(anonymous_19)
FN:321,(anonymous_20)
FN:341,(anonymous_21)
FN:353,(anonymous_22)
FN:360,(anonymous_23)
FN:372,(anonymous_24)
FN:417,(anonymous_25)
FN:497,(anonymous_26)
FN:510,(anonymous_27)
FN:523,(anonymous_28)
FNF:29
FNH:0
FNDA:0,(anonymous_0)
FNDA:0,(anonymous_1)
FNDA:0,(anonymous_2)
FNDA:0,(anonymous_3)
FNDA:0,(anonymous_4)
FNDA:0,(anonymous_5)
FNDA:0,(anonymous_6)
FNDA:0,(anonymous_7)
FNDA:0,(anonymous_8)
FNDA:0,(anonymous_9)
FNDA:0,(anonymous_10)
FNDA:0,(anonymous_11)
FNDA:0,(anonymous_12)
FNDA:0,(anonymous_13)
FNDA:0,(anonymous_14)
FNDA:0,(anonymous_15)
FNDA:0,(anonymous_16)
FNDA:0,(anonymous_17)
FNDA:0,(anonymous_18)
FNDA:0,(anonymous_19)
FNDA:0,(anonymous_20)
FNDA:0,(anonymous_21)
FNDA:0,(anonymous_22)
FNDA:0,(anonymous_23)
FNDA:0,(anonymous_24)
FNDA:0,(anonymous_25)
FNDA:0,(anonymous_26)
FNDA:0,(anonymous_27)
FNDA:0,(anonymous_28)
DA:68,0
DA:75,0
DA:84,0
DA:85,0
DA:86,0
DA:87,0
DA:89,0
DA:99,0
DA:100,0
DA:101,0
DA:104,0
DA:105,0
DA:107,0
DA:109,0
DA:110,0
DA:120,0
DA:121,0
DA:123,0
DA:131,0
DA:132,0
DA:133,0
DA:134,0
DA:136,0
DA:144,0
DA:145,0
DA:146,0
DA:150,0
DA:158,0
DA:172,0
DA:173,0
DA:174,0
DA:180,0
DA:182,0
DA:183,0
DA:195,0
DA:196,0
DA:199,0
DA:209,0
DA:210,0
DA:219,0
DA:231,0
DA:238,0
DA:239,0
DA:251,0
DA:254,0
DA:255,0
DA:256,0
DA:261,0
DA:272,0
DA:282,0
DA:286,0
DA:288,0
DA:289,0
DA:290,0
DA:291,0
DA:294,0
DA:296,0
DA:305,0
DA:308,0
DA:315,0
DA:320,0
DA:321,0
DA:332,0
DA:333,0
DA:334,0
DA:337,0
DA:341,0
DA:343,0
DA:344,0
DA:345,0
DA:348,0
DA:349,0
DA:353,0
DA:354,0
DA:355,0
DA:360,0
DA:361,0
DA:362,0
DA:363,0
DA:364,0
DA:366,0
DA:367,0
DA:372,0
DA:373,0
DA:374,0
DA:375,0
DA:376,0
DA:377,0
DA:380,0
DA:381,0
DA:382,0
DA:384,0
DA:418,0
DA:498,0
DA:510,0
DA:524,0
LF:96
LH:0
BRDA:80,0,0,0
BRDA:81,1,0,0
BRDA:82,2,0,0
BRDA:105,3,0,0
BRDA:105,3,1,0
BRDA:131,4,0,0
BRDA:131,4,1,0
BRDA:205,5,0,0
BRDA:205,5,1,0
BRDA:238,6,0,0
BRDA:238,6,1,0
BRDA:244,7,0,0
BRDA:244,7,1,0
BRDA:254,8,0,0
BRDA:254,8,1,0
BRDA:289,9,0,0
BRDA:289,9,1,0
BRDA:290,10,0,0
BRDA:290,10,1,0
BRDA:332,11,0,0
BRDA:332,11,1,0
BRDA:343,12,0,0
BRDA:343,12,1,0
BRDA:354,13,0,0
BRDA:354,13,1,0
BRDA:361,14,0,0
BRDA:361,14,1,0
BRDA:361,14,2,0
BRDA:361,14,3,0
BRDA:361,14,4,0
BRDA:361,14,5,0
BRDA:374,15,0,0
BRDA:374,15,1,0
BRDA:375,16,0,0
BRDA:375,16,1,0
BRDA:375,17,0,0
BRDA:375,17,1,0
BRDA:376,18,0,0
BRDA:376,18,1,0
BRDA:387,19,0,0
BRDA:387,19,1,0
BRDA:394,20,0,0
BRDA:394,20,1,0
BRDA:405,21,0,0
BRDA:405,21,1,0
BRDA:416,22,0,0
BRDA:416,22,1,0
BRDA:418,23,0,0
BRDA:418,23,1,0
BRDA:420,24,0,0
BRDA:420,24,1,0
BRDA:431,25,0,0
BRDA:431,25,1,0
BRDA:437,26,0,0
BRDA:437,26,1,0
BRDA:453,27,0,0
BRDA:453,27,1,0
BRDA:454,28,0,0
BRDA:454,28,1,0
BRDA:455,29,0,0
BRDA:455,29,1,0
BRDA:462,30,0,0
BRDA:462,30,1,0
BRDA:469,31,0,0
BRDA:469,31,1,0
BRDA:479,32,0,0
BRDA:479,32,1,0
BRDA:492,33,0,0
BRDA:492,33,1,0
BRDA:513,34,0,0
BRDA:513,34,1,0
BRDA:519,35,0,0
BRDA:519,35,1,0
BRDA:536,36,0,0
BRDA:536,36,1,0
BRDA:536,36,2,0
BRDA:546,37,0,0
BRDA:546,37,1,0
BRDA:560,38,0,0
BRDA:560,38,1,0
BRDA:579,39,0,0
BRDA:579,39,1,0
BRDA:590,40,0,0
BRDA:590,40,1,0
BRDA:601,41,0,0
BRDA:601,41,1,0
BRDA:607,42,0,0
BRDA:607,42,1,0
BRF:88
BRH:0
end_of_record
TN:
SF:src/components/ui/ErrorDisplay.tsx
FN:98,(anonymous_0)
FN:116,(anonymous_1)
FN:125,(anonymous_2)
FN:126,(anonymous_3)
FN:128,(anonymous_4)
FN:132,(anonymous_5)
FN:138,(anonymous_6)
FN:139,(anonymous_7)
FN:151,(anonymous_8)
FN:153,(anonymous_9)
FN:161,(anonymous_10)
FN:167,(anonymous_11)
FN:169,(anonymous_12)
FN:211,(anonymous_13)
FN:212,(anonymous_14)
FN:220,(anonymous_15)
FN:274,(anonymous_16)
FN:296,(anonymous_17)
FN:309,(anonymous_18)
FN:324,(anonymous_19)
FN:409,(anonymous_20)
FN:418,(anonymous_21)
FN:424,(anonymous_22)
FN:444,(anonymous_23)
FN:456,(anonymous_24)
FN:464,(anonymous_25)
FN:474,(anonymous_26)
FN:534,(anonymous_27)
FNF:28
FNH:0
FNDA:0,(anonymous_0)
FNDA:0,(anonymous_1)
FNDA:0,(anonymous_2)
FNDA:0,(anonymous_3)
FNDA:0,(anonymous_4)
FNDA:0,(anonymous_5)
FNDA:0,(anonymous_6)
FNDA:0,(anonymous_7)
FNDA:0,(anonymous_8)
FNDA:0,(anonymous_9)
FNDA:0,(anonymous_10)
FNDA:0,(anonymous_11)
FNDA:0,(anonymous_12)
FNDA:0,(anonymous_13)
FNDA:0,(anonymous_14)
FNDA:0,(anonymous_15)
FNDA:0,(anonymous_16)
FNDA:0,(anonymous_17)
FNDA:0,(anonymous_18)
FNDA:0,(anonymous_19)
FNDA:0,(anonymous_20)
FNDA:0,(anonymous_21)
FNDA:0,(anonymous_22)
FNDA:0,(anonymous_23)
FNDA:0,(anonymous_24)
FNDA:0,(anonymous_25)
FNDA:0,(anonymous_26)
FNDA:0,(anonymous_27)
DA:81,0
DA:91,0
DA:98,0
DA:110,0
DA:111,0
DA:112,0
DA:113,0
DA:116,0
DA:117,0
DA:118,0
DA:119,0
DA:121,0
DA:125,0
DA:126,0
DA:127,0
DA:128,0
DA:129,0
DA:132,0
DA:138,0
DA:139,0
DA:140,0
DA:141,0
DA:142,0
DA:144,0
DA:146,0
DA:151,0
DA:152,0
DA:153,0
DA:154,0
DA:155,0
DA:156,0
DA:161,0
DA:162,0
DA:163,0
DA:167,0
DA:168,0
DA:169,0
DA:170,0
DA:171,0
DA:172,0
DA:174,0
DA:175,0
DA:178,0
DA:188,0
DA:189,0
DA:191,0
DA:194,0
DA:195,0
DA:196,0
DA:197,0
DA:199,0
DA:200,0
DA:202,0
DA:203,0
DA:206,0
DA:211,0
DA:212,0
DA:213,0
DA:214,0
DA:220,0
DA:221,0
DA:223,0
DA:230,0
DA:237,0
DA:244,0
DA:251,0
DA:258,0
DA:265,0
DA:274,0
DA:275,0
DA:276,0
DA:277,0
DA:279,0
DA:296,0
DA:309,0
DA:324,0
DA:396,0
DA:397,0
DA:401,0
DA:402,0
DA:403,0
DA:405,0
DA:409,0
DA:418,0
DA:424,0
DA:440,0
DA:441,0
DA:444,0
DA:456,0
DA:464,0
DA:474,0
DA:483,0
DA:534,0
LF:93
LH:0
BRDA:100,0,0,0
BRDA:104,1,0,0
BRDA:105,2,0,0
BRDA:106,3,0,0
BRDA:107,4,0,0
BRDA:118,5,0,0
BRDA:118,5,1,0
BRDA:127,6,0,0
BRDA:127,6,1,0
BRDA:127,7,0,0
BRDA:127,7,1,0
BRDA:141,8,0,0
BRDA:141,8,1,0
BRDA:172,9,0,0
BRDA:172,9,1,0
BRDA:174,10,0,0
BRDA:174,10,1,0
BRDA:185,11,0,0
BRDA:185,11,1,0
BRDA:196,12,0,0
BRDA:196,12,1,0
BRDA:199,13,0,0
BRDA:199,13,1,0
BRDA:213,14,0,0
BRDA:213,14,1,0
BRDA:221,15,0,0
BRDA:221,15,1,0
BRDA:221,15,2,0
BRDA:221,15,3,0
BRDA:221,15,4,0
BRDA:221,15,5,0
BRDA:221,15,6,0
BRDA:239,16,0,0
BRDA:239,16,1,0
BRDA:266,17,0,0
BRDA:266,17,1,0
BRDA:267,18,0,0
BRDA:267,18,1,0
BRDA:277,19,0,0
BRDA:277,19,1,0
BRDA:292,20,0,0
BRDA:292,20,1,0
BRDA:297,21,0,0
BRDA:297,21,1,0
BRDA:299,22,0,0
BRDA:299,22,1,0
BRDA:303,23,0,0
BRDA:303,23,1,0
BRDA:341,24,0,0
BRDA:341,24,1,0
BRDA:344,25,0,0
BRDA:344,25,1,0
BRDA:350,26,0,0
BRDA:350,26,1,0
BRDA:368,27,0,0
BRDA:368,27,1,0
BRDA:368,27,2,0
BRDA:396,28,0,0
BRDA:396,28,1,0
BRDA:401,29,0,0
BRDA:401,29,1,0
BRDA:401,30,0,0
BRDA:401,30,1,0
BRDA:408,31,0,0
BRDA:408,31,1,0
BRDA:411,32,0,0
BRDA:411,32,1,0
BRDA:412,33,0,0
BRDA:412,33,1,0
BRDA:420,34,0,0
BRDA:420,34,1,0
BRDA:430,35,0,0
BRDA:430,35,1,0
BRDA:440,36,0,0
BRDA:440,36,1,0
BRDA:469,37,0,0
BRDA:469,37,1,0
BRDA:489,38,0,0
BRDA:489,38,1,0
BRDA:490,39,0,0
BRDA:490,39,1,0
BRDA:491,40,0,0
BRDA:491,40,1,0
BRDA:492,41,0,0
BRDA:492,41,1,0
BRDA:493,42,0,0
BRDA:493,42,1,0
BRDA:498,43,0,0
BRDA:498,43,1,0
BRDA:504,44,0,0
BRDA:504,44,1,0
BRDA:515,45,0,0
BRDA:515,45,1,0
BRDA:518,46,0,0
BRDA:518,46,1,0
BRDA:533,47,0,0
BRDA:533,47,1,0
BRF:97
BRH:0
end_of_record
TN:
SF:src/components/ui/LoadingSpinner.tsx
FN:77,(anonymous_0)
FN:280,(anonymous_1)
FN:359,(anonymous_2)
FNF:3
FNH:0
FNDA:0,(anonymous_0)
FNDA:0,(anonymous_1)
FNDA:0,(anonymous_2)
DA:26,0
DA:41,0
DA:52,0
DA:61,0
DA:71,0
DA:77,0
DA:86,0
DA:87,0
DA:90,0
DA:91,0
DA:118,0
DA:119,0
DA:171,0
DA:172,0
DA:220,0
DA:222,0
DA:280,0
DA:290,0
DA:292,0
DA:359,0
DA:366,0
DA:367,0
DA:369,0
LF:23
LH:0
BRDA:78,0,0,0
BRDA:80,1,0,0
BRDA:81,2,0,0
BRDA:82,3,0,0
BRDA:90,4,0,0
BRDA:90,4,1,0
BRDA:90,5,0,0
BRDA:90,5,1,0
BRDA:118,6,0,0
BRDA:118,6,1,0
BRDA:154,7,0,0
BRDA:154,7,1,0
BRDA:171,8,0,0
BRDA:171,8,1,0
BRDA:174,9,0,0
BRDA:174,9,1,0
BRDA:199,10,0,0
BRDA:199,10,1,0
BRDA:202,11,0,0
BRDA:202,11,1,0
BRDA:220,12,0,0
BRDA:220,12,1,0
BRDA:220,13,0,0
BRDA:220,13,1,0
BRDA:232,14,0,0
BRDA:232,14,1,0
BRDA:250,15,0,0
BRDA:250,15,1,0
BRDA:253,16,0,0
BRDA:253,16,1,0
BRDA:255,17,0,0
BRDA:255,17,1,0
BRDA:281,18,0,0
BRDA:284,19,0,0
BRDA:285,20,0,0
BRDA:286,21,0,0
BRDA:287,22,0,0
BRDA:296,23,0,0
BRDA:296,23,1,0
BRDA:296,24,0,0
BRDA:296,24,1,0
BRDA:297,25,0,0
BRDA:297,25,1,0
BRDA:300,26,0,0
BRDA:300,26,1,0
BRDA:301,27,0,0
BRDA:301,27,1,0
BRDA:302,28,0,0
BRDA:302,28,1,0
BRDA:303,29,0,0
BRDA:303,29,1,0
BRDA:304,30,0,0
BRDA:304,30,1,0
BRDA:305,31,0,0
BRDA:305,31,1,0
BRDA:305,32,0,0
BRDA:305,32,1,0
BRDA:306,33,0,0
BRDA:306,33,1,0
BRDA:306,34,0,0
BRDA:306,34,1,0
BRDA:310,35,0,0
BRDA:310,35,1,0
BRDA:310,36,0,0
BRDA:310,36,1,0
BRDA:311,37,0,0
BRDA:311,37,1,0
BRDA:319,38,0,0
BRDA:319,38,1,0
BRDA:328,39,0,0
BRDA:328,39,1,0
BRDA:339,40,0,0
BRDA:339,40,1,0
BRDA:339,41,0,0
BRDA:339,41,1,0
BRDA:342,42,0,0
BRDA:342,42,1,0
BRDA:363,43,0,0
BRDA:410,44,0,0
BRDA:410,44,1,0
BRDA:418,45,0,0
BRDA:418,45,1,0
BRDA:420,46,0,0
BRDA:420,46,1,0
BRDA:432,47,0,0
BRDA:432,47,1,0
BRF:86
BRH:0
end_of_record
TN:
SF:src/components/ui/ProgressTracker.tsx
FN:37,(anonymous_0)
FN:48,(anonymous_1)
FN:53,(anonymous_2)
FN:62,(anonymous_3)
FN:77,(anonymous_4)
FN:78,(anonymous_5)
FN:85,(anonymous_6)
FN:88,(anonymous_7)
FN:228,(anonymous_8)
FN:233,(anonymous_9)
FN:267,(anonymous_10)
FN:272,(anonymous_11)
FNF:12
FNH:0
FNDA:0,(anonymous_0)
FNDA:0,(anonymous_1)
FNDA:0,(anonymous_2)
FNDA:0,(anonymous_3)
FNDA:0,(anonymous_4)
FNDA:0,(anonymous_5)
FNDA:0,(anonymous_6)
FNDA:0,(anonymous_7)
FNDA:0,(anonymous_8)
FNDA:0,(anonymous_9)
FNDA:0,(anonymous_10)
FNDA:0,(anonymous_11)
DA:37,1
DA:43,0
DA:44,0
DA:45,0
DA:46,0
DA:48,0
DA:49,0
DA:53,0
DA:54,0
DA:55,0
DA:56,0
DA:57,0
DA:58,0
DA:62,0
DA:63,0
DA:65,0
DA:66,0
DA:69,0
DA:70,0
DA:73,0
DA:77,0
DA:78,0
DA:82,0
DA:86,0
DA:89,0
DA:93,0
DA:94,0
DA:109,0
DA:229,0
DA:233,0
DA:268,0
DA:272,0
LF:32
LH:1
BRDA:38,0,0,0
BRDA:39,1,0,0
BRDA:40,2,0,0
BRDA:55,3,0,0
BRDA:55,3,1,0
BRDA:56,4,0,0
BRDA:56,4,1,0
BRDA:57,5,0,0
BRDA:57,5,1,0
BRDA:62,6,0,0
BRDA:65,7,0,0
BRDA:65,7,1,0
BRDA:69,8,0,0
BRDA:69,8,1,0
BRDA:93,9,0,0
BRDA:93,9,1,0
BRDA:121,10,0,0
BRDA:121,10,1,0
BRDA:127,11,0,0
BRDA:127,11,1,0
BRDA:159,12,0,0
BRDA:159,12,1,0
BRDA:166,13,0,0
BRDA:166,13,1,0
BRDA:167,14,0,0
BRDA:167,14,1,0
BRDA:168,15,0,0
BRDA:168,15,1,0
BRDA:174,16,0,0
BRDA:174,16,1,0
BRDA:179,17,0,0
BRDA:179,17,1,0
BRDA:180,18,0,0
BRDA:180,18,1,0
BRDA:193,19,0,0
BRDA:193,19,1,0
BRDA:217,20,0,0
BRDA:217,20,1,0
BRDA:222,21,0,0
BRDA:222,21,1,0
BRDA:231,22,0,0
BRDA:231,22,1,0
BRDA:232,23,0,0
BRDA:232,23,1,0
BRDA:244,24,0,0
BRDA:244,24,1,0
BRDA:246,25,0,0
BRDA:246,25,1,0
BRDA:261,26,0,0
BRDA:261,26,1,0
BRDA:270,27,0,0
BRDA:270,27,1,0
BRDA:271,28,0,0
BRDA:271,28,1,0
BRDA:283,29,0,0
BRDA:283,29,1,0
BRDA:285,30,0,0
BRDA:285,30,1,0
BRF:58
BRH:0
end_of_record
TN:
SF:src/components/wizard/WizardButton.tsx
FN:30,(anonymous_0)
FN:48,(anonymous_1)
FN:61,(anonymous_2)
FN:79,(anonymous_3)
FN:88,(anonymous_4)
FN:120,(anonymous_5)
FNF:6
FNH:1
FNDA:2,(anonymous_0)
FNDA:0,(anonymous_1)
FNDA:0,(anonymous_2)
FNDA:0,(anonymous_3)
FNDA:0,(anonymous_4)
FNDA:0,(anonymous_5)
DA:30,2
DA:37,2
DA:38,2
DA:39,0
DA:42,0
DA:43,0
DA:44,0
DA:45,0
DA:48,0
DA:49,0
DA:50,0
DA:51,0
DA:52,0
DA:53,0
DA:54,0
DA:55,0
DA:56,0
DA:61,0
DA:62,0
DA:64,0
DA:66,0
DA:68,0
DA:70,0
DA:72,0
DA:74,0
DA:79,0
DA:80,0
DA:81,0
DA:82,0
DA:83,0
DA:84,0
DA:88,0
DA:89,0
DA:91,0
DA:93,0
DA:96,0
DA:97,0
DA:99,0
DA:100,0
DA:103,0
DA:104,0
DA:106,0
DA:109,0
DA:112,0
DA:115,0
DA:120,0
DA:121,0
DA:122,0
DA:126,0
DA:127,0
DA:129,0
LF:51
LH:3
BRDA:31,0,0,2
BRDA:32,1,0,2
BRDA:33,2,0,2
BRDA:34,3,0,2
BRDA:49,4,0,0
BRDA:49,4,1,0
BRDA:49,4,2,0
BRDA:49,4,3,0
BRDA:49,4,4,0
BRDA:49,4,5,0
BRDA:49,4,6,0
BRDA:62,5,0,0
BRDA:62,5,1,0
BRDA:62,5,2,0
BRDA:62,5,3,0
BRDA:62,5,4,0
BRDA:62,5,5,0
BRDA:81,6,0,0
BRDA:81,6,1,0
BRDA:82,7,0,0
BRDA:82,7,1,0
BRDA:83,8,0,0
BRDA:83,8,1,0
BRDA:91,9,0,0
BRDA:91,9,1,0
BRDA:91,9,2,0
BRDA:91,9,3,0
BRDA:91,9,4,0
BRDA:91,9,5,0
BRDA:93,10,0,0
BRDA:93,10,1,0
BRDA:96,11,0,0
BRDA:96,11,1,0
BRDA:100,12,0,0
BRDA:100,12,1,0
BRDA:103,13,0,0
BRDA:103,13,1,0
BRDA:121,14,0,0
BRDA:121,14,1,0
BRDA:121,15,0,0
BRDA:121,15,1,0
BRDA:126,16,0,0
BRDA:126,16,1,0
BRDA:132,17,0,0
BRDA:132,17,1,0
BRDA:132,17,2,0
BRDA:132,17,3,0
BRDA:142,18,0,0
BRDA:142,18,1,0
BRDA:179,19,0,0
BRDA:179,19,1,0
BRDA:192,20,0,0
BRDA:192,20,1,0
BRDA:192,21,0,0
BRDA:192,21,1,0
BRDA:193,22,0,0
BRDA:193,22,1,0
BRDA:193,23,0,0
BRDA:193,23,1,0
BRDA:194,24,0,0
BRDA:194,24,1,0
BRDA:194,25,0,0
BRDA:194,25,1,0
BRDA:198,26,0,0
BRDA:198,26,1,0
BRDA:205,27,0,0
BRDA:205,27,1,0
BRDA:208,28,0,0
BRDA:208,28,1,0
BRDA:211,29,0,0
BRDA:211,29,1,0
BRDA:214,30,0,0
BRDA:214,30,1,0
BRDA:225,31,0,0
BRDA:225,31,1,0
BRDA:225,31,2,0
BRDA:234,32,0,0
BRDA:234,32,1,0
BRDA:242,33,0,0
BRDA:242,33,1,0
BRDA:242,33,2,0
BRDA:242,33,3,0
BRDA:248,34,0,0
BRDA:248,34,1,0
BRF:84
BRH:4
end_of_record
TN:
SF:src/config/sentry.ts
FN:5,(anonymous_0)
FNF:1
FNH:0
FNDA:0,(anonymous_0)
DA:5,0
DA:6,0
LF:2
LH:0
BRDA:7,0,0,0
BRDA:7,0,1,0
BRDA:8,1,0,0
BRDA:8,1,1,0
BRDA:9,2,0,0
BRDA:9,2,1,0
BRF:6
BRH:0
end_of_record
TN:
SF:src/config/unleash.ts
FNF:0
FNH:0
DA:11,0
DA:20,0
DA:23,0
LF:3
LH:0
BRDA:12,0,0,0
BRDA:12,0,1,0
BRDA:13,1,0,0
BRDA:13,1,1,0
BRDA:15,2,0,0
BRDA:15,2,1,0
BRF:6
BRH:0
end_of_record
TN:
SF:src/contexts/FeatureFlagsContext.tsx
FN:28,(anonymous_0)
FN:29,(anonymous_1)
FN:30,(anonymous_2)
FN:31,(anonymous_3)
FN:32,(anonymous_4)
FN:36,(anonymous_5)
FN:55,(anonymous_6)
FN:69,(anonymous_7)
FN:73,(anonymous_8)
FN:110,(anonymous_9)
FN:111,(anonymous_10)
FN:124,(anonymous_11)
FN:148,(anonymous_12)
FN:171,(anonymous_13)
FN:182,(anonymous_14)
FN:192,(anonymous_15)
FN:204,(anonymous_16)
FN:205,(anonymous_17)
FN:217,(anonymous_18)
FN:242,(anonymous_19)
FN:261,(anonymous_20)
FN:272,(anonymous_21)
FN:281,(anonymous_22)
FN:296,(anonymous_23)
FN:297,(anonymous_24)
FN:298,(anonymous_25)
FNF:26
FNH:1
FNDA:0,(anonymous_0)
FNDA:0,(anonymous_1)
FNDA:0,(anonymous_2)
FNDA:0,(anonymous_3)
FNDA:0,(anonymous_4)
FNDA:0,(anonymous_5)
FNDA:6,(anonymous_6)
FNDA:0,(anonymous_7)
FNDA:0,(anonymous_8)
FNDA:0,(anonymous_9)
FNDA:0,(anonymous_10)
FNDA:0,(anonymous_11)
FNDA:0,(anonymous_12)
FNDA:0,(anonymous_13)
FNDA:0,(anonymous_14)
FNDA:0,(anonymous_15)
FNDA:0,(anonymous_16)
FNDA:0,(anonymous_17)
FNDA:0,(anonymous_18)
FNDA:0,(anonymous_19)
FNDA:0,(anonymous_20)
FNDA:0,(anonymous_21)
FNDA:0,(anonymous_22)
FNDA:0,(anonymous_23)
FNDA:0,(anonymous_24)
FNDA:0,(anonymous_25)
DA:27,3
DA:28,0
DA:29,0
DA:30,0
DA:31,0
DA:39,3
DA:55,3
DA:61,6
DA:62,6
DA:63,6
DA:64,6
DA:65,6
DA:66,6
DA:69,6
DA:70,0
DA:71,0
DA:73,0
DA:74,0
DA:75,0
DA:76,0
DA:80,0
DA:87,0
DA:88,0
DA:89,0
DA:90,0
DA:92,0
DA:93,0
DA:94,0
DA:98,0
DA:100,0
DA:101,0
DA:102,0
DA:106,0
DA:110,6
DA:111,0
DA:112,0
DA:113,0
DA:116,0
DA:117,0
DA:120,0
DA:124,6
DA:128,0
DA:130,0
DA:131,0
DA:132,0
DA:133,0
DA:135,0
DA:138,0
DA:140,0
DA:141,0
DA:144,0
DA:148,6
DA:152,0
DA:154,0
DA:155,0
DA:156,0
DA:158,0
DA:161,0
DA:163,0
DA:164,0
DA:167,0
DA:171,6
DA:172,0
DA:174,0
DA:175,0
DA:178,0
DA:182,6
DA:186,0
DA:188,0
DA:189,0
DA:190,0
DA:192,0
DA:193,0
DA:194,0
DA:197,0
DA:200,0
DA:204,6
DA:205,0
DA:207,0
DA:208,0
DA:211,0
DA:212,0
DA:217,6
DA:218,0
DA:219,0
DA:220,0
DA:223,0
DA:224,0
DA:229,6
DA:242,6
DA:243,0
DA:244,0
DA:253,6
DA:261,3
DA:262,0
DA:264,0
DA:265,0
DA:268,0
DA:272,3
DA:273,0
DA:275,0
DA:281,3
DA:286,0
DA:288,0
DA:289,0
DA:292,0
DA:296,3
DA:297,0
DA:298,0
DA:299,0
DA:303,0
LF:111
LH:24
BRDA:57,0,0,0
BRDA:58,1,0,6
BRDA:59,2,0,0
BRDA:65,3,0,6
BRDA:65,3,1,6
BRDA:70,4,0,0
BRDA:70,4,1,0
BRDA:75,5,0,0
BRDA:75,5,1,0
BRDA:92,6,0,0
BRDA:92,6,1,0
BRDA:112,7,0,0
BRDA:112,7,1,0
BRDA:130,8,0,0
BRDA:130,8,1,0
BRDA:131,9,0,0
BRDA:131,9,1,0
BRDA:132,10,0,0
BRDA:132,10,1,0
BRDA:140,11,0,0
BRDA:140,11,1,0
BRDA:154,12,0,0
BRDA:154,12,1,0
BRDA:155,13,0,0
BRDA:155,13,1,0
BRDA:163,14,0,0
BRDA:163,14,1,0
BRDA:174,15,0,0
BRDA:174,15,1,0
BRDA:188,16,0,0
BRDA:188,16,1,0
BRDA:194,17,0,0
BRDA:194,17,1,0
BRDA:207,18,0,0
BRDA:207,18,1,0
BRDA:211,19,0,0
BRDA:211,19,1,0
BRDA:218,20,0,0
BRDA:218,20,1,0
BRDA:223,21,0,0
BRDA:223,21,1,0
BRDA:243,22,0,0
BRDA:243,22,1,0
BRDA:264,23,0,0
BRDA:264,23,1,0
BRDA:283,24,0,0
BRDA:288,25,0,0
BRDA:288,25,1,0
BRF:48
BRH:3
end_of_record
TN:
SF:src/contexts/FormContext.tsx
FN:58,formReducer
FN:65,(anonymous_1)
FN:84,(anonymous_2)
FN:84,(anonymous_3)
FN:177,(anonymous_4)
FN:191,(anonymous_5)
FN:212,(anonymous_6)
FN:216,(anonymous_7)
FN:221,(anonymous_8)
FN:225,(anonymous_9)
FN:231,(anonymous_10)
FN:236,(anonymous_11)
FN:242,(anonymous_12)
FN:271,(anonymous_13)
FN:331,(anonymous_14)
FN:332,(anonymous_15)
FN:347,(anonymous_16)
FN:364,(anonymous_17)
FN:380,(anonymous_18)
FN:382,(anonymous_19)
FN:405,(anonymous_20)
FN:431,(anonymous_21)
FN:451,(anonymous_22)
FN:456,(anonymous_23)
FN:457,(anonymous_24)
FN:468,(anonymous_25)
FN:469,(anonymous_26)
FN:473,(anonymous_27)
FN:481,(anonymous_28)
FN:484,(anonymous_29)
FN:494,(anonymous_30)
FN:499,(anonymous_31)
FN:506,(anonymous_32)
FN:510,(anonymous_33)
FN:518,(anonymous_34)
FN:553,(anonymous_35)
FNF:36
FNH:2
FNDA:0,formReducer
FNDA:0,(anonymous_1)
FNDA:0,(anonymous_2)
FNDA:0,(anonymous_3)
FNDA:0,(anonymous_4)
FNDA:0,(anonymous_5)
FNDA:6,(anonymous_6)
FNDA:0,(anonymous_7)
FNDA:0,(anonymous_8)
FNDA:0,(anonymous_9)
FNDA:0,(anonymous_10)
FNDA:0,(anonymous_11)
FNDA:0,(anonymous_12)
FNDA:0,(anonymous_13)
FNDA:0,(anonymous_14)
FNDA:0,(anonymous_15)
FNDA:0,(anonymous_16)
FNDA:0,(anonymous_17)
FNDA:0,(anonymous_18)
FNDA:0,(anonymous_19)
FNDA:0,(anonymous_20)
FNDA:0,(anonymous_21)
FNDA:0,(anonymous_22)
FNDA:0,(anonymous_23)
FNDA:0,(anonymous_24)
FNDA:0,(anonymous_25)
FNDA:0,(anonymous_26)
FNDA:0,(anonymous_27)
FNDA:0,(anonymous_28)
FNDA:0,(anonymous_29)
FNDA:0,(anonymous_30)
FNDA:0,(anonymous_31)
FNDA:0,(anonymous_32)
FNDA:0,(anonymous_33)
FNDA:0,(anonymous_34)
FNDA:6,(anonymous_35)
DA:43,3
DA:46,3
DA:59,0
DA:61,0
DA:62,0
DA:63,0
DA:65,0
DA:66,0
DA:74,0
DA:75,0
DA:79,0
DA:84,0
DA:91,0
DA:92,0
DA:93,0
DA:95,0
DA:96,0
DA:103,0
DA:106,0
DA:113,0
DA:120,0
DA:121,0
DA:123,0
DA:124,0
DA:127,0
DA:135,0
DA:136,0
DA:137,0
DA:139,0
DA:140,0
DA:147,0
DA:154,0
DA:155,0
DA:156,0
DA:157,0
DA:159,0
DA:161,0
DA:162,0
DA:169,0
DA:177,0
DA:178,0
DA:181,0
DA:188,0
DA:191,0
DA:207,0
DA:212,3
DA:213,6
DA:216,6
DA:217,0
DA:221,6
DA:222,0
DA:225,0
DA:226,0
DA:231,6
DA:232,0
DA:236,6
DA:237,0
DA:238,0
DA:242,6
DA:243,0
DA:244,0
DA:245,0
DA:252,0
DA:256,0
DA:271,0
DA:285,0
DA:286,0
DA:299,0
DA:305,0
DA:306,0
DA:309,0
DA:312,0
DA:313,0
DA:321,0
DA:326,0
DA:331,6
DA:332,0
DA:346,0
DA:347,0
DA:348,0
DA:351,0
DA:352,0
DA:364,0
DA:365,0
DA:371,0
DA:374,0
DA:375,0
DA:380,6
DA:381,0
DA:383,0
DA:387,0
DA:389,0
DA:405,6
DA:406,0
DA:407,0
DA:408,0
DA:411,0
DA:412,0
DA:413,0
DA:415,0
DA:431,6
DA:432,0
DA:433,0
DA:435,0
DA:451,6
DA:452,0
DA:456,6
DA:457,0
DA:458,0
DA:461,0
DA:468,6
DA:469,0
DA:470,0
DA:473,0
DA:474,0
DA:477,0
DA:481,6
DA:482,0
DA:484,0
DA:485,0
DA:486,0
DA:490,0
DA:494,6
DA:495,0
DA:499,6
DA:500,0
DA:501,0
DA:502,0
DA:506,6
DA:507,0
DA:510,0
DA:512,0
DA:513,0
DA:518,6
DA:519,0
DA:520,0
DA:525,6
DA:545,6
DA:553,3
DA:554,6
DA:555,6
DA:556,0
DA:558,6
LF:143
LH:27
BRDA:59,0,0,0
BRDA:59,0,1,0
BRDA:59,0,2,0
BRDA:59,0,3,0
BRDA:59,0,4,0
BRDA:59,0,5,0
BRDA:59,0,6,0
BRDA:59,0,7,0
BRDA:59,0,8,0
BRDA:70,1,0,0
BRDA:70,1,1,0
BRDA:74,2,0,0
BRDA:74,2,1,0
BRDA:74,3,0,0
BRDA:74,3,1,0
BRDA:95,4,0,0
BRDA:95,4,1,0
BRDA:123,5,0,0
BRDA:123,5,1,0
BRDA:139,6,0,0
BRDA:139,6,1,0
BRDA:161,7,0,0
BRDA:161,7,1,0
BRDA:195,8,0,0
BRDA:195,8,1,0
BRDA:244,9,0,0
BRDA:244,9,1,0
BRDA:305,10,0,0
BRDA:305,10,1,0
BRDA:305,11,0,0
BRDA:305,11,1,0
BRDA:383,12,0,0
BRDA:383,12,1,0
BRDA:387,13,0,0
BRDA:387,13,1,0
BRDA:407,14,0,0
BRDA:407,14,1,0
BRDA:407,15,0,0
BRDA:407,15,1,0
BRDA:413,16,0,0
BRDA:413,16,1,0
BRDA:433,17,0,0
BRDA:433,17,1,0
BRDA:477,18,0,0
BRDA:477,18,1,0
BRDA:485,19,0,0
BRDA:485,19,1,0
BRDA:495,20,0,0
BRDA:495,20,1,0
BRDA:520,21,0,0
BRDA:520,21,1,0
BRDA:555,22,0,0
BRDA:555,22,1,6
BRF:53
BRH:1
end_of_record
TN:
SF:src/contexts/WizardContext.tsx
FN:81,wizardReducer
FN:178,(anonymous_1)
FN:188,(anonymous_2)
FN:200,(anonymous_3)
FN:201,(anonymous_4)
FN:202,(anonymous_5)
FN:215,(anonymous_6)
FN:216,(anonymous_7)
FN:240,(anonymous_8)
FN:241,(anonymous_9)
FN:247,(anonymous_10)
FN:258,(anonymous_11)
FN:280,(anonymous_12)
FN:282,(anonymous_13)
FN:301,(anonymous_14)
FN:314,(anonymous_15)
FN:315,(anonymous_16)
FN:333,(anonymous_17)
FN:341,(anonymous_18)
FN:346,(anonymous_19)
FN:351,(anonymous_20)
FN:363,(anonymous_21)
FN:395,(anonymous_22)
FN:429,(anonymous_23)
FN:443,(anonymous_24)
FN:448,(anonymous_25)
FN:454,(anonymous_26)
FN:461,(anonymous_27)
FN:492,(anonymous_28)
FNF:29
FNH:2
FNDA:0,wizardReducer
FNDA:6,(anonymous_1)
FNDA:0,(anonymous_2)
FNDA:0,(anonymous_3)
FNDA:0,(anonymous_4)
FNDA:0,(anonymous_5)
FNDA:0,(anonymous_6)
FNDA:0,(anonymous_7)
FNDA:0,(anonymous_8)
FNDA:0,(anonymous_9)
FNDA:0,(anonymous_10)
FNDA:0,(anonymous_11)
FNDA:0,(anonymous_12)
FNDA:0,(anonymous_13)
FNDA:0,(anonymous_14)
FNDA:0,(anonymous_15)
FNDA:0,(anonymous_16)
FNDA:0,(anonymous_17)
FNDA:0,(anonymous_18)
FNDA:0,(anonymous_19)
FNDA:0,(anonymous_20)
FNDA:0,(anonymous_21)
FNDA:0,(anonymous_22)
FNDA:0,(anonymous_23)
FNDA:0,(anonymous_24)
FNDA:0,(anonymous_25)
FNDA:0,(anonymous_26)
FNDA:0,(anonymous_27)
FNDA:2,(anonymous_28)
DA:63,3
DA:66,3
DA:82,0
DA:84,0
DA:85,0
DA:95,0
DA:102,0
DA:103,0
DA:111,0
DA:112,0
DA:114,0
DA:115,0
DA:118,0
DA:126,0
DA:127,0
DA:135,0
DA:142,0
DA:150,0
DA:158,0
DA:164,0
DA:173,0
DA:178,3
DA:179,6
DA:180,6
DA:183,6
DA:184,0
DA:185,0
DA:188,0
DA:189,0
DA:200,0
DA:201,0
DA:202,0
DA:203,0
DA:208,0
DA:215,0
DA:216,0
DA:217,0
DA:220,0
DA:221,0
DA:225,0
DA:228,0
DA:231,0
DA:232,0
DA:234,0
DA:240,0
DA:241,0
DA:242,0
DA:245,0
DA:246,0
DA:247,0
DA:249,0
DA:254,0
DA:257,0
DA:258,0
DA:259,0
DA:262,0
DA:263,0
DA:264,0
DA:265,0
DA:269,0
DA:271,0
DA:274,0
DA:280,0
DA:281,0
DA:282,0
DA:283,0
DA:286,0
DA:287,0
DA:291,0
DA:292,0
DA:295,0
DA:301,0
DA:302,0
DA:303,0
DA:304,0
DA:307,0
DA:309,0
DA:314,0
DA:315,0
DA:317,0
DA:323,0
DA:324,0
DA:325,0
DA:326,0
DA:329,0
DA:333,0
DA:334,0
DA:337,0
DA:341,0
DA:342,0
DA:346,0
DA:347,0
DA:351,0
DA:352,0
DA:355,0
DA:363,0
DA:364,0
DA:367,0
DA:368,0
DA:376,0
DA:377,0
DA:384,0
DA:395,0
DA:396,0
DA:399,0
DA:400,0
DA:407,0
DA:417,0
DA:425,0
DA:433,0
DA:443,0
DA:444,0
DA:448,0
DA:449,0
DA:450,0
DA:454,0
DA:455,0
DA:456,0
DA:458,0
DA:462,0
DA:469,0
DA:484,0
DA:492,3
DA:493,2
DA:494,2
DA:495,2
DA:497,0
LF:127
LH:10
BRDA:82,0,0,0
BRDA:82,0,1,0
BRDA:82,0,2,0
BRDA:82,0,3,0
BRDA:82,0,4,0
BRDA:82,0,5,0
BRDA:82,0,6,0
BRDA:82,0,7,0
BRDA:82,0,8,0
BRDA:82,0,9,0
BRDA:82,0,10,0
BRDA:114,1,0,0
BRDA:114,1,1,0
BRDA:201,2,0,0
BRDA:201,2,1,0
BRDA:203,3,0,0
BRDA:203,3,1,0
BRDA:203,3,2,0
BRDA:220,4,0,0
BRDA:220,4,1,0
BRDA:231,5,0,0
BRDA:231,5,1,0
BRDA:245,6,0,0
BRDA:245,6,1,0
BRDA:257,7,0,0
BRDA:257,7,1,0
BRDA:262,8,0,0
BRDA:262,8,1,0
BRDA:281,9,0,0
BRDA:281,9,1,0
BRDA:286,10,0,0
BRDA:286,10,1,0
BRDA:302,11,0,0
BRDA:302,11,1,0
BRDA:319,12,0,0
BRDA:319,12,1,0
BRDA:323,13,0,0
BRDA:323,13,1,0
BRDA:325,14,0,0
BRDA:325,14,1,0
BRDA:352,15,0,0
BRDA:352,15,1,0
BRDA:352,15,2,0
BRDA:352,15,3,0
BRDA:352,15,4,0
BRDA:352,15,5,0
BRDA:352,15,6,0
BRDA:367,16,0,0
BRDA:367,16,1,0
BRDA:376,17,0,0
BRDA:376,17,1,0
BRDA:399,18,0,0
BRDA:399,18,1,0
BRDA:494,19,0,2
BRDA:494,19,1,0
BRF:55
BRH:1
end_of_record
TN:
SF:src/hooks/useFeatureFlags.ts
FN:6,(anonymous_0)
FN:17,(anonymous_1)
FN:18,(anonymous_2)
FN:21,(anonymous_3)
FN:25,(anonymous_4)
FN:27,(anonymous_5)
FN:45,(anonymous_6)
FN:46,(anonymous_7)
FN:48,(anonymous_8)
FN:54,(anonymous_9)
FN:55,(anonymous_10)
FN:57,(anonymous_11)
FN:76,(anonymous_12)
FN:79,(anonymous_13)
FN:93,(anonymous_14)
FN:98,(anonymous_15)
FN:103,(anonymous_16)
FN:104,(anonymous_17)
FN:119,(anonymous_18)
FN:124,(anonymous_19)
FN:129,(anonymous_20)
FN:130,(anonymous_21)
FN:145,(anonymous_22)
FN:157,(anonymous_23)
FN:165,(anonymous_24)
FN:166,(anonymous_25)
FN:190,(anonymous_26)
FN:191,(anonymous_27)
FN:192,(anonymous_28)
FN:194,(anonymous_29)
FN:195,(anonymous_30)
FN:206,(anonymous_31)
FN:219,(anonymous_32)
FN:221,(anonymous_33)
FN:225,(anonymous_34)
FN:228,(anonymous_35)
FN:231,(anonymous_36)
FN:233,(anonymous_37)
FN:240,(anonymous_38)
FNF:39
FNH:0
FNDA:0,(anonymous_0)
FNDA:0,(anonymous_1)
FNDA:0,(anonymous_2)
FNDA:0,(anonymous_3)
FNDA:0,(anonymous_4)
FNDA:0,(anonymous_5)
FNDA:0,(anonymous_6)
FNDA:0,(anonymous_7)
FNDA:0,(anonymous_8)
FNDA:0,(anonymous_9)
FNDA:0,(anonymous_10)
FNDA:0,(anonymous_11)
FNDA:0,(anonymous_12)
FNDA:0,(anonymous_13)
FNDA:0,(anonymous_14)
FNDA:0,(anonymous_15)
FNDA:0,(anonymous_16)
FNDA:0,(anonymous_17)
FNDA:0,(anonymous_18)
FNDA:0,(anonymous_19)
FNDA:0,(anonymous_20)
FNDA:0,(anonymous_21)
FNDA:0,(anonymous_22)
FNDA:0,(anonymous_23)
FNDA:0,(anonymous_24)
FNDA:0,(anonymous_25)
FNDA:0,(anonymous_26)
FNDA:0,(anonymous_27)
FNDA:0,(anonymous_28)
FNDA:0,(anonymous_29)
FNDA:0,(anonymous_30)
FNDA:0,(anonymous_31)
FNDA:0,(anonymous_32)
FNDA:0,(anonymous_33)
FNDA:0,(anonymous_34)
FNDA:0,(anonymous_35)
FNDA:0,(anonymous_36)
FNDA:0,(anonymous_37)
FNDA:0,(anonymous_38)
DA:6,1
DA:7,0
DA:9,0
DA:10,0
DA:13,0
DA:17,1
DA:18,0
DA:19,0
DA:21,0
DA:22,0
DA:25,0
DA:27,0
DA:28,0
DA:29,0
DA:33,0
DA:36,0
DA:38,0
DA:41,0
DA:45,1
DA:46,0
DA:47,0
DA:48,0
DA:49,0
DA:51,0
DA:54,0
DA:55,0
DA:56,0
DA:57,0
DA:58,0
DA:60,0
DA:64,0
DA:67,0
DA:69,0
DA:72,0
DA:76,1
DA:77,0
DA:79,0
DA:83,0
DA:84,0
DA:86,0
DA:89,0
DA:93,1
DA:98,0
DA:99,0
DA:100,0
DA:103,0
DA:104,0
DA:105,0
DA:106,0
DA:109,0
DA:110,0
DA:112,0
DA:115,0
DA:119,1
DA:124,0
DA:125,0
DA:126,0
DA:129,0
DA:130,0
DA:131,0
DA:132,0
DA:135,0
DA:136,0
DA:138,0
DA:141,0
DA:145,1
DA:150,0
DA:151,0
DA:153,0
DA:157,1
DA:162,0
DA:163,0
DA:165,0
DA:166,0
DA:167,0
DA:168,0
DA:170,0
DA:171,0
DA:172,0
DA:175,0
DA:176,0
DA:180,0
DA:181,0
DA:183,0
DA:186,0
DA:190,1
DA:191,0
DA:192,0
DA:194,0
DA:195,0
DA:196,0
DA:197,0
DA:200,0
DA:201,0
DA:203,0
DA:206,0
DA:207,0
DA:208,0
DA:211,0
DA:219,1
DA:221,0
DA:222,0
DA:225,0
DA:228,0
DA:230,0
DA:231,0
DA:232,0
DA:233,0
DA:237,0
DA:238,0
DA:240,0
DA:241,0
DA:242,0
DA:246,0
LF:114
LH:10
BRDA:9,0,0,0
BRDA:9,0,1,0
BRDA:79,1,0,0
BRDA:83,2,0,0
BRDA:83,2,1,0
BRDA:100,3,0,0
BRDA:100,3,1,0
BRDA:106,4,0,0
BRDA:106,4,1,0
BRDA:126,5,0,0
BRDA:126,5,1,0
BRDA:126,5,2,0
BRDA:132,6,0,0
BRDA:132,6,1,0
BRDA:132,6,2,0
BRDA:150,7,0,0
BRDA:150,7,1,0
BRDA:170,8,0,0
BRDA:170,8,1,0
BRDA:170,9,0,0
BRDA:170,9,1,0
BRDA:233,10,0,0
BRDA:233,10,1,0
BRF:23
BRH:0
end_of_record
TN:
SF:src/services/formFieldService.ts
FN:24,(anonymous_0)
FN:42,(anonymous_1)
FN:57,(anonymous_2)
FN:105,(anonymous_3)
FN:118,(anonymous_4)
FN:126,(anonymous_5)
FN:151,(anonymous_6)
FN:152,(anonymous_7)
FN:158,(anonymous_8)
FN:159,(anonymous_9)
FN:165,(anonymous_10)
FN:166,(anonymous_11)
FN:176,(anonymous_12)
FN:177,(anonymous_13)
FN:180,(anonymous_14)
FN:187,(anonymous_15)
FN:251,(anonymous_16)
FN:266,(anonymous_17)
FN:299,(anonymous_18)
FN:318,(anonymous_19)
FN:334,(anonymous_20)
FN:360,(anonymous_21)
FN:381,(anonymous_22)
FNF:23
FNH:0
FNDA:0,(anonymous_0)
FNDA:0,(anonymous_1)
FNDA:0,(anonymous_2)
FNDA:0,(anonymous_3)
FNDA:0,(anonymous_4)
FNDA:0,(anonymous_5)
FNDA:0,(anonymous_6)
FNDA:0,(anonymous_7)
FNDA:0,(anonymous_8)
FNDA:0,(anonymous_9)
FNDA:0,(anonymous_10)
FNDA:0,(anonymous_11)
FNDA:0,(anonymous_12)
FNDA:0,(anonymous_13)
FNDA:0,(anonymous_14)
FNDA:0,(anonymous_15)
FNDA:0,(anonymous_16)
FNDA:0,(anonymous_17)
FNDA:0,(anonymous_18)
FNDA:0,(anonymous_19)
FNDA:0,(anonymous_20)
FNDA:0,(anonymous_21)
FNDA:0,(anonymous_22)
DA:19,3
DA:32,0
DA:34,0
DA:37,0
DA:38,0
DA:41,0
DA:42,0
DA:45,0
DA:48,0
DA:49,0
DA:51,0
DA:52,0
DA:53,0
DA:54,0
DA:57,0
DA:58,0
DA:61,0
DA:62,0
DA:63,0
DA:64,0
DA:66,0
DA:70,0
DA:73,0
DA:91,0
DA:94,0
DA:98,0
DA:100,0
DA:103,0
DA:104,0
DA:105,0
DA:108,0
DA:110,0
DA:111,0
DA:119,0
DA:126,0
DA:127,0
DA:128,0
DA:129,0
DA:130,0
DA:131,0
DA:132,0
DA:134,0
DA:138,0
DA:145,0
DA:152,0
DA:159,0
DA:166,0
DA:167,0
DA:177,0
DA:178,0
DA:180,0
DA:181,0
DA:188,0
DA:191,0
DA:192,0
DA:193,0
DA:198,0
DA:199,0
DA:203,0
DA:205,0
DA:206,0
DA:207,0
DA:210,0
DA:211,0
DA:214,0
DA:215,0
DA:216,0
DA:217,0
DA:220,0
DA:223,0
DA:224,0
DA:226,0
DA:230,0
DA:231,0
DA:233,0
DA:236,0
DA:237,0
DA:238,0
DA:239,0
DA:242,0
DA:245,0
DA:252,0
DA:253,0
DA:255,0
DA:268,0
DA:269,0
DA:270,0
DA:274,0
DA:276,0
DA:278,0
DA:279,0
DA:281,0
DA:284,0
DA:286,0
DA:289,0
DA:290,0
DA:292,0
DA:293,0
DA:295,0
DA:300,0
DA:302,0
DA:303,0
DA:307,0
DA:309,0
DA:312,0
DA:314,0
DA:320,0
DA:321,0
DA:324,0
DA:325,0
DA:326,0
DA:330,0
DA:331,0
DA:336,0
DA:339,0
DA:341,0
DA:342,0
DA:345,0
DA:346,0
DA:349,0
DA:350,0
DA:353,0
DA:354,0
DA:357,0
DA:361,0
DA:363,0
DA:365,0
DA:367,0
DA:370,0
DA:372,0
DA:374,0
DA:382,0
DA:383,0
DA:385,0
LF:134
LH:1
BRDA:26,0,0,0
BRDA:29,1,0,0
BRDA:30,2,0,0
BRDA:31,3,0,0
BRDA:37,4,0,0
BRDA:37,4,1,0
BRDA:41,5,0,0
BRDA:41,5,1,0
BRDA:61,6,0,0
BRDA:61,6,1,0
BRDA:61,7,0,0
BRDA:61,7,1,0
BRDA:78,8,0,0
BRDA:78,8,1,0
BRDA:83,9,0,0
BRDA:83,9,1,0
BRDA:84,10,0,0
BRDA:84,10,1,0
BRDA:85,11,0,0
BRDA:85,11,1,0
BRDA:104,12,0,0
BRDA:104,12,1,0
BRDA:127,13,0,0
BRDA:127,13,1,0
BRDA:129,14,0,0
BRDA:129,14,1,0
BRDA:131,15,0,0
BRDA:131,15,1,0
BRDA:152,16,0,0
BRDA:152,16,1,0
BRDA:159,17,0,0
BRDA:159,17,1,0
BRDA:159,17,2,0
BRDA:167,18,0,0
BRDA:167,18,1,0
BRDA:167,18,2,0
BRDA:177,19,0,0
BRDA:177,19,1,0
BRDA:178,20,0,0
BRDA:178,20,1,0
BRDA:191,21,0,0
BRDA:191,21,1,0
BRDA:191,22,0,0
BRDA:191,22,1,0
BRDA:192,23,0,0
BRDA:192,23,1,0
BRDA:192,24,0,0
BRDA:192,24,1,0
BRDA:192,24,2,0
BRDA:198,25,0,0
BRDA:198,25,1,0
BRDA:198,26,0,0
BRDA:198,26,1,0
BRDA:203,27,0,0
BRDA:203,27,1,0
BRDA:203,27,2,0
BRDA:203,27,3,0
BRDA:203,27,4,0
BRDA:205,28,0,0
BRDA:205,28,1,0
BRDA:210,29,0,0
BRDA:210,29,1,0
BRDA:210,30,0,0
BRDA:210,30,1,0
BRDA:214,31,0,0
BRDA:214,31,1,0
BRDA:216,32,0,0
BRDA:216,32,1,0
BRDA:223,33,0,0
BRDA:223,33,1,0
BRDA:230,34,0,0
BRDA:230,34,1,0
BRDA:230,35,0,0
BRDA:230,35,1,0
BRDA:236,36,0,0
BRDA:236,36,1,0
BRDA:238,37,0,0
BRDA:238,37,1,0
BRDA:253,38,0,0
BRDA:253,38,1,0
BRDA:268,39,0,0
BRDA:268,39,1,0
BRDA:269,40,0,0
BRDA:269,40,1,0
BRDA:269,41,0,0
BRDA:269,41,1,0
BRDA:274,42,0,0
BRDA:274,42,1,0
BRDA:274,42,2,0
BRDA:274,42,3,0
BRDA:274,42,4,0
BRDA:274,43,0,0
BRDA:274,43,1,0
BRDA:278,44,0,0
BRDA:278,44,1,0
BRDA:278,45,0,0
BRDA:278,45,1,0
BRDA:289,46,0,0
BRDA:289,46,1,0
BRDA:289,47,0,0
BRDA:289,47,1,0
BRDA:292,48,0,0
BRDA:292,48,1,0
BRDA:300,49,0,0
BRDA:300,49,1,0
BRDA:302,50,0,0
BRDA:302,50,1,0
BRDA:302,51,0,0
BRDA:302,51,1,0
BRDA:307,52,0,0
BRDA:307,52,1,0
BRDA:307,52,2,0
BRDA:307,52,3,0
BRDA:312,53,0,0
BRDA:312,53,1,0
BRDA:320,54,0,0
BRDA:320,54,1,0
BRDA:321,55,0,0
BRDA:321,55,1,0
BRDA:324,56,0,0
BRDA:324,56,1,0
BRDA:330,57,0,0
BRDA:330,57,1,0
BRDA:331,58,0,0
BRDA:331,58,1,0
BRDA:336,59,0,0
BRDA:336,59,1,0
BRDA:339,60,0,0
BRDA:339,60,1,0
BRDA:341,61,0,0
BRDA:341,61,1,0
BRDA:345,62,0,0
BRDA:345,62,1,0
BRDA:345,63,0,0
BRDA:345,63,1,0
BRDA:349,64,0,0
BRDA:349,64,1,0
BRDA:349,65,0,0
BRDA:349,65,1,0
BRDA:353,66,0,0
BRDA:353,66,1,0
BRDA:361,67,0,0
BRDA:361,67,1,0
BRDA:361,68,0,0
BRDA:361,68,1,0
BRDA:363,69,0,0
BRDA:363,69,1,0
BRDA:363,69,2,0
BRDA:363,69,3,0
BRDA:363,69,4,0
BRDA:363,69,5,0
BRDA:365,70,0,0
BRDA:365,70,1,0
BRDA:370,71,0,0
BRDA:370,71,1,0
BRDA:372,72,0,0
BRDA:372,72,1,0
BRDA:382,73,0,0
BRDA:382,73,1,0
BRF:159
BRH:0
end_of_record
TN:
SF:src/services/pdfGenerationService.ts
FN:44,(anonymous_0)
FN:107,(anonymous_1)
FN:121,(anonymous_2)
FN:213,(anonymous_3)
FN:289,(anonymous_4)
FN:290,(anonymous_5)
FN:309,(anonymous_6)
FN:326,(anonymous_7)
FN:327,(anonymous_8)
FN:334,(anonymous_9)
FN:335,(anonymous_10)
FN:341,(anonymous_11)
FN:343,(anonymous_12)
FN:362,(anonymous_13)
FN:367,(anonymous_14)
FN:368,(anonymous_15)
FN:389,(anonymous_16)
FN:404,(anonymous_17)
FN:431,(anonymous_18)
FN:443,(anonymous_19)
FN:460,(anonymous_20)
FNF:21
FNH:0
FNDA:0,(anonymous_0)
FNDA:0,(anonymous_1)
FNDA:0,(anonymous_2)
FNDA:0,(anonymous_3)
FNDA:0,(anonymous_4)
FNDA:0,(anonymous_5)
FNDA:0,(anonymous_6)
FNDA:0,(anonymous_7)
FNDA:0,(anonymous_8)
FNDA:0,(anonymous_9)
FNDA:0,(anonymous_10)
FNDA:0,(anonymous_11)
FNDA:0,(anonymous_12)
FNDA:0,(anonymous_13)
FNDA:0,(anonymous_14)
FNDA:0,(anonymous_15)
FNDA:0,(anonymous_16)
FNDA:0,(anonymous_17)
FNDA:0,(anonymous_18)
FNDA:0,(anonymous_19)
FNDA:0,(anonymous_20)
DA:37,0
DA:51,0
DA:53,0
DA:60,0
DA:62,0
DA:63,0
DA:66,0
DA:67,0
DA:68,0
DA:69,0
DA:71,0
DA:72,0
DA:83,0
DA:84,0
DA:85,0
DA:88,0
DA:89,0
DA:92,0
DA:93,0
DA:94,0
DA:96,0
DA:97,0
DA:98,0
DA:103,0
DA:104,0
DA:106,0
DA:107,0
DA:109,0
DA:110,0
DA:111,0
DA:112,0
DA:119,0
DA:120,0
DA:121,0
DA:122,0
DA:124,0
DA:125,0
DA:127,0
DA:132,0
DA:133,0
DA:134,0
DA:137,0
DA:143,0
DA:144,0
DA:145,0
DA:146,0
DA:148,0
DA:149,0
DA:154,0
DA:159,0
DA:160,0
DA:163,0
DA:164,0
DA:176,0
DA:185,0
DA:187,0
DA:200,0
DA:219,0
DA:220,0
DA:223,0
DA:224,0
DA:226,0
DA:229,0
DA:230,0
DA:231,0
DA:240,0
DA:243,0
DA:244,0
DA:245,0
DA:246,0
DA:248,0
DA:251,0
DA:254,0
DA:255,0
DA:256,0
DA:258,0
DA:259,0
DA:261,0
DA:264,0
DA:267,0
DA:268,0
DA:269,0
DA:271,0
DA:272,0
DA:274,0
DA:277,0
DA:281,0
DA:284,0
DA:289,0
DA:290,0
DA:291,0
DA:296,0
DA:297,0
DA:299,0
DA:302,0
DA:314,0
DA:316,0
DA:318,0
DA:319,0
DA:322,0
DA:323,0
DA:326,0
DA:327,0
DA:328,0
DA:334,0
DA:335,0
DA:336,0
DA:341,0
DA:342,0
DA:343,0
DA:344,0
DA:348,0
DA:351,0
DA:352,0
DA:367,0
DA:368,0
DA:369,0
DA:370,0
DA:373,0
DA:395,0
DA:396,0
DA:397,0
DA:398,0
DA:400,0
DA:401,0
DA:402,0
DA:404,0
DA:405,0
DA:406,0
DA:408,0
DA:409,0
DA:411,0
DA:415,0
DA:423,0
DA:424,0
DA:432,0
DA:433,0
DA:434,0
DA:435,0
DA:436,0
DA:437,0
DA:444,0
DA:445,0
DA:447,0
DA:454,0
DA:466,0
LF:146
LH:0
BRDA:48,0,0,0
BRDA:49,1,0,0
BRDA:55,2,0,0
BRDA:56,3,0,0
BRDA:57,4,0,0
BRDA:58,5,0,0
BRDA:59,6,0,0
BRDA:66,7,0,0
BRDA:66,7,1,0
BRDA:71,8,0,0
BRDA:71,8,1,0
BRDA:96,9,0,0
BRDA:96,9,1,0
BRDA:103,10,0,0
BRDA:103,10,1,0
BRDA:103,11,0,0
BRDA:103,11,1,0
BRDA:109,12,0,0
BRDA:109,12,1,0
BRDA:122,13,0,0
BRDA:122,13,1,0
BRDA:132,14,0,0
BRDA:132,14,1,0
BRDA:143,15,0,0
BRDA:143,15,1,0
BRDA:143,16,0,0
BRDA:143,16,1,0
BRDA:163,17,0,0
BRDA:163,17,1,0
BRDA:204,18,0,0
BRDA:204,18,1,0
BRDA:219,19,0,0
BRDA:219,19,1,0
BRDA:219,20,0,0
BRDA:219,20,1,0
BRDA:219,20,2,0
BRDA:226,21,0,0
BRDA:226,21,1,0
BRDA:226,21,2,0
BRDA:226,21,3,0
BRDA:226,21,4,0
BRDA:226,21,5,0
BRDA:226,21,6,0
BRDA:229,22,0,0
BRDA:229,22,1,0
BRDA:230,23,0,0
BRDA:230,23,1,0
BRDA:230,24,0,0
BRDA:230,24,1,0
BRDA:243,25,0,0
BRDA:243,25,1,0
BRDA:244,26,0,0
BRDA:244,26,1,0
BRDA:244,26,2,0
BRDA:244,26,3,0
BRDA:245,27,0,0
BRDA:245,27,1,0
BRDA:254,28,0,0
BRDA:254,28,1,0
BRDA:258,29,0,0
BRDA:258,29,1,0
BRDA:267,30,0,0
BRDA:267,30,1,0
BRDA:271,31,0,0
BRDA:271,31,1,0
BRDA:291,32,0,0
BRDA:291,32,1,0
BRDA:291,32,2,0
BRDA:296,33,0,0
BRDA:296,33,1,0
BRDA:322,34,0,0
BRDA:322,34,1,0
BRDA:367,35,0,0
BRDA:367,35,1,0
BRDA:370,36,0,0
BRDA:370,36,1,0
BRDA:370,36,2,0
BRDA:406,37,0,0
BRDA:406,37,1,0
BRDA:408,38,0,0
BRDA:408,38,1,0
BRDA:424,39,0,0
BRDA:424,39,1,0
BRDA:432,40,0,0
BRDA:432,40,1,0
BRDA:433,41,0,0
BRDA:433,41,1,0
BRDA:434,42,0,0
BRDA:434,42,1,0
BRDA:435,43,0,0
BRDA:435,43,1,0
BRDA:436,44,0,0
BRDA:436,44,1,0
BRF:93
BRH:0
end_of_record
TN:
SF:src/services/pdfService.ts
FN:26,(anonymous_0)
FN:85,(anonymous_1)
FN:132,(anonymous_2)
FN:178,(anonymous_3)
FN:182,(anonymous_4)
FN:199,(anonymous_5)
FN:241,(anonymous_6)
FN:289,(anonymous_7)
FN:302,(anonymous_8)
FN:317,(anonymous_9)
FN:321,(anonymous_10)
FN:322,(anonymous_11)
FN:335,(anonymous_12)
FNF:13
FNH:0
FNDA:0,(anonymous_0)
FNDA:0,(anonymous_1)
FNDA:0,(anonymous_2)
FNDA:0,(anonymous_3)
FNDA:0,(anonymous_4)
FNDA:0,(anonymous_5)
FNDA:0,(anonymous_6)
FNDA:0,(anonymous_7)
FNDA:0,(anonymous_8)
FNDA:0,(anonymous_9)
FNDA:0,(anonymous_10)
FNDA:0,(anonymous_11)
FNDA:0,(anonymous_12)
DA:5,3
DA:20,3
DA:21,3
DA:27,0
DA:30,0
DA:31,0
DA:33,0
DA:34,0
DA:37,0
DA:38,0
DA:41,0
DA:42,0
DA:43,0
DA:44,0
DA:46,0
DA:49,0
DA:56,0
DA:59,0
DA:60,0
DA:63,0
DA:64,0
DA:65,0
DA:68,0
DA:70,0
DA:71,0
DA:77,0
DA:78,0
DA:86,0
DA:87,0
DA:90,0
DA:91,0
DA:93,0
DA:95,0
DA:96,0
DA:97,0
DA:98,0
DA:100,0
DA:103,0
DA:104,0
DA:107,0
DA:110,0
DA:112,0
DA:113,0
DA:115,0
DA:117,0
DA:118,0
DA:124,0
DA:125,0
DA:137,0
DA:139,0
DA:140,0
DA:141,0
DA:143,0
DA:144,0
DA:148,0
DA:149,0
DA:150,0
DA:151,0
DA:153,0
DA:158,0
DA:160,0
DA:161,0
DA:163,0
DA:164,0
DA:170,0
DA:171,0
DA:179,0
DA:180,0
DA:181,0
DA:182,0
DA:185,0
DA:191,0
DA:192,0
DA:200,0
DA:201,0
DA:202,0
DA:204,0
DA:205,0
DA:206,0
DA:220,0
DA:224,0
DA:225,0
DA:227,0
DA:233,0
DA:234,0
DA:245,0
DA:247,0
DA:248,0
DA:249,0
DA:250,0
DA:252,0
DA:253,0
DA:255,0
DA:256,0
DA:259,0
DA:260,0
DA:262,0
DA:267,0
DA:269,0
DA:270,0
DA:272,0
DA:274,0
DA:275,0
DA:281,0
DA:282,0
DA:294,0
DA:296,0
DA:297,0
DA:298,0
DA:302,0
DA:303,0
DA:304,0
DA:305,0
DA:307,0
DA:311,0
DA:318,0
DA:319,0
DA:321,0
DA:322,0
DA:325,0
DA:326,0
DA:329,0
DA:337,0
DA:338,0
DA:340,0
DA:342,0
DA:343,0
DA:345,0
DA:349,0
LF:129
LH:3
BRDA:5,0,0,3
BRDA:5,0,1,0
BRDA:33,1,0,0
BRDA:33,1,1,0
BRDA:38,2,0,0
BRDA:38,2,1,0
BRDA:41,3,0,0
BRDA:41,3,1,0
BRDA:41,4,0,0
BRDA:41,4,1,0
BRDA:41,4,2,0
BRDA:42,5,0,0
BRDA:42,5,1,0
BRDA:49,6,0,0
BRDA:49,6,1,0
BRDA:52,7,0,0
BRDA:52,7,1,0
BRDA:59,8,0,0
BRDA:59,8,1,0
BRDA:59,9,0,0
BRDA:59,9,1,0
BRDA:63,10,0,0
BRDA:63,10,1,0
BRDA:73,11,0,0
BRDA:73,11,1,0
BRDA:74,12,0,0
BRDA:74,12,1,0
BRDA:95,13,0,0
BRDA:95,13,1,0
BRDA:95,14,0,0
BRDA:95,14,1,0
BRDA:96,15,0,0
BRDA:96,15,1,0
BRDA:103,16,0,0
BRDA:103,16,1,0
BRDA:103,17,0,0
BRDA:103,17,1,0
BRDA:120,18,0,0
BRDA:120,18,1,0
BRDA:121,19,0,0
BRDA:121,19,1,0
BRDA:135,20,0,0
BRDA:143,21,0,0
BRDA:143,21,1,0
BRDA:166,22,0,0
BRDA:166,22,1,0
BRDA:167,23,0,0
BRDA:167,23,1,0
BRDA:182,24,0,0
BRDA:182,24,1,0
BRDA:187,25,0,0
BRDA:187,25,1,0
BRDA:188,26,0,0
BRDA:188,26,1,0
BRDA:205,27,0,0
BRDA:205,27,1,0
BRDA:207,28,0,0
BRDA:207,28,1,0
BRDA:208,29,0,0
BRDA:208,29,1,0
BRDA:209,30,0,0
BRDA:209,30,1,0
BRDA:210,31,0,0
BRDA:210,31,1,0
BRDA:210,31,2,0
BRDA:211,32,0,0
BRDA:211,32,1,0
BRDA:214,33,0,0
BRDA:214,33,1,0
BRDA:215,34,0,0
BRDA:215,34,1,0
BRDA:216,35,0,0
BRDA:216,35,1,0
BRDA:229,36,0,0
BRDA:229,36,1,0
BRDA:230,37,0,0
BRDA:230,37,1,0
BRDA:243,38,0,0
BRDA:255,39,0,0
BRDA:255,39,1,0
BRDA:277,40,0,0
BRDA:277,40,1,0
BRDA:278,41,0,0
BRDA:278,41,1,0
BRDA:292,42,0,0
BRDA:297,43,0,0
BRDA:297,43,1,0
BRDA:318,44,0,0
BRDA:318,44,1,0
BRDA:338,45,0,0
BRDA:338,45,1,0
BRDA:338,45,2,0
BRDA:340,46,0,0
BRDA:340,46,1,0
BRDA:342,47,0,0
BRDA:342,47,1,0
BRDA:342,48,0,0
BRDA:342,48,1,0
BRDA:349,49,0,0
BRDA:349,49,1,0
BRF:100
BRH:1
end_of_record
TN:
SF:src/services/signatureService.ts
FN:24,(anonymous_0)
FN:45,(anonymous_1)
FN:67,(anonymous_2)
FN:68,(anonymous_3)
FN:69,(anonymous_4)
FN:133,(anonymous_5)
FN:204,(anonymous_6)
FN:266,(anonymous_7)
FN:302,(anonymous_8)
FN:316,(anonymous_9)
FN:343,(anonymous_10)
FN:344,(anonymous_11)
FN:345,(anonymous_12)
FN:374,(anonymous_13)
FNF:14
FNH:0
FNDA:0,(anonymous_0)
FNDA:0,(anonymous_1)
FNDA:0,(anonymous_2)
FNDA:0,(anonymous_3)
FNDA:0,(anonymous_4)
FNDA:0,(anonymous_5)
FNDA:0,(anonymous_6)
FNDA:0,(anonymous_7)
FNDA:0,(anonymous_8)
FNDA:0,(anonymous_9)
FNDA:0,(anonymous_10)
FNDA:0,(anonymous_11)
FNDA:0,(anonymous_12)
FNDA:0,(anonymous_13)
DA:26,0
DA:27,0
DA:28,0
DA:32,0
DA:33,0
DA:35,0
DA:36,0
DA:39,0
DA:54,0
DA:56,0
DA:58,0
DA:59,0
DA:61,0
DA:62,0
DA:66,0
DA:67,0
DA:68,0
DA:69,0
DA:70,0
DA:74,0
DA:76,0
DA:77,0
DA:79,0
DA:80,0
DA:81,0
DA:83,0
DA:84,0
DA:89,0
DA:90,0
DA:93,0
DA:94,0
DA:95,0
DA:98,0
DA:99,0
DA:100,0
DA:101,0
DA:102,0
DA:103,0
DA:104,0
DA:109,0
DA:111,0
DA:125,0
DA:126,0
DA:134,0
DA:135,0
DA:137,0
DA:138,0
DA:140,0
DA:141,0
DA:142,0
DA:143,0
DA:146,0
DA:147,0
DA:148,0
DA:149,0
DA:150,0
DA:151,0
DA:152,0
DA:155,0
DA:156,0
DA:157,0
DA:158,0
DA:159,0
DA:165,0
DA:166,0
DA:170,0
DA:171,0
DA:172,0
DA:173,0
DA:174,0
DA:177,0
DA:178,0
DA:179,0
DA:181,0
DA:182,0
DA:184,0
DA:185,0
DA:188,0
DA:189,0
DA:192,0
DA:198,0
DA:209,0
DA:211,0
DA:212,0
DA:214,0
DA:215,0
DA:218,0
DA:221,0
DA:227,0
DA:230,0
DA:233,0
DA:234,0
DA:235,0
DA:236,0
DA:238,0
DA:239,0
DA:242,0
DA:243,0
DA:246,0
DA:254,0
DA:255,0
DA:258,0
DA:259,0
DA:267,0
DA:269,0
DA:270,0
DA:271,0
DA:272,0
DA:275,0
DA:276,0
DA:279,0
DA:280,0
DA:282,0
DA:283,0
DA:286,0
DA:287,0
DA:288,0
DA:290,0
DA:291,0
DA:296,0
DA:304,0
DA:320,0
DA:321,0
DA:322,0
DA:324,0
DA:325,0
DA:329,0
DA:330,0
DA:333,0
DA:334,0
DA:337,0
DA:338,0
DA:339,0
DA:342,0
DA:343,0
DA:344,0
DA:345,0
DA:346,0
DA:350,0
DA:351,0
DA:352,0
DA:354,0
DA:355,0
DA:358,0
DA:359,0
DA:361,0
DA:363,0
DA:366,0
DA:367,0
DA:375,0
DA:376,0
DA:379,0
DA:381,0
DA:382,0
DA:385,0
DA:386,0
DA:388,0
DA:391,0
LF:158
LH:0
BRDA:27,0,0,0
BRDA:27,0,1,0
BRDA:47,1,0,0
BRDA:50,2,0,0
BRDA:51,3,0,0
BRDA:52,4,0,0
BRDA:53,5,0,0
BRDA:61,6,0,0
BRDA:61,6,1,0
BRDA:76,7,0,0
BRDA:76,7,1,0
BRDA:76,8,0,0
BRDA:76,8,1,0
BRDA:79,9,0,0
BRDA:79,9,1,0
BRDA:98,10,0,0
BRDA:98,10,1,0
BRDA:98,11,0,0
BRDA:98,11,1,0
BRDA:100,12,0,0
BRDA:100,12,1,0
BRDA:135,13,0,0
BRDA:135,13,1,0
BRDA:155,14,0,0
BRDA:155,14,1,0
BRDA:155,15,0,0
BRDA:155,15,1,0
BRDA:155,15,2,0
BRDA:155,15,3,0
BRDA:165,16,0,0
BRDA:165,16,1,0
BRDA:165,17,0,0
BRDA:165,17,1,0
BRDA:179,18,0,0
BRDA:179,18,1,0
BRDA:214,19,0,0
BRDA:214,19,1,0
BRDA:214,20,0,0
BRDA:214,20,1,0
BRDA:259,21,0,0
BRDA:259,21,1,0
BRDA:269,22,0,0
BRDA:269,22,1,0
BRDA:271,23,0,0
BRDA:271,23,1,0
BRDA:275,24,0,0
BRDA:275,24,1,0
BRDA:275,25,0,0
BRDA:275,25,1,0
BRDA:279,26,0,0
BRDA:279,26,1,0
BRDA:282,27,0,0
BRDA:282,27,1,0
BRDA:282,28,0,0
BRDA:282,28,1,0
BRDA:286,29,0,0
BRDA:286,29,1,0
BRDA:287,30,0,0
BRDA:287,30,1,0
BRDA:290,31,0,0
BRDA:290,31,1,0
BRDA:324,32,0,0
BRDA:324,32,1,0
BRDA:385,33,0,0
BRDA:385,33,1,0
BRF:65
BRH:0
end_of_record
TN:
SF:src/services/submissionService.ts
FN:65,(anonymous_0)
FN:198,(anonymous_1)
FN:240,(anonymous_2)
FN:250,(anonymous_3)
FN:255,(anonymous_4)
FN:306,(anonymous_5)
FN:327,(anonymous_6)
FN:349,(anonymous_7)
FN:362,(anonymous_8)
FN:395,(anonymous_9)
FN:407,(anonymous_10)
FN:419,(anonymous_11)
FN:426,(anonymous_12)
FN:464,(anonymous_13)
FN:471,(anonymous_14)
FN:478,(anonymous_15)
FN:486,(anonymous_16)
FN:507,(anonymous_17)
FNF:18
FNH:0
FNDA:0,(anonymous_0)
FNDA:0,(anonymous_1)
FNDA:0,(anonymous_2)
FNDA:0,(anonymous_3)
FNDA:0,(anonymous_4)
FNDA:0,(anonymous_5)
FNDA:0,(anonymous_6)
FNDA:0,(anonymous_7)
FNDA:0,(anonymous_8)
FNDA:0,(anonymous_9)
FNDA:0,(anonymous_10)
FNDA:0,(anonymous_11)
FNDA:0,(anonymous_12)
FNDA:0,(anonymous_13)
FNDA:0,(anonymous_14)
FNDA:0,(anonymous_15)
FNDA:0,(anonymous_16)
FNDA:0,(anonymous_17)
DA:48,0
DA:59,0
DA:60,0
DA:71,0
DA:72,0
DA:74,0
DA:76,0
DA:77,0
DA:80,0
DA:88,0
DA:89,0
DA:90,0
DA:97,0
DA:107,0
DA:108,0
DA:117,0
DA:120,0
DA:128,0
DA:130,0
DA:133,0
DA:134,0
DA:142,0
DA:144,0
DA:152,0
DA:159,0
DA:160,0
DA:162,0
DA:170,0
DA:185,0
DA:203,0
DA:205,0
DA:206,0
DA:207,0
DA:209,0
DA:210,0
DA:214,0
DA:215,0
DA:219,0
DA:222,0
DA:224,0
DA:225,0
DA:228,0
DA:232,0
DA:233,0
DA:240,0
DA:244,0
DA:254,0
DA:255,0
DA:257,0
DA:258,0
DA:265,0
DA:267,0
DA:269,0
DA:270,0
DA:281,0
DA:293,0
DA:295,0
DA:296,0
DA:299,0
DA:307,0
DA:309,0
DA:310,0
DA:311,0
DA:312,0
DA:313,0
DA:314,0
DA:316,0
DA:319,0
DA:320,0
DA:328,0
DA:330,0
DA:331,0
DA:332,0
DA:335,0
DA:336,0
DA:339,0
DA:340,0
DA:342,0
DA:343,0
DA:348,0
DA:349,0
DA:350,0
DA:351,0
DA:356,0
DA:366,0
DA:379,0
DA:380,0
DA:384,0
DA:385,0
DA:386,0
DA:389,0
DA:396,0
DA:397,0
DA:398,0
DA:399,0
DA:401,0
DA:408,0
DA:409,0
DA:410,0
DA:411,0
DA:413,0
DA:420,0
DA:427,0
DA:436,0
DA:439,0
DA:446,0
DA:447,0
DA:448,0
DA:451,0
DA:452,0
DA:455,0
DA:457,0
DA:465,0
DA:472,0
DA:483,0
DA:484,0
DA:485,0
DA:486,0
DA:489,0
DA:495,0
DA:496,0
DA:512,0
DA:513,0
DA:515,0
DA:516,0
DA:521,0
DA:528,0
LF:127
LH:0
BRDA:49,0,0,0
BRDA:49,0,1,0
BRDA:68,1,0,0
BRDA:89,2,0,0
BRDA:89,2,1,0
BRDA:107,3,0,0
BRDA:107,3,1,0
BRDA:133,4,0,0
BRDA:133,4,1,0
BRDA:138,5,0,0
BRDA:138,5,1,0
BRDA:166,6,0,0
BRDA:166,6,1,0
BRDA:187,7,0,0
BRDA:187,7,1,0
BRDA:209,8,0,0
BRDA:209,8,1,0
BRDA:214,9,0,0
BRDA:214,9,1,0
BRDA:222,10,0,0
BRDA:222,10,1,0
BRDA:224,11,0,0
BRDA:224,11,1,0
BRDA:232,12,0,0
BRDA:232,12,1,0
BRDA:237,13,0,0
BRDA:237,13,1,0
BRDA:244,14,0,0
BRDA:244,14,1,0
BRDA:269,15,0,0
BRDA:269,15,1,0
BRDA:272,16,0,0
BRDA:272,16,1,0
BRDA:272,16,2,0
BRDA:273,17,0,0
BRDA:273,17,1,0
BRDA:275,18,0,0
BRDA:275,18,1,0
BRDA:283,19,0,0
BRDA:283,19,1,0
BRDA:284,20,0,0
BRDA:284,20,1,0
BRDA:285,21,0,0
BRDA:285,21,1,0
BRDA:295,22,0,0
BRDA:295,22,1,0
BRDA:295,23,0,0
BRDA:295,23,1,0
BRDA:310,24,0,0
BRDA:310,24,1,0
BRDA:312,25,0,0
BRDA:312,25,1,0
BRDA:330,26,0,0
BRDA:330,26,1,0
BRDA:335,27,0,0
BRDA:335,27,1,0
BRDA:335,28,0,0
BRDA:335,28,1,0
BRDA:339,29,0,0
BRDA:339,29,1,0
BRDA:339,30,0,0
BRDA:339,30,1,0
BRDA:342,31,0,0
BRDA:342,31,1,0
BRDA:342,32,0,0
BRDA:342,32,1,0
BRDA:348,33,0,0
BRDA:348,33,1,0
BRDA:350,34,0,0
BRDA:350,34,1,0
BRDA:350,35,0,0
BRDA:350,35,1,0
BRDA:374,36,0,0
BRDA:374,36,1,0
BRDA:379,37,0,0
BRDA:379,37,1,0
BRDA:379,38,0,0
BRDA:379,38,1,0
BRDA:385,39,0,0
BRDA:385,39,1,0
BRDA:409,40,0,0
BRDA:409,40,1,0
BRDA:447,41,0,0
BRDA:447,41,1,0
BRDA:451,42,0,0
BRDA:451,42,1,0
BRDA:484,43,0,0
BRDA:484,43,1,0
BRDA:485,44,0,0
BRDA:485,44,1,0
BRDA:486,45,0,0
BRDA:486,45,1,0
BRDA:512,46,0,0
BRDA:512,46,1,0
BRDA:524,47,0,0
BRDA:524,47,1,0
BRDA:531,48,0,0
BRDA:531,48,1,0
BRF:98
BRH:0
end_of_record
TN:
SF:src/services/unleashService.ts
FN:124,(anonymous_0)
FN:128,(anonymous_1)
FN:136,(anonymous_2)
FN:160,(anonymous_3)
FN:167,(anonymous_4)
FN:174,(anonymous_5)
FN:187,(anonymous_6)
FN:201,(anonymous_7)
FN:215,(anonymous_8)
FN:226,(anonymous_9)
FN:230,(anonymous_10)
FN:236,(anonymous_11)
FN:243,(anonymous_12)
FN:255,(anonymous_13)
FN:264,(anonymous_14)
FN:269,(anonymous_15)
FN:274,(anonymous_16)
FN:275,(anonymous_17)
FN:285,(anonymous_18)
FN:299,(anonymous_19)
FN:304,(anonymous_20)
FNF:21
FNH:6
FNDA:3,(anonymous_0)
FNDA:39,(anonymous_1)
FNDA:1,(anonymous_2)
FNDA:0,(anonymous_3)
FNDA:0,(anonymous_4)
FNDA:0,(anonymous_5)
FNDA:0,(anonymous_6)
FNDA:0,(anonymous_7)
FNDA:0,(anonymous_8)
FNDA:0,(anonymous_9)
FNDA:0,(anonymous_10)
FNDA:0,(anonymous_11)
FNDA:0,(anonymous_12)
FNDA:0,(anonymous_13)
FNDA:1,(anonymous_14)
FNDA:1,(anonymous_15)
FNDA:0,(anonymous_16)
FNDA:0,(anonymous_17)
FNDA:58,(anonymous_18)
FNDA:0,(anonymous_19)
FNDA:0,(anonymous_20)
DA:15,3
DA:65,3
DA:106,3
DA:119,3
DA:121,3
DA:122,3
DA:125,3
DA:129,39
DA:130,3
DA:132,39
DA:137,1
DA:138,0
DA:141,1
DA:143,1
DA:157,1
DA:160,0
DA:161,0
DA:162,0
DA:163,0
DA:167,0
DA:168,0
DA:170,0
DA:174,0
DA:175,0
DA:176,0
DA:180,1
DA:182,1
DA:188,0
DA:189,0
DA:192,0
DA:193,0
DA:195,0
DA:196,0
DA:202,0
DA:203,0
DA:206,0
DA:207,0
DA:209,0
DA:210,0
DA:216,0
DA:218,0
DA:219,0
DA:222,0
DA:227,0
DA:230,0
DA:231,0
DA:237,0
DA:238,0
DA:244,0
DA:245,0
DA:247,0
DA:248,0
DA:251,0
DA:256,0
DA:265,1
DA:270,1
DA:275,0
DA:276,0
DA:277,0
DA:279,0
DA:286,58
DA:287,53
DA:288,0
DA:290,5
DA:291,5
DA:296,3
DA:299,3
DA:300,0
DA:304,3
DA:305,0
LF:70
LH:25
BRDA:16,0,0,3
BRDA:16,0,1,3
BRDA:17,1,0,3
BRDA:17,1,1,3
BRDA:20,2,0,3
BRDA:20,2,1,0
BRDA:129,3,0,3
BRDA:129,3,1,36
BRDA:137,4,0,0
BRDA:137,4,1,1
BRDA:150,5,0,1
BRDA:150,5,1,1
BRDA:151,6,0,1
BRDA:151,6,1,1
BRDA:188,7,0,0
BRDA:188,7,1,0
BRDA:188,8,0,0
BRDA:188,8,1,0
BRDA:202,9,0,0
BRDA:202,9,1,0
BRDA:202,10,0,0
BRDA:202,10,1,0
BRDA:237,11,0,0
BRDA:237,11,1,0
BRDA:286,12,0,53
BRDA:286,12,1,5
BRF:26
BRH:14
end_of_record
TN:
SF:src/services/validationService.ts
FN:90,(anonymous_0)
FN:112,(anonymous_1)
FN:140,(anonymous_2)
FN:150,(anonymous_3)
FN:293,(anonymous_4)
FN:301,(anonymous_5)
FN:314,(anonymous_6)
FN:318,(anonymous_7)
FN:350,(anonymous_8)
FN:384,(anonymous_9)
FN:394,(anonymous_10)
FN:418,(anonymous_11)
FN:434,(anonymous_12)
FN:450,(anonymous_13)
FN:468,(anonymous_14)
FN:491,(anonymous_15)
FN:518,(anonymous_16)
FN:525,(anonymous_17)
FN:535,(anonymous_18)
FN:565,(anonymous_19)
FN:578,(anonymous_20)
FNF:21
FNH:1
FNDA:0,(anonymous_0)
FNDA:0,(anonymous_1)
FNDA:0,(anonymous_2)
FNDA:30,(anonymous_3)
FNDA:0,(anonymous_4)
FNDA:0,(anonymous_5)
FNDA:0,(anonymous_6)
FNDA:0,(anonymous_7)
FNDA:0,(anonymous_8)
FNDA:0,(anonymous_9)
FNDA:0,(anonymous_10)
FNDA:0,(anonymous_11)
FNDA:0,(anonymous_12)
FNDA:0,(anonymous_13)
FNDA:0,(anonymous_14)
FNDA:0,(anonymous_15)
FNDA:0,(anonymous_16)
FNDA:0,(anonymous_17)
FNDA:0,(anonymous_18)
FNDA:0,(anonymous_19)
FNDA:0,(anonymous_20)
DA:28,4
DA:29,4
DA:34,4
DA:91,0
DA:92,0
DA:93,0
DA:113,0
DA:141,0
DA:156,30
DA:159,30
DA:160,0
DA:161,0
DA:163,0
DA:171,0
DA:174,0
DA:175,0
DA:179,0
DA:182,0
DA:183,0
DA:185,0
DA:186,0
DA:190,0
DA:191,0
DA:194,0
DA:195,0
DA:202,0
DA:206,0
DA:207,0
DA:210,0
DA:212,0
DA:213,0
DA:214,0
DA:216,0
DA:217,0
DA:218,0
DA:219,0
DA:221,0
DA:227,0
DA:228,0
DA:229,0
DA:233,0
DA:234,0
DA:236,0
DA:245,0
DA:248,0
DA:249,0
DA:250,0
DA:253,0
DA:254,0
DA:267,0
DA:270,0
DA:272,0
DA:280,0
DA:298,0
DA:301,0
DA:302,0
DA:303,0
DA:304,0
DA:307,0
DA:308,0
DA:318,0
DA:319,0
DA:322,0
DA:323,0
DA:325,0
DA:326,0
DA:327,0
DA:329,0
DA:330,0
DA:332,0
DA:336,0
DA:340,0
DA:356,0
DA:358,0
DA:361,0
DA:362,0
DA:363,0
DA:364,0
DA:366,0
DA:369,0
DA:370,0
DA:371,0
DA:373,0
DA:374,0
DA:375,0
DA:378,0
DA:379,0
DA:381,0
DA:384,0
DA:387,0
DA:395,0
DA:396,0
DA:399,0
DA:401,0
DA:404,0
DA:408,0
DA:411,0
DA:420,0
DA:422,0
DA:423,0
DA:424,0
DA:425,0
DA:428,0
DA:439,0
DA:446,0
DA:448,0
DA:450,0
DA:451,0
DA:454,0
DA:455,0
DA:456,0
DA:457,0
DA:462,0
DA:473,0
DA:475,0
DA:477,0
DA:478,0
DA:479,0
DA:480,0
DA:481,0
DA:483,0
DA:484,0
DA:490,0
DA:491,0
DA:492,0
DA:495,0
DA:496,0
DA:499,0
DA:500,0
DA:502,0
DA:503,0
DA:509,0
DA:512,0
DA:519,0
DA:526,0
DA:550,0
DA:557,0
DA:559,0
DA:560,0
DA:562,0
DA:563,0
DA:565,0
DA:566,0
DA:567,0
DA:568,0
DA:570,0
DA:573,0
DA:574,0
DA:578,0
DA:580,0
LF:150
LH:5
BRDA:91,0,0,0
BRDA:91,0,1,0
BRDA:93,1,0,0
BRDA:93,1,1,0
BRDA:113,2,0,0
BRDA:113,2,1,0
BRDA:113,2,2,0
BRDA:141,3,0,0
BRDA:141,3,1,0
BRDA:141,3,2,0
BRDA:141,3,3,0
BRDA:153,4,0,27
BRDA:154,5,0,27
BRDA:166,6,0,0
BRDA:166,7,0,0
BRDA:166,7,1,0
BRDA:167,8,0,0
BRDA:167,9,0,0
BRDA:167,9,1,0
BRDA:168,10,0,0
BRDA:168,11,0,0
BRDA:168,11,1,0
BRDA:169,12,0,0
BRDA:170,13,0,0
BRDA:170,14,0,0
BRDA:170,14,1,0
BRDA:174,15,0,0
BRDA:174,15,1,0
BRDA:175,16,0,0
BRDA:175,16,1,0
BRDA:182,17,0,0
BRDA:182,17,1,0
BRDA:182,18,0,0
BRDA:182,18,1,0
BRDA:185,19,0,0
BRDA:185,19,1,0
BRDA:194,20,0,0
BRDA:194,20,1,0
BRDA:194,21,0,0
BRDA:194,21,1,0
BRDA:207,22,0,0
BRDA:207,22,1,0
BRDA:212,23,0,0
BRDA:212,23,1,0
BRDA:212,24,0,0
BRDA:212,24,1,0
BRDA:213,25,0,0
BRDA:213,25,1,0
BRDA:213,26,0,0
BRDA:213,26,1,0
BRDA:214,27,0,0
BRDA:214,27,1,0
BRDA:214,28,0,0
BRDA:214,28,1,0
BRDA:217,29,0,0
BRDA:217,29,1,0
BRDA:218,30,0,0
BRDA:218,30,1,0
BRDA:218,31,0,0
BRDA:218,31,1,0
BRDA:227,32,0,0
BRDA:227,32,1,0
BRDA:249,33,0,0
BRDA:249,33,1,0
BRDA:253,34,0,0
BRDA:253,34,1,0
BRDA:296,35,0,0
BRDA:319,36,0,0
BRDA:319,36,1,0
BRDA:329,37,0,0
BRDA:329,37,1,0
BRDA:336,38,0,0
BRDA:336,38,1,0
BRDA:356,39,0,0
BRDA:356,39,1,0
BRDA:356,39,2,0
BRDA:356,39,3,0
BRDA:356,39,4,0
BRDA:356,39,5,0
BRDA:361,40,0,0
BRDA:361,40,1,0
BRDA:363,41,0,0
BRDA:363,41,1,0
BRDA:369,42,0,0
BRDA:369,42,1,0
BRDA:371,43,0,0
BRDA:371,43,1,0
BRDA:373,44,0,0
BRDA:373,44,1,0
BRDA:373,45,0,0
BRDA:373,45,1,0
BRDA:374,46,0,0
BRDA:374,46,1,0
BRDA:374,47,0,0
BRDA:374,47,1,0
BRDA:378,48,0,0
BRDA:378,48,1,0
BRDA:395,49,0,0
BRDA:395,49,1,0
BRDA:395,50,0,0
BRDA:395,50,1,0
BRDA:395,50,2,0
BRDA:399,51,0,0
BRDA:399,51,1,0
BRDA:399,51,2,0
BRDA:399,51,3,0
BRDA:399,51,4,0
BRDA:401,52,0,0
BRDA:401,52,1,0
BRDA:401,52,2,0
BRDA:404,53,0,0
BRDA:404,53,1,0
BRDA:404,53,2,0
BRDA:408,54,0,0
BRDA:408,54,1,0
BRDA:408,54,2,0
BRDA:422,55,0,0
BRDA:422,55,1,0
BRDA:423,56,0,0
BRDA:423,56,1,0
BRDA:423,57,0,0
BRDA:423,57,1,0
BRDA:424,58,0,0
BRDA:424,58,1,0
BRDA:425,59,0,0
BRDA:425,59,1,0
BRDA:425,60,0,0
BRDA:425,60,1,0
BRDA:428,61,0,0
BRDA:428,61,1,0
BRDA:448,62,0,0
BRDA:448,62,1,0
BRDA:448,63,0,0
BRDA:448,63,1,0
BRDA:451,64,0,0
BRDA:451,64,1,0
BRDA:454,65,0,0
BRDA:454,65,1,0
BRDA:455,66,0,0
BRDA:455,66,1,0
BRDA:456,67,0,0
BRDA:456,67,1,0
BRDA:456,68,0,0
BRDA:456,68,1,0
BRDA:456,68,2,0
BRDA:477,69,0,0
BRDA:477,69,1,0
BRDA:477,70,0,0
BRDA:477,70,1,0
BRDA:479,71,0,0
BRDA:479,71,1,0
BRDA:480,72,0,0
BRDA:480,72,1,0
BRDA:480,73,0,0
BRDA:480,73,1,0
BRDA:483,74,0,0
BRDA:483,74,1,0
BRDA:490,75,0,0
BRDA:490,75,1,0
BRDA:490,76,0,0
BRDA:490,76,1,0
BRDA:492,77,0,0
BRDA:492,77,1,0
BRDA:495,78,0,0
BRDA:495,78,1,0
BRDA:495,79,0,0
BRDA:495,79,1,0
BRDA:502,80,0,0
BRDA:502,80,1,0
BRDA:566,81,0,0
BRDA:566,81,1,0
BRDA:573,82,0,0
BRDA:573,82,1,0
BRDA:578,83,0,0
BRDA:578,83,1,0
BRDA:581,84,0,0
BRDA:581,84,1,0
BRF:177
BRH:2
end_of_record
TN:
SF:src/services/wizardService.ts
FN:20,(anonymous_0)
FN:28,(anonymous_1)
FN:48,(anonymous_2)
FN:50,(anonymous_3)
FN:62,(anonymous_4)
FN:79,(anonymous_5)
FN:80,(anonymous_6)
FN:92,(anonymous_7)
FN:93,(anonymous_8)
FN:106,(anonymous_9)
FN:107,(anonymous_10)
FN:133,(anonymous_11)
FN:140,(anonymous_12)
FN:141,(anonymous_13)
FN:142,(anonymous_14)
FN:156,(anonymous_15)
FN:204,(anonymous_16)
FN:205,(anonymous_17)
FN:225,(anonymous_18)
FN:226,(anonymous_19)
FN:232,(anonymous_20)
FN:233,(anonymous_21)
FN:239,(anonymous_22)
FN:250,(anonymous_23)
FN:276,(anonymous_24)
FN:297,(anonymous_25)
FN:316,(anonymous_26)
FNF:27
FNH:0
FNDA:0,(anonymous_0)
FNDA:0,(anonymous_1)
FNDA:0,(anonymous_2)
FNDA:0,(anonymous_3)
FNDA:0,(anonymous_4)
FNDA:0,(anonymous_5)
FNDA:0,(anonymous_6)
FNDA:0,(anonymous_7)
FNDA:0,(anonymous_8)
FNDA:0,(anonymous_9)
FNDA:0,(anonymous_10)
FNDA:0,(anonymous_11)
FNDA:0,(anonymous_12)
FNDA:0,(anonymous_13)
FNDA:0,(anonymous_14)
FNDA:0,(anonymous_15)
FNDA:0,(anonymous_16)
FNDA:0,(anonymous_17)
FNDA:0,(anonymous_18)
FNDA:0,(anonymous_19)
FNDA:0,(anonymous_20)
FNDA:0,(anonymous_21)
FNDA:0,(anonymous_22)
FNDA:0,(anonymous_23)
FNDA:0,(anonymous_24)
FNDA:0,(anonymous_25)
FNDA:0,(anonymous_26)
DA:21,0
DA:28,0
DA:29,0
DA:30,0
DA:31,0
DA:34,0
DA:35,0
DA:36,0
DA:38,0
DA:42,0
DA:50,0
DA:51,0
DA:56,0
DA:58,0
DA:62,0
DA:63,0
DA:68,0
DA:69,0
DA:73,0
DA:80,0
DA:81,0
DA:86,0
DA:93,0
DA:94,0
DA:100,0
DA:107,0
DA:109,0
DA:110,0
DA:115,0
DA:116,0
DA:119,0
DA:120,0
DA:124,0
DA:125,0
DA:126,0
DA:140,0
DA:141,0
DA:142,0
DA:144,0
DA:161,0
DA:162,0
DA:163,0
DA:166,0
DA:167,0
DA:175,0
DA:176,0
DA:184,0
DA:185,0
DA:186,0
DA:194,0
DA:195,0
DA:196,0
DA:204,0
DA:205,0
DA:207,0
DA:208,0
DA:215,0
DA:226,0
DA:233,0
DA:240,0
DA:251,0
DA:253,0
DA:256,0
DA:259,0
DA:263,0
DA:266,0
DA:269,0
DA:277,0
DA:280,0
DA:283,0
DA:286,0
DA:289,0
DA:291,0
DA:298,0
DA:299,0
DA:301,0
DA:302,0
DA:305,0
DA:307,0
DA:310,0
DA:311,0
DA:314,0
DA:315,0
DA:316,0
DA:317,0
DA:320,0
DA:323,0
DA:326,0
LF:88
LH:0
BRDA:29,0,0,0
BRDA:29,0,1,0
BRDA:31,1,0,0
BRDA:31,1,1,0
BRDA:31,2,0,0
BRDA:31,2,1,0
BRDA:31,2,2,0
BRDA:35,3,0,0
BRDA:35,3,1,0
BRDA:51,4,0,0
BRDA:51,4,1,0
BRDA:51,4,2,0
BRDA:56,5,0,0
BRDA:56,5,1,0
BRDA:63,6,0,0
BRDA:63,6,1,0
BRDA:63,6,2,0
BRDA:68,7,0,0
BRDA:68,7,1,0
BRDA:81,8,0,0
BRDA:81,8,1,0
BRDA:81,8,2,0
BRDA:94,9,0,0
BRDA:94,9,1,0
BRDA:94,9,2,0
BRDA:94,9,3,0
BRDA:109,10,0,0
BRDA:109,10,1,0
BRDA:119,11,0,0
BRDA:119,11,1,0
BRDA:140,12,0,0
BRDA:140,12,1,0
BRDA:145,13,0,0
BRDA:145,13,1,0
BRDA:166,14,0,0
BRDA:166,14,1,0
BRDA:166,15,0,0
BRDA:166,15,1,0
BRDA:175,16,0,0
BRDA:175,16,1,0
BRDA:184,17,0,0
BRDA:184,17,1,0
BRDA:194,18,0,0
BRDA:194,18,1,0
BRDA:207,19,0,0
BRDA:207,19,1,0
BRDA:207,20,0,0
BRDA:207,20,1,0
BRDA:226,21,0,0
BRDA:226,21,1,0
BRDA:242,22,0,0
BRDA:242,22,1,0
BRDA:251,23,0,0
BRDA:251,23,1,0
BRDA:253,24,0,0
BRDA:253,24,1,0
BRDA:253,24,2,0
BRDA:253,24,3,0
BRDA:253,24,4,0
BRDA:253,24,5,0
BRDA:253,24,6,0
BRDA:256,25,0,0
BRDA:256,25,1,0
BRDA:263,26,0,0
BRDA:263,26,1,0
BRDA:266,27,0,0
BRDA:266,27,1,0
BRDA:269,28,0,0
BRDA:269,28,1,0
BRDA:269,28,2,0
BRDA:280,29,0,0
BRDA:280,29,1,0
BRDA:283,30,0,0
BRDA:283,30,1,0
BRDA:286,31,0,0
BRDA:286,31,1,0
BRDA:289,32,0,0
BRDA:289,32,1,0
BRDA:301,33,0,0
BRDA:301,33,1,0
BRDA:305,34,0,0
BRDA:305,34,1,0
BRDA:305,34,2,0
BRDA:305,34,3,0
BRDA:305,34,4,0
BRDA:305,34,5,0
BRDA:307,35,0,0
BRDA:307,35,1,0
BRDA:317,36,0,0
BRDA:317,36,1,0
BRF:90
BRH:0
end_of_record
TN:
SF:src/theme/theme.ts
FN:633,(anonymous_0)
FNF:1
FNH:0
FNDA:0,(anonymous_0)
DA:27,4
DA:64,4
DA:79,4
DA:156,4
DA:441,4
DA:515,4
DA:630,4
DA:633,4
DA:634,0
LF:9
LH:8
BRF:0
BRH:0
end_of_record
TN:
SF:src/types/pdf.ts
FNF:0
FNH:0
LF:0
LH:0
BRF:0
BRH:0
end_of_record
TN:
SF:src/utils/microInteractions.ts
FN:201,(anonymous_0)
FN:260,(anonymous_1)
FN:274,(anonymous_2)
FN:285,(anonymous_3)
FN:293,(anonymous_4)
FN:306,(anonymous_5)
FN:311,(anonymous_6)
FNF:7
FNH:0
FNDA:0,(anonymous_0)
FNDA:0,(anonymous_1)
FNDA:0,(anonymous_2)
FNDA:0,(anonymous_3)
FNDA:0,(anonymous_4)
FNDA:0,(anonymous_5)
FNDA:0,(anonymous_6)
DA:5,1
DA:145,1
DA:201,0
DA:258,1
DA:260,0
DA:274,0
DA:285,0
DA:294,0
DA:296,0
DA:297,0
DA:302,0
DA:306,0
DA:311,0
DA:318,1
DA:346,1
LF:15
LH:5
BRDA:201,0,0,0
BRDA:260,1,0,0
BRDA:260,2,0,0
BRDA:274,3,0,0
BRDA:274,4,0,0
BRDA:285,5,0,0
BRDA:285,6,0,0
BRDA:293,7,0,0
BRDA:293,8,0,0
BRDA:306,9,0,0
BRDA:311,10,0,0
BRDA:312,11,0,0
BRDA:312,11,1,0
BRF:13
BRH:0
end_of_record
